[2024-01-31T00:00:34.695+0000] {taskinstance.py:1957} INFO - Dependencies all met for dep_context=non-requeueable deps ti=<TaskInstance: yellow_cabs_dag.yellow_cabs_upload scheduled__2024-01-30T00:00:00+00:00 [queued]>
[2024-01-31T00:00:34.699+0000] {taskinstance.py:1957} INFO - Dependencies all met for dep_context=requeueable deps ti=<TaskInstance: yellow_cabs_dag.yellow_cabs_upload scheduled__2024-01-30T00:00:00+00:00 [queued]>
[2024-01-31T00:00:34.699+0000] {taskinstance.py:2171} INFO - Starting attempt 1 of 1
[2024-01-31T00:00:34.704+0000] {taskinstance.py:2192} INFO - Executing <Task(PythonOperator): yellow_cabs_upload> on 2024-01-30 00:00:00+00:00
[2024-01-31T00:00:34.706+0000] {standard_task_runner.py:60} INFO - Started process 3121 to run task
[2024-01-31T00:00:34.708+0000] {standard_task_runner.py:87} INFO - Running: ['***', 'tasks', 'run', 'yellow_cabs_dag', 'yellow_cabs_upload', 'scheduled__2024-01-30T00:00:00+00:00', '--job-id', '195', '--raw', '--subdir', 'DAGS_FOLDER/yellow_cabs_project.py', '--cfg-path', '/tmp/tmpkoey6178']
[2024-01-31T00:00:34.710+0000] {standard_task_runner.py:88} INFO - Job 195: Subtask yellow_cabs_upload
[2024-01-31T00:00:34.730+0000] {task_command.py:423} INFO - Running <TaskInstance: yellow_cabs_dag.yellow_cabs_upload scheduled__2024-01-30T00:00:00+00:00 [running]> on host 2710995934d7
[2024-01-31T00:00:34.887+0000] {taskinstance.py:2481} INFO - Exporting env vars: AIRFLOW_CTX_DAG_OWNER='***' AIRFLOW_CTX_DAG_ID='yellow_cabs_dag' AIRFLOW_CTX_TASK_ID='yellow_cabs_upload' AIRFLOW_CTX_EXECUTION_DATE='2024-01-30T00:00:00+00:00' AIRFLOW_CTX_TRY_NUMBER='1' AIRFLOW_CTX_DAG_RUN_ID='scheduled__2024-01-30T00:00:00+00:00'
[2024-01-31T00:00:42.035+0000] {local_task_job_runner.py:234} INFO - Task exited with return code -9
[2024-01-31T00:00:42.191+0000] {taskinstance.py:3281} INFO - 0 downstream tasks scheduled from follow-on schedule check
[2024-01-31T18:15:44.024+0000] {taskinstance.py:1957} INFO - Dependencies all met for dep_context=non-requeueable deps ti=<TaskInstance: yellow_cabs_dag.yellow_cabs_upload scheduled__2024-01-30T00:00:00+00:00 [queued]>
[2024-01-31T18:15:44.055+0000] {taskinstance.py:1957} INFO - Dependencies all met for dep_context=requeueable deps ti=<TaskInstance: yellow_cabs_dag.yellow_cabs_upload scheduled__2024-01-30T00:00:00+00:00 [queued]>
[2024-01-31T18:15:44.055+0000] {taskinstance.py:2171} INFO - Starting attempt 1 of 1
[2024-01-31T18:15:44.071+0000] {taskinstance.py:2192} INFO - Executing <Task(PythonOperator): yellow_cabs_upload> on 2024-01-30 00:00:00+00:00
[2024-01-31T18:15:44.077+0000] {standard_task_runner.py:60} INFO - Started process 100 to run task
[2024-01-31T18:15:44.080+0000] {standard_task_runner.py:87} INFO - Running: ['***', 'tasks', 'run', 'yellow_cabs_dag', 'yellow_cabs_upload', 'scheduled__2024-01-30T00:00:00+00:00', '--job-id', '7', '--raw', '--subdir', 'DAGS_FOLDER/yellow_cabs_project.py', '--cfg-path', '/tmp/tmpfud0ik47']
[2024-01-31T18:15:44.085+0000] {standard_task_runner.py:88} INFO - Job 7: Subtask yellow_cabs_upload
[2024-01-31T18:15:44.128+0000] {task_command.py:423} INFO - Running <TaskInstance: yellow_cabs_dag.yellow_cabs_upload scheduled__2024-01-30T00:00:00+00:00 [running]> on host 8ff05e883b9e
[2024-01-31T18:15:45.181+0000] {taskinstance.py:2481} INFO - Exporting env vars: AIRFLOW_CTX_DAG_OWNER='***' AIRFLOW_CTX_DAG_ID='yellow_cabs_dag' AIRFLOW_CTX_TASK_ID='yellow_cabs_upload' AIRFLOW_CTX_EXECUTION_DATE='2024-01-30T00:00:00+00:00' AIRFLOW_CTX_TRY_NUMBER='1' AIRFLOW_CTX_DAG_RUN_ID='scheduled__2024-01-30T00:00:00+00:00'
[2024-01-31T18:16:00.381+0000] {local_task_job_runner.py:234} INFO - Task exited with return code -9
[2024-01-31T18:16:00.629+0000] {taskinstance.py:3281} INFO - 0 downstream tasks scheduled from follow-on schedule check
[2024-01-31T21:58:10.620+0000] {taskinstance.py:1957} INFO - Dependencies all met for dep_context=non-requeueable deps ti=<TaskInstance: yellow_cabs_dag.yellow_cabs_upload scheduled__2024-01-30T00:00:00+00:00 [queued]>
[2024-01-31T21:58:10.627+0000] {taskinstance.py:1957} INFO - Dependencies all met for dep_context=requeueable deps ti=<TaskInstance: yellow_cabs_dag.yellow_cabs_upload scheduled__2024-01-30T00:00:00+00:00 [queued]>
[2024-01-31T21:58:10.628+0000] {taskinstance.py:2171} INFO - Starting attempt 1 of 1
[2024-01-31T21:58:10.941+0000] {taskinstance.py:2192} INFO - Executing <Task(PythonOperator): yellow_cabs_upload> on 2024-01-30 00:00:00+00:00
[2024-01-31T21:58:10.945+0000] {standard_task_runner.py:60} INFO - Started process 76 to run task
[2024-01-31T21:58:10.949+0000] {standard_task_runner.py:87} INFO - Running: ['***', 'tasks', 'run', 'yellow_cabs_dag', 'yellow_cabs_upload', 'scheduled__2024-01-30T00:00:00+00:00', '--job-id', '5', '--raw', '--subdir', 'DAGS_FOLDER/yellow_cabs_project.py', '--cfg-path', '/tmp/tmpf10cpx59']
[2024-01-31T21:58:10.953+0000] {standard_task_runner.py:88} INFO - Job 5: Subtask yellow_cabs_upload
[2024-01-31T21:58:10.988+0000] {task_command.py:423} INFO - Running <TaskInstance: yellow_cabs_dag.yellow_cabs_upload scheduled__2024-01-30T00:00:00+00:00 [running]> on host d6a8637ce3ab
[2024-01-31T21:58:11.032+0000] {taskinstance.py:2481} INFO - Exporting env vars: AIRFLOW_CTX_DAG_OWNER='***' AIRFLOW_CTX_DAG_ID='yellow_cabs_dag' AIRFLOW_CTX_TASK_ID='yellow_cabs_upload' AIRFLOW_CTX_EXECUTION_DATE='2024-01-30T00:00:00+00:00' AIRFLOW_CTX_TRY_NUMBER='1' AIRFLOW_CTX_DAG_RUN_ID='scheduled__2024-01-30T00:00:00+00:00'
[2024-01-31T21:58:27.227+0000] {local_task_job_runner.py:234} INFO - Task exited with return code -9
[2024-01-31T21:58:27.330+0000] {taskinstance.py:3281} INFO - 0 downstream tasks scheduled from follow-on schedule check
[2024-02-02T19:22:04.101+0000] {taskinstance.py:1957} INFO - Dependencies all met for dep_context=non-requeueable deps ti=<TaskInstance: yellow_cabs_dag.yellow_cabs_upload scheduled__2024-01-30T00:00:00+00:00 [queued]>
[2024-02-02T19:22:04.161+0000] {taskinstance.py:1957} INFO - Dependencies all met for dep_context=requeueable deps ti=<TaskInstance: yellow_cabs_dag.yellow_cabs_upload scheduled__2024-01-30T00:00:00+00:00 [queued]>
[2024-02-02T19:22:04.165+0000] {taskinstance.py:2171} INFO - Starting attempt 1 of 1
[2024-02-02T19:22:04.249+0000] {taskinstance.py:2192} INFO - Executing <Task(PythonOperator): yellow_cabs_upload> on 2024-01-30 00:00:00+00:00
[2024-02-02T19:22:04.291+0000] {standard_task_runner.py:60} INFO - Started process 80 to run task
[2024-02-02T19:22:04.333+0000] {standard_task_runner.py:87} INFO - Running: ['***', 'tasks', 'run', 'yellow_cabs_dag', 'yellow_cabs_upload', 'scheduled__2024-01-30T00:00:00+00:00', '--job-id', '6', '--raw', '--subdir', 'DAGS_FOLDER/yellow_cabs_project.py', '--cfg-path', '/tmp/tmprl12ttys']
[2024-02-02T19:22:04.392+0000] {standard_task_runner.py:88} INFO - Job 6: Subtask yellow_cabs_upload
[2024-02-02T19:22:04.609+0000] {task_command.py:423} INFO - Running <TaskInstance: yellow_cabs_dag.yellow_cabs_upload scheduled__2024-01-30T00:00:00+00:00 [running]> on host 66814aa8a277
[2024-02-02T19:22:11.344+0000] {taskinstance.py:2481} INFO - Exporting env vars: AIRFLOW_CTX_DAG_OWNER='***' AIRFLOW_CTX_DAG_ID='yellow_cabs_dag' AIRFLOW_CTX_TASK_ID='yellow_cabs_upload' AIRFLOW_CTX_EXECUTION_DATE='2024-01-30T00:00:00+00:00' AIRFLOW_CTX_TRY_NUMBER='1' AIRFLOW_CTX_DAG_RUN_ID='scheduled__2024-01-30T00:00:00+00:00'
[2024-02-02T19:22:36.371+0000] {taskinstance.py:2699} ERROR - Task failed with exception
Traceback (most recent call last):
  File "/home/airflow/.local/lib/python3.8/site-packages/airflow/models/taskinstance.py", line 433, in _execute_task
    result = execute_callable(context=context, **execute_callable_kwargs)
  File "/home/airflow/.local/lib/python3.8/site-packages/airflow/operators/python.py", line 199, in execute
    return_value = self.execute_callable()
  File "/home/airflow/.local/lib/python3.8/site-packages/airflow/operators/python.py", line 216, in execute_callable
    return self.python_callable(*self.op_args, **self.op_kwargs)
  File "/opt/airflow/dags/yellow_cabs_project.py", line 26, in yellow_cabs_upload
    merged_table = pq.read_table("merged_data.parquet")
  File "/home/airflow/.local/lib/python3.8/site-packages/pyarrow/parquet/core.py", line 2973, in read_table
    return dataset.read(columns=columns, use_threads=use_threads,
  File "/home/airflow/.local/lib/python3.8/site-packages/pyarrow/parquet/core.py", line 2601, in read
    table = self._dataset.to_table(
  File "pyarrow/_dataset.pyx", line 369, in pyarrow._dataset.Dataset.to_table
  File "pyarrow/_dataset.pyx", line 2818, in pyarrow._dataset.Scanner.to_table
  File "pyarrow/error.pxi", line 144, in pyarrow.lib.pyarrow_internal_check_status
  File "pyarrow/error.pxi", line 115, in pyarrow.lib.check_status
OSError: Corrupt snappy compressed data.
[2024-02-02T19:22:36.436+0000] {taskinstance.py:1138} INFO - Marking task as FAILED. dag_id=yellow_cabs_dag, task_id=yellow_cabs_upload, execution_date=20240130T000000, start_date=20240202T192204, end_date=20240202T192236
[2024-02-02T19:22:36.457+0000] {standard_task_runner.py:107} ERROR - Failed to execute job 6 for task yellow_cabs_upload (Corrupt snappy compressed data.; 80)
[2024-02-02T19:22:36.539+0000] {local_task_job_runner.py:234} INFO - Task exited with return code 1
[2024-02-02T19:22:37.643+0000] {taskinstance.py:3281} INFO - 0 downstream tasks scheduled from follow-on schedule check
