[2024-01-29T18:41:20.780+0000] {taskinstance.py:1957} INFO - Dependencies all met for dep_context=non-requeueable deps ti=<TaskInstance: yellow_cabs_dag.yellow_cabs_upload scheduled__2024-01-21T00:00:00+00:00 [queued]>
[2024-01-29T18:41:20.811+0000] {taskinstance.py:1957} INFO - Dependencies all met for dep_context=requeueable deps ti=<TaskInstance: yellow_cabs_dag.yellow_cabs_upload scheduled__2024-01-21T00:00:00+00:00 [queued]>
[2024-01-29T18:41:20.811+0000] {taskinstance.py:2171} INFO - Starting attempt 1 of 1
[2024-01-29T18:41:20.826+0000] {taskinstance.py:2192} INFO - Executing <Task(PythonOperator): yellow_cabs_upload> on 2024-01-21 00:00:00+00:00
[2024-01-29T18:41:20.859+0000] {standard_task_runner.py:60} INFO - Started process 113 to run task
[2024-01-29T18:41:20.890+0000] {standard_task_runner.py:87} INFO - Running: ['***', 'tasks', 'run', 'yellow_cabs_dag', 'yellow_cabs_upload', 'scheduled__2024-01-21T00:00:00+00:00', '--job-id', '9', '--raw', '--subdir', 'DAGS_FOLDER/yellow_cabs_project.py', '--cfg-path', '/tmp/tmpgtd5ha6o']
[2024-01-29T18:41:20.906+0000] {standard_task_runner.py:88} INFO - Job 9: Subtask yellow_cabs_upload
[2024-01-29T18:41:22.795+0000] {task_command.py:423} INFO - Running <TaskInstance: yellow_cabs_dag.yellow_cabs_upload scheduled__2024-01-21T00:00:00+00:00 [running]> on host d8c0631e3b56
[2024-01-29T18:41:22.833+0000] {taskinstance.py:2481} INFO - Exporting env vars: AIRFLOW_CTX_DAG_OWNER='***' AIRFLOW_CTX_DAG_ID='yellow_cabs_dag' AIRFLOW_CTX_TASK_ID='yellow_cabs_upload' AIRFLOW_CTX_EXECUTION_DATE='2024-01-21T00:00:00+00:00' AIRFLOW_CTX_TRY_NUMBER='1' AIRFLOW_CTX_DAG_RUN_ID='scheduled__2024-01-21T00:00:00+00:00'
[2024-01-29T18:42:45.313+0000] {taskinstance.py:2699} ERROR - Task failed with exception
Traceback (most recent call last):
  File "/home/airflow/.local/lib/python3.8/site-packages/airflow/models/taskinstance.py", line 433, in _execute_task
    result = execute_callable(context=context, **execute_callable_kwargs)
  File "/home/airflow/.local/lib/python3.8/site-packages/airflow/operators/python.py", line 199, in execute
    return_value = self.execute_callable()
  File "/home/airflow/.local/lib/python3.8/site-packages/airflow/operators/python.py", line 216, in execute_callable
    return self.python_callable(*self.op_args, **self.op_kwargs)
  File "/opt/airflow/dags/yellow_cabs_project.py", line 42, in yellow_cabs_upload
    merged_table.to_sql('yellow_cabs_table', con=db, if_exists='append', index=False)
AttributeError: 'pyarrow.lib.Table' object has no attribute 'to_sql'
[2024-01-29T18:42:45.337+0000] {taskinstance.py:1138} INFO - Marking task as FAILED. dag_id=yellow_cabs_dag, task_id=yellow_cabs_upload, execution_date=20240121T000000, start_date=20240129T184120, end_date=20240129T184245
[2024-01-29T18:42:45.385+0000] {standard_task_runner.py:107} ERROR - Failed to execute job 9 for task yellow_cabs_upload ('pyarrow.lib.Table' object has no attribute 'to_sql'; 113)
[2024-01-29T18:42:45.505+0000] {local_task_job_runner.py:234} INFO - Task exited with return code 1
[2024-01-29T18:42:45.636+0000] {taskinstance.py:3281} INFO - 0 downstream tasks scheduled from follow-on schedule check
[2024-01-29T20:49:21.997+0000] {taskinstance.py:1957} INFO - Dependencies all met for dep_context=non-requeueable deps ti=<TaskInstance: yellow_cabs_dag.yellow_cabs_upload scheduled__2024-01-21T00:00:00+00:00 [queued]>
[2024-01-29T20:49:22.015+0000] {taskinstance.py:1957} INFO - Dependencies all met for dep_context=requeueable deps ti=<TaskInstance: yellow_cabs_dag.yellow_cabs_upload scheduled__2024-01-21T00:00:00+00:00 [queued]>
[2024-01-29T20:49:22.016+0000] {taskinstance.py:2171} INFO - Starting attempt 1 of 1
[2024-01-29T20:49:22.042+0000] {taskinstance.py:2192} INFO - Executing <Task(PythonOperator): yellow_cabs_upload> on 2024-01-21 00:00:00+00:00
[2024-01-29T20:49:22.052+0000] {standard_task_runner.py:60} INFO - Started process 86 to run task
[2024-01-29T20:49:22.069+0000] {standard_task_runner.py:87} INFO - Running: ['***', 'tasks', 'run', 'yellow_cabs_dag', 'yellow_cabs_upload', 'scheduled__2024-01-21T00:00:00+00:00', '--job-id', '5', '--raw', '--subdir', 'DAGS_FOLDER/yellow_cabs_project.py', '--cfg-path', '/tmp/tmpd8pow596']
[2024-01-29T20:49:22.076+0000] {standard_task_runner.py:88} INFO - Job 5: Subtask yellow_cabs_upload
[2024-01-29T20:49:22.163+0000] {task_command.py:423} INFO - Running <TaskInstance: yellow_cabs_dag.yellow_cabs_upload scheduled__2024-01-21T00:00:00+00:00 [running]> on host f4e12904d8b2
[2024-01-29T20:49:24.807+0000] {taskinstance.py:2481} INFO - Exporting env vars: AIRFLOW_CTX_DAG_OWNER='***' AIRFLOW_CTX_DAG_ID='yellow_cabs_dag' AIRFLOW_CTX_TASK_ID='yellow_cabs_upload' AIRFLOW_CTX_EXECUTION_DATE='2024-01-21T00:00:00+00:00' AIRFLOW_CTX_TRY_NUMBER='1' AIRFLOW_CTX_DAG_RUN_ID='scheduled__2024-01-21T00:00:00+00:00'
[2024-01-29T20:50:10.703+0000] {local_task_job_runner.py:234} INFO - Task exited with return code -9
[2024-01-29T20:50:14.439+0000] {taskinstance.py:3281} INFO - 0 downstream tasks scheduled from follow-on schedule check
