[2024-01-29T18:41:20.792+0000] {taskinstance.py:1957} INFO - Dependencies all met for dep_context=non-requeueable deps ti=<TaskInstance: yellow_cabs_dag.yellow_cabs_upload scheduled__2024-01-23T00:00:00+00:00 [queued]>
[2024-01-29T18:41:20.804+0000] {taskinstance.py:1957} INFO - Dependencies all met for dep_context=requeueable deps ti=<TaskInstance: yellow_cabs_dag.yellow_cabs_upload scheduled__2024-01-23T00:00:00+00:00 [queued]>
[2024-01-29T18:41:20.806+0000] {taskinstance.py:2171} INFO - Starting attempt 1 of 1
[2024-01-29T18:41:20.821+0000] {taskinstance.py:2192} INFO - Executing <Task(PythonOperator): yellow_cabs_upload> on 2024-01-23 00:00:00+00:00
[2024-01-29T18:41:20.829+0000] {standard_task_runner.py:60} INFO - Started process 112 to run task
[2024-01-29T18:41:20.847+0000] {standard_task_runner.py:87} INFO - Running: ['***', 'tasks', 'run', 'yellow_cabs_dag', 'yellow_cabs_upload', 'scheduled__2024-01-23T00:00:00+00:00', '--job-id', '8', '--raw', '--subdir', 'DAGS_FOLDER/yellow_cabs_project.py', '--cfg-path', '/tmp/tmpmba70pxu']
[2024-01-29T18:41:20.869+0000] {standard_task_runner.py:88} INFO - Job 8: Subtask yellow_cabs_upload
[2024-01-29T18:41:22.542+0000] {task_command.py:423} INFO - Running <TaskInstance: yellow_cabs_dag.yellow_cabs_upload scheduled__2024-01-23T00:00:00+00:00 [running]> on host d8c0631e3b56
[2024-01-29T18:41:22.630+0000] {taskinstance.py:2481} INFO - Exporting env vars: AIRFLOW_CTX_DAG_OWNER='***' AIRFLOW_CTX_DAG_ID='yellow_cabs_dag' AIRFLOW_CTX_TASK_ID='yellow_cabs_upload' AIRFLOW_CTX_EXECUTION_DATE='2024-01-23T00:00:00+00:00' AIRFLOW_CTX_TRY_NUMBER='1' AIRFLOW_CTX_DAG_RUN_ID='scheduled__2024-01-23T00:00:00+00:00'
[2024-01-29T18:42:04.772+0000] {local_task_job_runner.py:234} INFO - Task exited with return code -9
[2024-01-29T18:42:04.833+0000] {taskinstance.py:3281} INFO - 0 downstream tasks scheduled from follow-on schedule check
[2024-01-29T20:49:22.480+0000] {taskinstance.py:1957} INFO - Dependencies all met for dep_context=non-requeueable deps ti=<TaskInstance: yellow_cabs_dag.yellow_cabs_upload scheduled__2024-01-23T00:00:00+00:00 [queued]>
[2024-01-29T20:49:22.512+0000] {taskinstance.py:1957} INFO - Dependencies all met for dep_context=requeueable deps ti=<TaskInstance: yellow_cabs_dag.yellow_cabs_upload scheduled__2024-01-23T00:00:00+00:00 [queued]>
[2024-01-29T20:49:22.541+0000] {taskinstance.py:2171} INFO - Starting attempt 1 of 1
[2024-01-29T20:49:22.588+0000] {taskinstance.py:2192} INFO - Executing <Task(PythonOperator): yellow_cabs_upload> on 2024-01-23 00:00:00+00:00
[2024-01-29T20:49:22.638+0000] {standard_task_runner.py:60} INFO - Started process 91 to run task
[2024-01-29T20:49:22.683+0000] {standard_task_runner.py:87} INFO - Running: ['***', 'tasks', 'run', 'yellow_cabs_dag', 'yellow_cabs_upload', 'scheduled__2024-01-23T00:00:00+00:00', '--job-id', '9', '--raw', '--subdir', 'DAGS_FOLDER/yellow_cabs_project.py', '--cfg-path', '/tmp/tmpeks4eko1']
[2024-01-29T20:49:22.720+0000] {standard_task_runner.py:88} INFO - Job 9: Subtask yellow_cabs_upload
[2024-01-29T20:49:22.962+0000] {task_command.py:423} INFO - Running <TaskInstance: yellow_cabs_dag.yellow_cabs_upload scheduled__2024-01-23T00:00:00+00:00 [running]> on host f4e12904d8b2
[2024-01-29T20:49:29.632+0000] {taskinstance.py:2481} INFO - Exporting env vars: AIRFLOW_CTX_DAG_OWNER='***' AIRFLOW_CTX_DAG_ID='yellow_cabs_dag' AIRFLOW_CTX_TASK_ID='yellow_cabs_upload' AIRFLOW_CTX_EXECUTION_DATE='2024-01-23T00:00:00+00:00' AIRFLOW_CTX_TRY_NUMBER='1' AIRFLOW_CTX_DAG_RUN_ID='scheduled__2024-01-23T00:00:00+00:00'
[2024-01-29T20:50:13.294+0000] {local_task_job_runner.py:234} INFO - Task exited with return code -9
[2024-01-29T20:50:14.563+0000] {taskinstance.py:3281} INFO - 0 downstream tasks scheduled from follow-on schedule check
