[2024-01-29T18:41:20.770+0000] {taskinstance.py:1957} INFO - Dependencies all met for dep_context=non-requeueable deps ti=<TaskInstance: yellow_cabs_dag.yellow_cabs_upload scheduled__2024-01-27T00:00:00+00:00 [queued]>
[2024-01-29T18:41:20.787+0000] {taskinstance.py:1957} INFO - Dependencies all met for dep_context=requeueable deps ti=<TaskInstance: yellow_cabs_dag.yellow_cabs_upload scheduled__2024-01-27T00:00:00+00:00 [queued]>
[2024-01-29T18:41:20.790+0000] {taskinstance.py:2171} INFO - Starting attempt 1 of 1
[2024-01-29T18:41:20.821+0000] {taskinstance.py:2192} INFO - Executing <Task(PythonOperator): yellow_cabs_upload> on 2024-01-27 00:00:00+00:00
[2024-01-29T18:41:20.825+0000] {standard_task_runner.py:60} INFO - Started process 111 to run task
[2024-01-29T18:41:20.840+0000] {standard_task_runner.py:87} INFO - Running: ['***', 'tasks', 'run', 'yellow_cabs_dag', 'yellow_cabs_upload', 'scheduled__2024-01-27T00:00:00+00:00', '--job-id', '10', '--raw', '--subdir', 'DAGS_FOLDER/yellow_cabs_project.py', '--cfg-path', '/tmp/tmpzsyopwqk']
[2024-01-29T18:41:20.847+0000] {standard_task_runner.py:88} INFO - Job 10: Subtask yellow_cabs_upload
[2024-01-29T18:41:20.996+0000] {task_command.py:423} INFO - Running <TaskInstance: yellow_cabs_dag.yellow_cabs_upload scheduled__2024-01-27T00:00:00+00:00 [running]> on host d8c0631e3b56
[2024-01-29T18:41:22.020+0000] {taskinstance.py:2481} INFO - Exporting env vars: AIRFLOW_CTX_DAG_OWNER='***' AIRFLOW_CTX_DAG_ID='yellow_cabs_dag' AIRFLOW_CTX_TASK_ID='yellow_cabs_upload' AIRFLOW_CTX_EXECUTION_DATE='2024-01-27T00:00:00+00:00' AIRFLOW_CTX_TRY_NUMBER='1' AIRFLOW_CTX_DAG_RUN_ID='scheduled__2024-01-27T00:00:00+00:00'
[2024-01-29T18:42:07.501+0000] {local_task_job_runner.py:234} INFO - Task exited with return code -9
[2024-01-29T18:42:07.959+0000] {taskinstance.py:3281} INFO - 0 downstream tasks scheduled from follow-on schedule check
[2024-01-29T20:49:22.859+0000] {taskinstance.py:1957} INFO - Dependencies all met for dep_context=non-requeueable deps ti=<TaskInstance: yellow_cabs_dag.yellow_cabs_upload scheduled__2024-01-27T00:00:00+00:00 [queued]>
[2024-01-29T20:49:22.950+0000] {taskinstance.py:1957} INFO - Dependencies all met for dep_context=requeueable deps ti=<TaskInstance: yellow_cabs_dag.yellow_cabs_upload scheduled__2024-01-27T00:00:00+00:00 [queued]>
[2024-01-29T20:49:22.955+0000] {taskinstance.py:2171} INFO - Starting attempt 1 of 1
[2024-01-29T20:49:22.993+0000] {taskinstance.py:2192} INFO - Executing <Task(PythonOperator): yellow_cabs_upload> on 2024-01-27 00:00:00+00:00
[2024-01-29T20:49:23.009+0000] {standard_task_runner.py:60} INFO - Started process 93 to run task
[2024-01-29T20:49:23.024+0000] {standard_task_runner.py:87} INFO - Running: ['***', 'tasks', 'run', 'yellow_cabs_dag', 'yellow_cabs_upload', 'scheduled__2024-01-27T00:00:00+00:00', '--job-id', '12', '--raw', '--subdir', 'DAGS_FOLDER/yellow_cabs_project.py', '--cfg-path', '/tmp/tmp4w7kj774']
[2024-01-29T20:49:23.040+0000] {standard_task_runner.py:88} INFO - Job 12: Subtask yellow_cabs_upload
[2024-01-29T20:49:23.127+0000] {task_command.py:423} INFO - Running <TaskInstance: yellow_cabs_dag.yellow_cabs_upload scheduled__2024-01-27T00:00:00+00:00 [running]> on host f4e12904d8b2
[2024-01-29T20:49:29.195+0000] {taskinstance.py:2481} INFO - Exporting env vars: AIRFLOW_CTX_DAG_OWNER='***' AIRFLOW_CTX_DAG_ID='yellow_cabs_dag' AIRFLOW_CTX_TASK_ID='yellow_cabs_upload' AIRFLOW_CTX_EXECUTION_DATE='2024-01-27T00:00:00+00:00' AIRFLOW_CTX_TRY_NUMBER='1' AIRFLOW_CTX_DAG_RUN_ID='scheduled__2024-01-27T00:00:00+00:00'
[2024-01-29T20:50:05.550+0000] {local_task_job_runner.py:234} INFO - Task exited with return code -9
[2024-01-29T20:50:05.953+0000] {taskinstance.py:3281} INFO - 0 downstream tasks scheduled from follow-on schedule check
[2024-01-29T21:32:00.694+0000] {taskinstance.py:1957} INFO - Dependencies all met for dep_context=non-requeueable deps ti=<TaskInstance: yellow_cabs_dag.yellow_cabs_upload scheduled__2024-01-27T00:00:00+00:00 [queued]>
[2024-01-29T21:32:00.699+0000] {taskinstance.py:1957} INFO - Dependencies all met for dep_context=requeueable deps ti=<TaskInstance: yellow_cabs_dag.yellow_cabs_upload scheduled__2024-01-27T00:00:00+00:00 [queued]>
[2024-01-29T21:32:00.700+0000] {taskinstance.py:2171} INFO - Starting attempt 1 of 1
[2024-01-29T21:32:00.708+0000] {taskinstance.py:2192} INFO - Executing <Task(PythonOperator): yellow_cabs_upload> on 2024-01-27 00:00:00+00:00
[2024-01-29T21:32:00.716+0000] {standard_task_runner.py:60} INFO - Started process 113 to run task
[2024-01-29T21:32:00.719+0000] {standard_task_runner.py:87} INFO - Running: ['***', 'tasks', 'run', 'yellow_cabs_dag', 'yellow_cabs_upload', 'scheduled__2024-01-27T00:00:00+00:00', '--job-id', '4', '--raw', '--subdir', 'DAGS_FOLDER/yellow_cabs_project.py', '--cfg-path', '/tmp/tmpqh_b5c0g']
[2024-01-29T21:32:00.722+0000] {standard_task_runner.py:88} INFO - Job 4: Subtask yellow_cabs_upload
[2024-01-29T21:32:00.754+0000] {task_command.py:423} INFO - Running <TaskInstance: yellow_cabs_dag.yellow_cabs_upload scheduled__2024-01-27T00:00:00+00:00 [running]> on host 1a201666147c
[2024-01-29T21:32:00.803+0000] {taskinstance.py:2481} INFO - Exporting env vars: AIRFLOW_CTX_DAG_OWNER='***' AIRFLOW_CTX_DAG_ID='yellow_cabs_dag' AIRFLOW_CTX_TASK_ID='yellow_cabs_upload' AIRFLOW_CTX_EXECUTION_DATE='2024-01-27T00:00:00+00:00' AIRFLOW_CTX_TRY_NUMBER='1' AIRFLOW_CTX_DAG_RUN_ID='scheduled__2024-01-27T00:00:00+00:00'
[2024-01-29T21:32:51.549+0000] {local_task_job_runner.py:234} INFO - Task exited with return code -9
[2024-01-29T21:32:51.582+0000] {taskinstance.py:3281} INFO - 0 downstream tasks scheduled from follow-on schedule check
