[2024-02-06T21:30:57.060+0000] {taskinstance.py:1957} INFO - Dependencies all met for dep_context=non-requeueable deps ti=<TaskInstance: yellow_cabs_dag.yellow_cabs_upload manual__2024-02-06T21:30:55.874745+00:00 [queued]>
[2024-02-06T21:30:57.065+0000] {taskinstance.py:1957} INFO - Dependencies all met for dep_context=requeueable deps ti=<TaskInstance: yellow_cabs_dag.yellow_cabs_upload manual__2024-02-06T21:30:55.874745+00:00 [queued]>
[2024-02-06T21:30:57.065+0000] {taskinstance.py:2171} INFO - Starting attempt 1 of 1
[2024-02-06T21:30:57.070+0000] {taskinstance.py:2192} INFO - Executing <Task(PythonOperator): yellow_cabs_upload> on 2024-02-06 21:30:55.874745+00:00
[2024-02-06T21:30:57.073+0000] {standard_task_runner.py:60} INFO - Started process 859 to run task
[2024-02-06T21:30:57.075+0000] {standard_task_runner.py:87} INFO - Running: ['***', 'tasks', 'run', 'yellow_cabs_dag', 'yellow_cabs_upload', 'manual__2024-02-06T21:30:55.874745+00:00', '--job-id', '18', '--raw', '--subdir', 'DAGS_FOLDER/yellow_cabs_project.py', '--cfg-path', '/tmp/tmpgb6d8k0b']
[2024-02-06T21:30:57.077+0000] {standard_task_runner.py:88} INFO - Job 18: Subtask yellow_cabs_upload
[2024-02-06T21:30:57.259+0000] {task_command.py:423} INFO - Running <TaskInstance: yellow_cabs_dag.yellow_cabs_upload manual__2024-02-06T21:30:55.874745+00:00 [running]> on host 49b06be5e1b6
[2024-02-06T21:30:57.290+0000] {taskinstance.py:2481} INFO - Exporting env vars: AIRFLOW_CTX_DAG_OWNER='***' AIRFLOW_CTX_DAG_ID='yellow_cabs_dag' AIRFLOW_CTX_TASK_ID='yellow_cabs_upload' AIRFLOW_CTX_EXECUTION_DATE='2024-02-06T21:30:55.874745+00:00' AIRFLOW_CTX_TRY_NUMBER='1' AIRFLOW_CTX_DAG_RUN_ID='manual__2024-02-06T21:30:55.874745+00:00'
[2024-02-06T21:31:03.233+0000] {logging_mixin.py:188} INFO -    VendorID tpep_pickup_datetime  ... congestion_surcharge  airport_fee
0         1  2022-01-01 00:35:40  ...                  2.5          0.0
1         1  2022-01-01 00:33:43  ...                  0.0          0.0
2         2  2022-01-01 00:53:21  ...                  0.0          0.0
3         2  2022-01-01 00:25:21  ...                  2.5          0.0
4         2  2022-01-01 00:36:48  ...                  2.5          0.0

[5 rows x 19 columns]
[2024-02-06T21:31:03.240+0000] {python.py:201} INFO - Done. Returned value was: None
[2024-02-06T21:31:03.248+0000] {taskinstance.py:1138} INFO - Marking task as SUCCESS. dag_id=yellow_cabs_dag, task_id=yellow_cabs_upload, execution_date=20240206T213055, start_date=20240206T213057, end_date=20240206T213103
[2024-02-06T21:31:03.290+0000] {local_task_job_runner.py:234} INFO - Task exited with return code 0
[2024-02-06T21:31:03.300+0000] {taskinstance.py:3281} INFO - 0 downstream tasks scheduled from follow-on schedule check
