[2024-01-29T18:41:20.682+0000] {taskinstance.py:1957} INFO - Dependencies all met for dep_context=non-requeueable deps ti=<TaskInstance: yellow_cabs_dag.yellow_cabs_upload scheduled__2024-01-25T00:00:00+00:00 [queued]>
[2024-01-29T18:41:20.694+0000] {taskinstance.py:1957} INFO - Dependencies all met for dep_context=requeueable deps ti=<TaskInstance: yellow_cabs_dag.yellow_cabs_upload scheduled__2024-01-25T00:00:00+00:00 [queued]>
[2024-01-29T18:41:20.695+0000] {taskinstance.py:2171} INFO - Starting attempt 1 of 1
[2024-01-29T18:41:20.707+0000] {taskinstance.py:2192} INFO - Executing <Task(PythonOperator): yellow_cabs_upload> on 2024-01-25 00:00:00+00:00
[2024-01-29T18:41:20.746+0000] {standard_task_runner.py:60} INFO - Started process 108 to run task
[2024-01-29T18:41:20.762+0000] {standard_task_runner.py:87} INFO - Running: ['***', 'tasks', 'run', 'yellow_cabs_dag', 'yellow_cabs_upload', 'scheduled__2024-01-25T00:00:00+00:00', '--job-id', '4', '--raw', '--subdir', 'DAGS_FOLDER/yellow_cabs_project.py', '--cfg-path', '/tmp/tmplyp5pa80']
[2024-01-29T18:41:20.775+0000] {standard_task_runner.py:88} INFO - Job 4: Subtask yellow_cabs_upload
[2024-01-29T18:41:20.938+0000] {task_command.py:423} INFO - Running <TaskInstance: yellow_cabs_dag.yellow_cabs_upload scheduled__2024-01-25T00:00:00+00:00 [running]> on host d8c0631e3b56
[2024-01-29T18:41:22.418+0000] {taskinstance.py:2481} INFO - Exporting env vars: AIRFLOW_CTX_DAG_OWNER='***' AIRFLOW_CTX_DAG_ID='yellow_cabs_dag' AIRFLOW_CTX_TASK_ID='yellow_cabs_upload' AIRFLOW_CTX_EXECUTION_DATE='2024-01-25T00:00:00+00:00' AIRFLOW_CTX_TRY_NUMBER='1' AIRFLOW_CTX_DAG_RUN_ID='scheduled__2024-01-25T00:00:00+00:00'
[2024-01-29T18:42:06.778+0000] {local_task_job_runner.py:234} INFO - Task exited with return code -9
[2024-01-29T18:42:07.636+0000] {taskinstance.py:3281} INFO - 0 downstream tasks scheduled from follow-on schedule check
[2024-01-29T20:49:22.567+0000] {taskinstance.py:1957} INFO - Dependencies all met for dep_context=non-requeueable deps ti=<TaskInstance: yellow_cabs_dag.yellow_cabs_upload scheduled__2024-01-25T00:00:00+00:00 [queued]>
[2024-01-29T20:49:22.608+0000] {taskinstance.py:1957} INFO - Dependencies all met for dep_context=requeueable deps ti=<TaskInstance: yellow_cabs_dag.yellow_cabs_upload scheduled__2024-01-25T00:00:00+00:00 [queued]>
[2024-01-29T20:49:22.610+0000] {taskinstance.py:2171} INFO - Starting attempt 1 of 1
[2024-01-29T20:49:22.643+0000] {taskinstance.py:2192} INFO - Executing <Task(PythonOperator): yellow_cabs_upload> on 2024-01-25 00:00:00+00:00
[2024-01-29T20:49:22.652+0000] {standard_task_runner.py:60} INFO - Started process 92 to run task
[2024-01-29T20:49:22.736+0000] {standard_task_runner.py:87} INFO - Running: ['***', 'tasks', 'run', 'yellow_cabs_dag', 'yellow_cabs_upload', 'scheduled__2024-01-25T00:00:00+00:00', '--job-id', '11', '--raw', '--subdir', 'DAGS_FOLDER/yellow_cabs_project.py', '--cfg-path', '/tmp/tmp8xiwvbpm']
[2024-01-29T20:49:22.785+0000] {standard_task_runner.py:88} INFO - Job 11: Subtask yellow_cabs_upload
[2024-01-29T20:49:22.977+0000] {task_command.py:423} INFO - Running <TaskInstance: yellow_cabs_dag.yellow_cabs_upload scheduled__2024-01-25T00:00:00+00:00 [running]> on host f4e12904d8b2
[2024-01-29T20:49:29.194+0000] {taskinstance.py:2481} INFO - Exporting env vars: AIRFLOW_CTX_DAG_OWNER='***' AIRFLOW_CTX_DAG_ID='yellow_cabs_dag' AIRFLOW_CTX_TASK_ID='yellow_cabs_upload' AIRFLOW_CTX_EXECUTION_DATE='2024-01-25T00:00:00+00:00' AIRFLOW_CTX_TRY_NUMBER='1' AIRFLOW_CTX_DAG_RUN_ID='scheduled__2024-01-25T00:00:00+00:00'
[2024-01-29T20:50:33.345+0000] {local_task_job_runner.py:234} INFO - Task exited with return code -9
[2024-01-29T20:50:33.675+0000] {taskinstance.py:3281} INFO - 0 downstream tasks scheduled from follow-on schedule check
