[2024-02-13T20:25:56.046+0000] {taskinstance.py:1957} INFO - Dependencies all met for dep_context=non-requeueable deps ti=<TaskInstance: yellow_cabs_dag.yellow_cabs_upload manual__2024-02-13T20:25:54.934480+00:00 [queued]>
[2024-02-13T20:25:56.050+0000] {taskinstance.py:1957} INFO - Dependencies all met for dep_context=requeueable deps ti=<TaskInstance: yellow_cabs_dag.yellow_cabs_upload manual__2024-02-13T20:25:54.934480+00:00 [queued]>
[2024-02-13T20:25:56.050+0000] {taskinstance.py:2171} INFO - Starting attempt 1 of 1
[2024-02-13T20:25:56.055+0000] {taskinstance.py:2192} INFO - Executing <Task(PythonOperator): yellow_cabs_upload> on 2024-02-13 20:25:54.934480+00:00
[2024-02-13T20:25:56.058+0000] {standard_task_runner.py:60} INFO - Started process 298 to run task
[2024-02-13T20:25:56.060+0000] {standard_task_runner.py:87} INFO - Running: ['***', 'tasks', 'run', 'yellow_cabs_dag', 'yellow_cabs_upload', 'manual__2024-02-13T20:25:54.934480+00:00', '--job-id', '6', '--raw', '--subdir', 'DAGS_FOLDER/yellow_cabs_project.py', '--cfg-path', '/tmp/tmpgda9l4nf']
[2024-02-13T20:25:56.062+0000] {standard_task_runner.py:88} INFO - Job 6: Subtask yellow_cabs_upload
[2024-02-13T20:25:56.084+0000] {task_command.py:423} INFO - Running <TaskInstance: yellow_cabs_dag.yellow_cabs_upload manual__2024-02-13T20:25:54.934480+00:00 [running]> on host a1c403b95816
[2024-02-13T20:25:56.218+0000] {taskinstance.py:2481} INFO - Exporting env vars: AIRFLOW_CTX_DAG_OWNER='***' AIRFLOW_CTX_DAG_ID='yellow_cabs_dag' AIRFLOW_CTX_TASK_ID='yellow_cabs_upload' AIRFLOW_CTX_EXECUTION_DATE='2024-02-13T20:25:54.934480+00:00' AIRFLOW_CTX_TRY_NUMBER='1' AIRFLOW_CTX_DAG_RUN_ID='manual__2024-02-13T20:25:54.934480+00:00'
[2024-02-13T20:26:01.748+0000] {logging_mixin.py:188} INFO -    VendorID tpep_pickup_datetime  ... congestion_surcharge  airport_fee
0         1  2022-01-01 00:35:40  ...                  2.5          0.0
1         1  2022-01-01 00:33:43  ...                  0.0          0.0
2         2  2022-01-01 00:53:21  ...                  0.0          0.0
3         2  2022-01-01 00:25:21  ...                  2.5          0.0
4         2  2022-01-01 00:36:48  ...                  2.5          0.0

[5 rows x 19 columns]
[2024-02-13T20:26:14.910+0000] {python.py:201} INFO - Done. Returned value was: None
[2024-02-13T20:26:14.916+0000] {taskinstance.py:1138} INFO - Marking task as SUCCESS. dag_id=yellow_cabs_dag, task_id=yellow_cabs_upload, execution_date=20240213T202554, start_date=20240213T202556, end_date=20240213T202614
[2024-02-13T20:26:14.976+0000] {local_task_job_runner.py:234} INFO - Task exited with return code 0
[2024-02-13T20:26:15.076+0000] {taskinstance.py:3281} INFO - 0 downstream tasks scheduled from follow-on schedule check
