[2024-01-29T18:41:20.751+0000] {taskinstance.py:1957} INFO - Dependencies all met for dep_context=non-requeueable deps ti=<TaskInstance: yellow_cabs_dag.yellow_cabs_upload scheduled__2024-01-22T00:00:00+00:00 [queued]>
[2024-01-29T18:41:20.785+0000] {taskinstance.py:1957} INFO - Dependencies all met for dep_context=requeueable deps ti=<TaskInstance: yellow_cabs_dag.yellow_cabs_upload scheduled__2024-01-22T00:00:00+00:00 [queued]>
[2024-01-29T18:41:20.787+0000] {taskinstance.py:2171} INFO - Starting attempt 1 of 1
[2024-01-29T18:41:20.815+0000] {taskinstance.py:2192} INFO - Executing <Task(PythonOperator): yellow_cabs_upload> on 2024-01-22 00:00:00+00:00
[2024-01-29T18:41:20.823+0000] {standard_task_runner.py:60} INFO - Started process 110 to run task
[2024-01-29T18:41:20.831+0000] {standard_task_runner.py:87} INFO - Running: ['***', 'tasks', 'run', 'yellow_cabs_dag', 'yellow_cabs_upload', 'scheduled__2024-01-22T00:00:00+00:00', '--job-id', '6', '--raw', '--subdir', 'DAGS_FOLDER/yellow_cabs_project.py', '--cfg-path', '/tmp/tmpsx9qm_z0']
[2024-01-29T18:41:20.842+0000] {standard_task_runner.py:88} INFO - Job 6: Subtask yellow_cabs_upload
[2024-01-29T18:41:22.364+0000] {task_command.py:423} INFO - Running <TaskInstance: yellow_cabs_dag.yellow_cabs_upload scheduled__2024-01-22T00:00:00+00:00 [running]> on host d8c0631e3b56
[2024-01-29T18:41:22.481+0000] {taskinstance.py:2481} INFO - Exporting env vars: AIRFLOW_CTX_DAG_OWNER='***' AIRFLOW_CTX_DAG_ID='yellow_cabs_dag' AIRFLOW_CTX_TASK_ID='yellow_cabs_upload' AIRFLOW_CTX_EXECUTION_DATE='2024-01-22T00:00:00+00:00' AIRFLOW_CTX_TRY_NUMBER='1' AIRFLOW_CTX_DAG_RUN_ID='scheduled__2024-01-22T00:00:00+00:00'
[2024-01-29T18:42:26.914+0000] {local_task_job_runner.py:234} INFO - Task exited with return code -9
[2024-01-29T18:42:26.939+0000] {taskinstance.py:3281} INFO - 0 downstream tasks scheduled from follow-on schedule check
[2024-01-29T20:49:22.255+0000] {taskinstance.py:1957} INFO - Dependencies all met for dep_context=non-requeueable deps ti=<TaskInstance: yellow_cabs_dag.yellow_cabs_upload scheduled__2024-01-22T00:00:00+00:00 [queued]>
[2024-01-29T20:49:22.271+0000] {taskinstance.py:1957} INFO - Dependencies all met for dep_context=requeueable deps ti=<TaskInstance: yellow_cabs_dag.yellow_cabs_upload scheduled__2024-01-22T00:00:00+00:00 [queued]>
[2024-01-29T20:49:22.272+0000] {taskinstance.py:2171} INFO - Starting attempt 1 of 1
[2024-01-29T20:49:22.289+0000] {taskinstance.py:2192} INFO - Executing <Task(PythonOperator): yellow_cabs_upload> on 2024-01-22 00:00:00+00:00
[2024-01-29T20:49:22.300+0000] {standard_task_runner.py:60} INFO - Started process 87 to run task
[2024-01-29T20:49:22.319+0000] {standard_task_runner.py:87} INFO - Running: ['***', 'tasks', 'run', 'yellow_cabs_dag', 'yellow_cabs_upload', 'scheduled__2024-01-22T00:00:00+00:00', '--job-id', '6', '--raw', '--subdir', 'DAGS_FOLDER/yellow_cabs_project.py', '--cfg-path', '/tmp/tmp5r1vgnjp']
[2024-01-29T20:49:22.335+0000] {standard_task_runner.py:88} INFO - Job 6: Subtask yellow_cabs_upload
[2024-01-29T20:49:22.466+0000] {task_command.py:423} INFO - Running <TaskInstance: yellow_cabs_dag.yellow_cabs_upload scheduled__2024-01-22T00:00:00+00:00 [running]> on host f4e12904d8b2
[2024-01-29T20:49:26.778+0000] {taskinstance.py:2481} INFO - Exporting env vars: AIRFLOW_CTX_DAG_OWNER='***' AIRFLOW_CTX_DAG_ID='yellow_cabs_dag' AIRFLOW_CTX_TASK_ID='yellow_cabs_upload' AIRFLOW_CTX_EXECUTION_DATE='2024-01-22T00:00:00+00:00' AIRFLOW_CTX_TRY_NUMBER='1' AIRFLOW_CTX_DAG_RUN_ID='scheduled__2024-01-22T00:00:00+00:00'
[2024-01-29T20:50:11.980+0000] {local_task_job_runner.py:234} INFO - Task exited with return code -9
[2024-01-29T20:50:14.663+0000] {taskinstance.py:3281} INFO - 0 downstream tasks scheduled from follow-on schedule check
