[2024-02-09T18:21:55.332+0000] {taskinstance.py:1957} INFO - Dependencies all met for dep_context=non-requeueable deps ti=<TaskInstance: yellow_cabs_dag.yellow_cabs_upload scheduled__2024-02-08T00:00:00+00:00 [queued]>
[2024-02-09T18:21:55.360+0000] {taskinstance.py:1957} INFO - Dependencies all met for dep_context=requeueable deps ti=<TaskInstance: yellow_cabs_dag.yellow_cabs_upload scheduled__2024-02-08T00:00:00+00:00 [queued]>
[2024-02-09T18:21:55.361+0000] {taskinstance.py:2171} INFO - Starting attempt 1 of 1
[2024-02-09T18:21:55.404+0000] {taskinstance.py:2192} INFO - Executing <Task(PythonOperator): yellow_cabs_upload> on 2024-02-08 00:00:00+00:00
[2024-02-09T18:21:55.433+0000] {standard_task_runner.py:60} INFO - Started process 72 to run task
[2024-02-09T18:21:55.457+0000] {standard_task_runner.py:87} INFO - Running: ['***', 'tasks', 'run', 'yellow_cabs_dag', 'yellow_cabs_upload', 'scheduled__2024-02-08T00:00:00+00:00', '--job-id', '9', '--raw', '--subdir', 'DAGS_FOLDER/yellow_cabs_project.py', '--cfg-path', '/tmp/tmpbs7ppsg_']
[2024-02-09T18:21:55.487+0000] {standard_task_runner.py:88} INFO - Job 9: Subtask yellow_cabs_upload
[2024-02-09T18:21:55.636+0000] {task_command.py:423} INFO - Running <TaskInstance: yellow_cabs_dag.yellow_cabs_upload scheduled__2024-02-08T00:00:00+00:00 [running]> on host 5a7c8003578a
[2024-02-09T18:21:56.212+0000] {taskinstance.py:2481} INFO - Exporting env vars: AIRFLOW_CTX_DAG_OWNER='***' AIRFLOW_CTX_DAG_ID='yellow_cabs_dag' AIRFLOW_CTX_TASK_ID='yellow_cabs_upload' AIRFLOW_CTX_EXECUTION_DATE='2024-02-08T00:00:00+00:00' AIRFLOW_CTX_TRY_NUMBER='1' AIRFLOW_CTX_DAG_RUN_ID='scheduled__2024-02-08T00:00:00+00:00'
[2024-02-09T18:22:04.790+0000] {taskinstance.py:2699} ERROR - Task failed with exception
Traceback (most recent call last):
  File "/home/airflow/.local/lib/python3.8/site-packages/airflow/models/taskinstance.py", line 433, in _execute_task
    result = execute_callable(context=context, **execute_callable_kwargs)
  File "/home/airflow/.local/lib/python3.8/site-packages/airflow/operators/python.py", line 199, in execute
    return_value = self.execute_callable()
  File "/home/airflow/.local/lib/python3.8/site-packages/airflow/operators/python.py", line 216, in execute_callable
    return self.python_callable(*self.op_args, **self.op_kwargs)
  File "/opt/airflow/dags/yellow_cabs_project.py", line 23, in yellow_cabs_upload
    df = pd.concat(new_table)
  File "/home/airflow/.local/lib/python3.8/site-packages/pandas/core/reshape/concat.py", line 372, in concat
    op = _Concatenator(
  File "/home/airflow/.local/lib/python3.8/site-packages/pandas/core/reshape/concat.py", line 407, in __init__
    raise TypeError(
TypeError: first argument must be an iterable of pandas objects, you passed an object of type "DataFrame"
[2024-02-09T18:22:04.856+0000] {taskinstance.py:1138} INFO - Marking task as FAILED. dag_id=yellow_cabs_dag, task_id=yellow_cabs_upload, execution_date=20240208T000000, start_date=20240209T182155, end_date=20240209T182204
[2024-02-09T18:22:04.869+0000] {standard_task_runner.py:107} ERROR - Failed to execute job 9 for task yellow_cabs_upload (first argument must be an iterable of pandas objects, you passed an object of type "DataFrame"; 72)
[2024-02-09T18:22:04.939+0000] {local_task_job_runner.py:234} INFO - Task exited with return code 1
[2024-02-09T18:22:05.078+0000] {taskinstance.py:3281} INFO - 0 downstream tasks scheduled from follow-on schedule check
[2024-02-09T18:57:33.726+0000] {taskinstance.py:1957} INFO - Dependencies all met for dep_context=non-requeueable deps ti=<TaskInstance: yellow_cabs_dag.yellow_cabs_upload scheduled__2024-02-08T00:00:00+00:00 [queued]>
[2024-02-09T18:57:33.795+0000] {taskinstance.py:1957} INFO - Dependencies all met for dep_context=requeueable deps ti=<TaskInstance: yellow_cabs_dag.yellow_cabs_upload scheduled__2024-02-08T00:00:00+00:00 [queued]>
[2024-02-09T18:57:33.795+0000] {taskinstance.py:2171} INFO - Starting attempt 1 of 1
[2024-02-09T18:57:33.909+0000] {taskinstance.py:2192} INFO - Executing <Task(PythonOperator): yellow_cabs_upload> on 2024-02-08 00:00:00+00:00
[2024-02-09T18:57:33.918+0000] {standard_task_runner.py:60} INFO - Started process 96 to run task
[2024-02-09T18:57:33.955+0000] {standard_task_runner.py:87} INFO - Running: ['***', 'tasks', 'run', 'yellow_cabs_dag', 'yellow_cabs_upload', 'scheduled__2024-02-08T00:00:00+00:00', '--job-id', '10', '--raw', '--subdir', 'DAGS_FOLDER/yellow_cabs_project.py', '--cfg-path', '/tmp/tmpptzcbu5m']
[2024-02-09T18:57:33.968+0000] {standard_task_runner.py:88} INFO - Job 10: Subtask yellow_cabs_upload
[2024-02-09T18:57:38.434+0000] {task_command.py:423} INFO - Running <TaskInstance: yellow_cabs_dag.yellow_cabs_upload scheduled__2024-02-08T00:00:00+00:00 [running]> on host fa2aaf479b3c
[2024-02-09T18:57:38.548+0000] {taskinstance.py:2481} INFO - Exporting env vars: AIRFLOW_CTX_DAG_OWNER='***' AIRFLOW_CTX_DAG_ID='yellow_cabs_dag' AIRFLOW_CTX_TASK_ID='yellow_cabs_upload' AIRFLOW_CTX_EXECUTION_DATE='2024-02-08T00:00:00+00:00' AIRFLOW_CTX_TRY_NUMBER='1' AIRFLOW_CTX_DAG_RUN_ID='scheduled__2024-02-08T00:00:00+00:00'
[2024-02-09T18:57:44.425+0000] {logging_mixin.py:188} INFO -    VendorID tpep_pickup_datetime  ... congestion_surcharge  airport_fee
0         1  2022-01-01 00:35:40  ...                  2.5          0.0
1         1  2022-01-01 00:33:43  ...                  0.0          0.0
2         2  2022-01-01 00:53:21  ...                  0.0          0.0
3         2  2022-01-01 00:25:21  ...                  2.5          0.0
4         2  2022-01-01 00:36:48  ...                  2.5          0.0

[5 rows x 19 columns]
[2024-02-09T18:57:44.444+0000] {python.py:201} INFO - Done. Returned value was: None
[2024-02-09T18:57:44.454+0000] {taskinstance.py:1138} INFO - Marking task as SUCCESS. dag_id=yellow_cabs_dag, task_id=yellow_cabs_upload, execution_date=20240208T000000, start_date=20240209T185733, end_date=20240209T185744
[2024-02-09T18:57:44.524+0000] {local_task_job_runner.py:234} INFO - Task exited with return code 0
[2024-02-09T18:57:44.727+0000] {taskinstance.py:3281} INFO - 0 downstream tasks scheduled from follow-on schedule check
