[2024-02-06T20:56:09.035+0000] {taskinstance.py:1957} INFO - Dependencies all met for dep_context=non-requeueable deps ti=<TaskInstance: yellow_cabs_dag.yellow_cabs_upload manual__2024-02-06T20:56:08.229222+00:00 [queued]>
[2024-02-06T20:56:09.039+0000] {taskinstance.py:1957} INFO - Dependencies all met for dep_context=requeueable deps ti=<TaskInstance: yellow_cabs_dag.yellow_cabs_upload manual__2024-02-06T20:56:08.229222+00:00 [queued]>
[2024-02-06T20:56:09.048+0000] {taskinstance.py:2171} INFO - Starting attempt 1 of 1
[2024-02-06T20:56:09.054+0000] {taskinstance.py:2192} INFO - Executing <Task(PythonOperator): yellow_cabs_upload> on 2024-02-06 20:56:08.229222+00:00
[2024-02-06T20:56:09.057+0000] {standard_task_runner.py:60} INFO - Started process 305 to run task
[2024-02-06T20:56:09.060+0000] {standard_task_runner.py:87} INFO - Running: ['***', 'tasks', 'run', 'yellow_cabs_dag', 'yellow_cabs_upload', 'manual__2024-02-06T20:56:08.229222+00:00', '--job-id', '16', '--raw', '--subdir', 'DAGS_FOLDER/yellow_cabs_project.py', '--cfg-path', '/tmp/tmps9ta876_']
[2024-02-06T20:56:09.062+0000] {standard_task_runner.py:88} INFO - Job 16: Subtask yellow_cabs_upload
[2024-02-06T20:56:09.088+0000] {task_command.py:423} INFO - Running <TaskInstance: yellow_cabs_dag.yellow_cabs_upload manual__2024-02-06T20:56:08.229222+00:00 [running]> on host 49b06be5e1b6
[2024-02-06T20:56:09.270+0000] {taskinstance.py:2481} INFO - Exporting env vars: AIRFLOW_CTX_DAG_OWNER='***' AIRFLOW_CTX_DAG_ID='yellow_cabs_dag' AIRFLOW_CTX_TASK_ID='yellow_cabs_upload' AIRFLOW_CTX_EXECUTION_DATE='2024-02-06T20:56:08.229222+00:00' AIRFLOW_CTX_TRY_NUMBER='1' AIRFLOW_CTX_DAG_RUN_ID='manual__2024-02-06T20:56:08.229222+00:00'
[2024-02-06T20:56:36.146+0000] {logging_mixin.py:188} INFO - inserted another chunk, took 6.867773532867432 seconds
[2024-02-06T20:56:42.996+0000] {logging_mixin.py:188} INFO - inserted another chunk, took 6.598300933837891 seconds
[2024-02-06T20:56:50.433+0000] {logging_mixin.py:188} INFO - inserted another chunk, took 7.157416820526123 seconds
[2024-02-06T20:56:57.378+0000] {logging_mixin.py:188} INFO - inserted another chunk, took 6.6628217697143555 seconds
[2024-02-06T20:57:04.810+0000] {logging_mixin.py:188} INFO - inserted another chunk, took 7.1937737464904785 seconds
[2024-02-06T20:57:11.579+0000] {logging_mixin.py:188} INFO - inserted another chunk, took 6.520848274230957 seconds
[2024-02-06T20:57:18.983+0000] {logging_mixin.py:188} INFO - inserted another chunk, took 7.144143581390381 seconds
[2024-02-06T20:57:28.909+0000] {logging_mixin.py:188} INFO - inserted another chunk, took 9.674434900283813 seconds
[2024-02-06T20:57:36.153+0000] {logging_mixin.py:188} INFO - inserted another chunk, took 6.986180305480957 seconds
[2024-02-06T20:57:42.923+0000] {logging_mixin.py:188} INFO - inserted another chunk, took 6.495160818099976 seconds
[2024-02-06T20:57:49.860+0000] {logging_mixin.py:188} INFO - inserted another chunk, took 6.656509160995483 seconds
[2024-02-06T20:57:58.038+0000] {logging_mixin.py:188} INFO - inserted another chunk, took 7.931356430053711 seconds
[2024-02-06T20:57:59.907+0000] {logging_mixin.py:188} INFO - inserted another chunk, took 1.7822542190551758 seconds
[2024-02-06T20:57:59.972+0000] {python.py:201} INFO - Done. Returned value was: None
[2024-02-06T20:57:59.983+0000] {taskinstance.py:1138} INFO - Marking task as SUCCESS. dag_id=yellow_cabs_dag, task_id=yellow_cabs_upload, execution_date=20240206T205608, start_date=20240206T205609, end_date=20240206T205759
[2024-02-06T20:58:00.069+0000] {local_task_job_runner.py:234} INFO - Task exited with return code 0
[2024-02-06T20:58:00.313+0000] {taskinstance.py:3281} INFO - 0 downstream tasks scheduled from follow-on schedule check
