[2024-02-05T16:09:23.968+0000] {taskinstance.py:1957} INFO - Dependencies all met for dep_context=non-requeueable deps ti=<TaskInstance: yellow_cabs_dag.yellow_cabs_upload scheduled__2024-02-02T00:00:00+00:00 [queued]>
[2024-02-05T16:09:23.976+0000] {taskinstance.py:1957} INFO - Dependencies all met for dep_context=requeueable deps ti=<TaskInstance: yellow_cabs_dag.yellow_cabs_upload scheduled__2024-02-02T00:00:00+00:00 [queued]>
[2024-02-05T16:09:23.976+0000] {taskinstance.py:2171} INFO - Starting attempt 1 of 1
[2024-02-05T16:09:23.986+0000] {taskinstance.py:1947} INFO - Dependencies not met for <TaskInstance: yellow_cabs_dag.yellow_cabs_upload scheduled__2024-02-02T00:00:00+00:00 [running]>, dependency 'Task Instance State' FAILED: Task is in the 'running' state.
[2024-02-05T16:09:23.987+0000] {taskinstance.py:1947} INFO - Dependencies not met for <TaskInstance: yellow_cabs_dag.yellow_cabs_upload scheduled__2024-02-02T00:00:00+00:00 [running]>, dependency 'Task Instance Not Running' FAILED: Task is in the running state
[2024-02-05T16:09:23.987+0000] {taskinstance.py:2192} INFO - Executing <Task(PythonOperator): yellow_cabs_upload> on 2024-02-02 00:00:00+00:00
[2024-02-05T16:09:23.989+0000] {local_task_job_runner.py:160} INFO - Task is not able to be run
[2024-02-05T16:09:23.995+0000] {standard_task_runner.py:87} INFO - Running: ['***', 'tasks', 'run', 'yellow_cabs_dag', 'yellow_cabs_upload', 'scheduled__2024-02-02T00:00:00+00:00', '--job-id', '123', '--raw', '--subdir', 'DAGS_FOLDER/yellow_cabs_project.py', '--cfg-path', '/tmp/tmpn7jcowar']
[2024-02-05T16:09:23.998+0000] {standard_task_runner.py:88} INFO - Job 123: Subtask yellow_cabs_upload
[2024-02-05T16:09:23.992+0000] {standard_task_runner.py:60} INFO - Started process 54 to run task
[2024-02-05T16:09:24.048+0000] {task_command.py:423} INFO - Running <TaskInstance: yellow_cabs_dag.yellow_cabs_upload scheduled__2024-02-02T00:00:00+00:00 [running]> on host 66814aa8a277
[2024-02-05T16:09:24.256+0000] {taskinstance.py:2481} INFO - Exporting env vars: AIRFLOW_CTX_DAG_OWNER='***' AIRFLOW_CTX_DAG_ID='yellow_cabs_dag' AIRFLOW_CTX_TASK_ID='yellow_cabs_upload' AIRFLOW_CTX_EXECUTION_DATE='2024-02-02T00:00:00+00:00' AIRFLOW_CTX_TRY_NUMBER='1' AIRFLOW_CTX_DAG_RUN_ID='scheduled__2024-02-02T00:00:00+00:00'
[2024-02-05T16:09:40.734+0000] {local_task_job_runner.py:234} INFO - Task exited with return code -9
[2024-02-05T16:09:41.441+0000] {taskinstance.py:3281} INFO - 0 downstream tasks scheduled from follow-on schedule check
[2024-02-05T18:11:20.053+0000] {taskinstance.py:1957} INFO - Dependencies all met for dep_context=non-requeueable deps ti=<TaskInstance: yellow_cabs_dag.yellow_cabs_upload scheduled__2024-02-02T00:00:00+00:00 [queued]>
[2024-02-05T18:11:20.060+0000] {taskinstance.py:1957} INFO - Dependencies all met for dep_context=requeueable deps ti=<TaskInstance: yellow_cabs_dag.yellow_cabs_upload scheduled__2024-02-02T00:00:00+00:00 [queued]>
[2024-02-05T18:11:20.060+0000] {taskinstance.py:2171} INFO - Starting attempt 1 of 1
[2024-02-05T18:11:20.067+0000] {taskinstance.py:2192} INFO - Executing <Task(PythonOperator): yellow_cabs_upload> on 2024-02-02 00:00:00+00:00
[2024-02-05T18:11:20.070+0000] {standard_task_runner.py:60} INFO - Started process 114 to run task
[2024-02-05T18:11:20.075+0000] {standard_task_runner.py:87} INFO - Running: ['***', 'tasks', 'run', 'yellow_cabs_dag', 'yellow_cabs_upload', 'scheduled__2024-02-02T00:00:00+00:00', '--job-id', '4', '--raw', '--subdir', 'DAGS_FOLDER/yellow_cabs_project.py', '--cfg-path', '/tmp/tmp0gg9hppm']
[2024-02-05T18:11:20.077+0000] {standard_task_runner.py:88} INFO - Job 4: Subtask yellow_cabs_upload
[2024-02-05T18:11:20.115+0000] {task_command.py:423} INFO - Running <TaskInstance: yellow_cabs_dag.yellow_cabs_upload scheduled__2024-02-02T00:00:00+00:00 [running]> on host 49b06be5e1b6
[2024-02-05T18:11:20.179+0000] {taskinstance.py:2481} INFO - Exporting env vars: AIRFLOW_CTX_DAG_OWNER='***' AIRFLOW_CTX_DAG_ID='yellow_cabs_dag' AIRFLOW_CTX_TASK_ID='yellow_cabs_upload' AIRFLOW_CTX_EXECUTION_DATE='2024-02-02T00:00:00+00:00' AIRFLOW_CTX_TRY_NUMBER='1' AIRFLOW_CTX_DAG_RUN_ID='scheduled__2024-02-02T00:00:00+00:00'
[2024-02-05T18:11:35.852+0000] {taskinstance.py:2699} ERROR - Task failed with exception
Traceback (most recent call last):
  File "/home/airflow/.local/lib/python3.8/site-packages/airflow/models/taskinstance.py", line 433, in _execute_task
    result = execute_callable(context=context, **execute_callable_kwargs)
  File "/home/airflow/.local/lib/python3.8/site-packages/airflow/operators/python.py", line 199, in execute
    return_value = self.execute_callable()
  File "/home/airflow/.local/lib/python3.8/site-packages/airflow/operators/python.py", line 216, in execute_callable
    return self.python_callable(*self.op_args, **self.op_kwargs)
  File "/opt/airflow/dags/yellow_cabs_project.py", line 32, in yellow_cabs_upload
    pq_table.to_csv(output_file_path, index=False)
  File "/home/airflow/.local/lib/python3.8/site-packages/pandas/core/generic.py", line 3772, in to_csv
    return DataFrameRenderer(formatter).to_csv(
  File "/home/airflow/.local/lib/python3.8/site-packages/pandas/io/formats/format.py", line 1186, in to_csv
    csv_formatter.save()
  File "/home/airflow/.local/lib/python3.8/site-packages/pandas/io/formats/csvs.py", line 240, in save
    with get_handle(
  File "/home/airflow/.local/lib/python3.8/site-packages/pandas/io/common.py", line 737, in get_handle
    check_parent_directory(str(handle))
  File "/home/airflow/.local/lib/python3.8/site-packages/pandas/io/common.py", line 600, in check_parent_directory
    raise OSError(rf"Cannot save file into a non-existent directory: '{parent}'")
OSError: Cannot save file into a non-existent directory: '/opt/***/dags/yellow_cabs_project.py'
[2024-02-05T18:11:35.860+0000] {taskinstance.py:1138} INFO - Marking task as FAILED. dag_id=yellow_cabs_dag, task_id=yellow_cabs_upload, execution_date=20240202T000000, start_date=20240205T181120, end_date=20240205T181135
[2024-02-05T18:11:35.883+0000] {standard_task_runner.py:107} ERROR - Failed to execute job 4 for task yellow_cabs_upload (Cannot save file into a non-existent directory: '/opt/***/dags/yellow_cabs_project.py'; 114)
[2024-02-05T18:11:35.934+0000] {local_task_job_runner.py:234} INFO - Task exited with return code 1
[2024-02-05T18:11:35.943+0000] {taskinstance.py:3281} INFO - 0 downstream tasks scheduled from follow-on schedule check
