[2024-02-01T00:10:55.604+0000] {taskinstance.py:1957} INFO - Dependencies all met for dep_context=non-requeueable deps ti=<TaskInstance: yellow_cabs_dag.yellow_cabs_upload scheduled__2024-01-31T00:00:00+00:00 [queued]>
[2024-02-01T00:10:55.608+0000] {taskinstance.py:1957} INFO - Dependencies all met for dep_context=requeueable deps ti=<TaskInstance: yellow_cabs_dag.yellow_cabs_upload scheduled__2024-01-31T00:00:00+00:00 [queued]>
[2024-02-01T00:10:55.608+0000] {taskinstance.py:2171} INFO - Starting attempt 1 of 1
[2024-02-01T00:10:55.614+0000] {taskinstance.py:2192} INFO - Executing <Task(PythonOperator): yellow_cabs_upload> on 2024-01-31 00:00:00+00:00
[2024-02-01T00:10:55.616+0000] {standard_task_runner.py:60} INFO - Started process 689 to run task
[2024-02-01T00:10:55.618+0000] {standard_task_runner.py:87} INFO - Running: ['***', 'tasks', 'run', 'yellow_cabs_dag', 'yellow_cabs_upload', 'scheduled__2024-01-31T00:00:00+00:00', '--job-id', '62', '--raw', '--subdir', 'DAGS_FOLDER/yellow_cabs_project.py', '--cfg-path', '/tmp/tmpe_nxnlec']
[2024-02-01T00:10:55.620+0000] {standard_task_runner.py:88} INFO - Job 62: Subtask yellow_cabs_upload
[2024-02-01T00:10:55.642+0000] {task_command.py:423} INFO - Running <TaskInstance: yellow_cabs_dag.yellow_cabs_upload scheduled__2024-01-31T00:00:00+00:00 [running]> on host d6a8637ce3ab
[2024-02-01T00:10:55.786+0000] {taskinstance.py:2481} INFO - Exporting env vars: AIRFLOW_CTX_DAG_OWNER='***' AIRFLOW_CTX_DAG_ID='yellow_cabs_dag' AIRFLOW_CTX_TASK_ID='yellow_cabs_upload' AIRFLOW_CTX_EXECUTION_DATE='2024-01-31T00:00:00+00:00' AIRFLOW_CTX_TRY_NUMBER='1' AIRFLOW_CTX_DAG_RUN_ID='scheduled__2024-01-31T00:00:00+00:00'
[2024-02-01T00:37:34.335+0000] {taskinstance.py:2699} ERROR - Task failed with exception
Traceback (most recent call last):
  File "/home/airflow/.local/lib/python3.8/site-packages/airflow/models/taskinstance.py", line 433, in _execute_task
    result = execute_callable(context=context, **execute_callable_kwargs)
  File "/home/airflow/.local/lib/python3.8/site-packages/airflow/operators/python.py", line 199, in execute
    return_value = self.execute_callable()
  File "/home/airflow/.local/lib/python3.8/site-packages/airflow/operators/python.py", line 216, in execute_callable
    return self.python_callable(*self.op_args, **self.op_kwargs)
  File "/opt/airflow/dags/yellow_cabs_project.py", line 18, in yellow_cabs_upload
    result = wget.download(f'https://d37ci6vzurychx.cloudfront.net/trip-data/yellow_tripdata_2022-{month}.parquet')
  File "/home/airflow/.local/lib/python3.8/site-packages/wget.py", line 526, in download
    (tmpfile, headers) = ulib.urlretrieve(binurl, tmpfile, callback)
  File "/usr/local/lib/python3.8/urllib/request.py", line 286, in urlretrieve
    raise ContentTooShortError(
urllib.error.ContentTooShortError: <urlopen error retrieval incomplete: got only 30408201 out of 38139949 bytes>
[2024-02-01T00:37:34.358+0000] {taskinstance.py:1138} INFO - Marking task as FAILED. dag_id=yellow_cabs_dag, task_id=yellow_cabs_upload, execution_date=20240131T000000, start_date=20240201T001055, end_date=20240201T003734
[2024-02-01T00:37:34.373+0000] {standard_task_runner.py:107} ERROR - Failed to execute job 62 for task yellow_cabs_upload (<urlopen error retrieval incomplete: got only 30408201 out of 38139949 bytes>; 689)
[2024-02-01T00:37:34.405+0000] {local_task_job_runner.py:234} INFO - Task exited with return code 1
[2024-02-01T00:37:34.628+0000] {taskinstance.py:3281} INFO - 0 downstream tasks scheduled from follow-on schedule check
[2024-02-02T19:22:04.002+0000] {taskinstance.py:1957} INFO - Dependencies all met for dep_context=non-requeueable deps ti=<TaskInstance: yellow_cabs_dag.yellow_cabs_upload scheduled__2024-01-31T00:00:00+00:00 [queued]>
[2024-02-02T19:22:04.070+0000] {taskinstance.py:1957} INFO - Dependencies all met for dep_context=requeueable deps ti=<TaskInstance: yellow_cabs_dag.yellow_cabs_upload scheduled__2024-01-31T00:00:00+00:00 [queued]>
[2024-02-02T19:22:04.072+0000] {taskinstance.py:2171} INFO - Starting attempt 1 of 1
[2024-02-02T19:22:04.143+0000] {taskinstance.py:2192} INFO - Executing <Task(PythonOperator): yellow_cabs_upload> on 2024-01-31 00:00:00+00:00
[2024-02-02T19:22:04.171+0000] {standard_task_runner.py:60} INFO - Started process 79 to run task
[2024-02-02T19:22:04.207+0000] {standard_task_runner.py:87} INFO - Running: ['***', 'tasks', 'run', 'yellow_cabs_dag', 'yellow_cabs_upload', 'scheduled__2024-01-31T00:00:00+00:00', '--job-id', '5', '--raw', '--subdir', 'DAGS_FOLDER/yellow_cabs_project.py', '--cfg-path', '/tmp/tmpkrdb54jh']
[2024-02-02T19:22:04.217+0000] {standard_task_runner.py:88} INFO - Job 5: Subtask yellow_cabs_upload
[2024-02-02T19:22:04.557+0000] {task_command.py:423} INFO - Running <TaskInstance: yellow_cabs_dag.yellow_cabs_upload scheduled__2024-01-31T00:00:00+00:00 [running]> on host 66814aa8a277
[2024-02-02T19:22:11.370+0000] {taskinstance.py:2481} INFO - Exporting env vars: AIRFLOW_CTX_DAG_OWNER='***' AIRFLOW_CTX_DAG_ID='yellow_cabs_dag' AIRFLOW_CTX_TASK_ID='yellow_cabs_upload' AIRFLOW_CTX_EXECUTION_DATE='2024-01-31T00:00:00+00:00' AIRFLOW_CTX_TRY_NUMBER='1' AIRFLOW_CTX_DAG_RUN_ID='scheduled__2024-01-31T00:00:00+00:00'
[2024-02-02T19:22:36.420+0000] {local_task_job_runner.py:234} INFO - Task exited with return code -9
[2024-02-02T19:22:37.619+0000] {taskinstance.py:3281} INFO - 0 downstream tasks scheduled from follow-on schedule check
