[2024-01-29T18:41:20.866+0000] {taskinstance.py:1957} INFO - Dependencies all met for dep_context=non-requeueable deps ti=<TaskInstance: yellow_cabs_dag.yellow_cabs_upload scheduled__2024-01-26T00:00:00+00:00 [queued]>
[2024-01-29T18:41:20.889+0000] {taskinstance.py:1957} INFO - Dependencies all met for dep_context=requeueable deps ti=<TaskInstance: yellow_cabs_dag.yellow_cabs_upload scheduled__2024-01-26T00:00:00+00:00 [queued]>
[2024-01-29T18:41:20.896+0000] {taskinstance.py:2171} INFO - Starting attempt 1 of 1
[2024-01-29T18:41:20.933+0000] {taskinstance.py:2192} INFO - Executing <Task(PythonOperator): yellow_cabs_upload> on 2024-01-26 00:00:00+00:00
[2024-01-29T18:41:20.937+0000] {standard_task_runner.py:60} INFO - Started process 115 to run task
[2024-01-29T18:41:20.956+0000] {standard_task_runner.py:87} INFO - Running: ['***', 'tasks', 'run', 'yellow_cabs_dag', 'yellow_cabs_upload', 'scheduled__2024-01-26T00:00:00+00:00', '--job-id', '12', '--raw', '--subdir', 'DAGS_FOLDER/yellow_cabs_project.py', '--cfg-path', '/tmp/tmpgn7nvhoo']
[2024-01-29T18:41:20.963+0000] {standard_task_runner.py:88} INFO - Job 12: Subtask yellow_cabs_upload
[2024-01-29T18:41:21.118+0000] {task_command.py:423} INFO - Running <TaskInstance: yellow_cabs_dag.yellow_cabs_upload scheduled__2024-01-26T00:00:00+00:00 [running]> on host d8c0631e3b56
[2024-01-29T18:41:22.632+0000] {taskinstance.py:2481} INFO - Exporting env vars: AIRFLOW_CTX_DAG_OWNER='***' AIRFLOW_CTX_DAG_ID='yellow_cabs_dag' AIRFLOW_CTX_TASK_ID='yellow_cabs_upload' AIRFLOW_CTX_EXECUTION_DATE='2024-01-26T00:00:00+00:00' AIRFLOW_CTX_TRY_NUMBER='1' AIRFLOW_CTX_DAG_RUN_ID='scheduled__2024-01-26T00:00:00+00:00'
[2024-01-29T18:42:14.789+0000] {local_task_job_runner.py:234} INFO - Task exited with return code -9
[2024-01-29T18:42:14.951+0000] {taskinstance.py:3281} INFO - 0 downstream tasks scheduled from follow-on schedule check
[2024-01-29T20:49:22.414+0000] {taskinstance.py:1957} INFO - Dependencies all met for dep_context=non-requeueable deps ti=<TaskInstance: yellow_cabs_dag.yellow_cabs_upload scheduled__2024-01-26T00:00:00+00:00 [queued]>
[2024-01-29T20:49:22.483+0000] {taskinstance.py:1957} INFO - Dependencies all met for dep_context=requeueable deps ti=<TaskInstance: yellow_cabs_dag.yellow_cabs_upload scheduled__2024-01-26T00:00:00+00:00 [queued]>
[2024-01-29T20:49:22.485+0000] {taskinstance.py:2171} INFO - Starting attempt 1 of 1
[2024-01-29T20:49:22.565+0000] {taskinstance.py:2192} INFO - Executing <Task(PythonOperator): yellow_cabs_upload> on 2024-01-26 00:00:00+00:00
[2024-01-29T20:49:22.578+0000] {standard_task_runner.py:60} INFO - Started process 89 to run task
[2024-01-29T20:49:22.610+0000] {standard_task_runner.py:87} INFO - Running: ['***', 'tasks', 'run', 'yellow_cabs_dag', 'yellow_cabs_upload', 'scheduled__2024-01-26T00:00:00+00:00', '--job-id', '8', '--raw', '--subdir', 'DAGS_FOLDER/yellow_cabs_project.py', '--cfg-path', '/tmp/tmpwfaaxo55']
[2024-01-29T20:49:22.650+0000] {standard_task_runner.py:88} INFO - Job 8: Subtask yellow_cabs_upload
[2024-01-29T20:49:22.830+0000] {task_command.py:423} INFO - Running <TaskInstance: yellow_cabs_dag.yellow_cabs_upload scheduled__2024-01-26T00:00:00+00:00 [running]> on host f4e12904d8b2
[2024-01-29T20:49:29.636+0000] {taskinstance.py:2481} INFO - Exporting env vars: AIRFLOW_CTX_DAG_OWNER='***' AIRFLOW_CTX_DAG_ID='yellow_cabs_dag' AIRFLOW_CTX_TASK_ID='yellow_cabs_upload' AIRFLOW_CTX_EXECUTION_DATE='2024-01-26T00:00:00+00:00' AIRFLOW_CTX_TRY_NUMBER='1' AIRFLOW_CTX_DAG_RUN_ID='scheduled__2024-01-26T00:00:00+00:00'
[2024-01-29T20:50:47.321+0000] {local_task_job_runner.py:234} INFO - Task exited with return code -9
[2024-01-29T20:50:47.568+0000] {taskinstance.py:3281} INFO - 0 downstream tasks scheduled from follow-on schedule check
