[2024-01-26T19:48:19.346+0000] {processor.py:161} INFO - Started process (PID=31) to work on /opt/airflow/dags/yellow_cabs_project.py
[2024-01-26T19:48:19.351+0000] {processor.py:830} INFO - Processing file /opt/airflow/dags/yellow_cabs_project.py for tasks to queue
[2024-01-26T19:48:19.361+0000] {logging_mixin.py:188} INFO - [2024-01-26T19:48:19.361+0000] {dagbag.py:538} INFO - Filling up the DagBag from /opt/airflow/dags/yellow_cabs_project.py
[2024-01-26T19:48:21.425+0000] {processor.py:840} INFO - DAG(s) 'yellow_cabs_dag' retrieved from /opt/airflow/dags/yellow_cabs_project.py
[2024-01-26T19:48:21.681+0000] {logging_mixin.py:188} INFO - [2024-01-26T19:48:21.680+0000] {override.py:1769} INFO - Created Permission View: can read on DAG:yellow_cabs_dag
[2024-01-26T19:48:21.692+0000] {logging_mixin.py:188} INFO - [2024-01-26T19:48:21.692+0000] {override.py:1769} INFO - Created Permission View: can edit on DAG:yellow_cabs_dag
[2024-01-26T19:48:21.700+0000] {logging_mixin.py:188} INFO - [2024-01-26T19:48:21.699+0000] {override.py:1769} INFO - Created Permission View: can delete on DAG:yellow_cabs_dag
[2024-01-26T19:48:21.701+0000] {logging_mixin.py:188} INFO - [2024-01-26T19:48:21.700+0000] {dag.py:3033} INFO - Sync 1 DAGs
[2024-01-26T19:48:21.721+0000] {logging_mixin.py:188} INFO - [2024-01-26T19:48:21.720+0000] {dag.py:3055} INFO - Creating ORM DAG for yellow_cabs_dag
[2024-01-26T19:48:21.731+0000] {logging_mixin.py:188} INFO - [2024-01-26T19:48:21.731+0000] {dag.py:3820} INFO - Setting next_dagrun for yellow_cabs_dag to 2024-01-20T00:00:00+00:00, run_after=2024-01-21T00:00:00+00:00
[2024-01-26T19:48:21.746+0000] {processor.py:183} INFO - Processing /opt/airflow/dags/yellow_cabs_project.py took 2.408 seconds
[2024-01-26T19:50:50.184+0000] {processor.py:161} INFO - Started process (PID=30) to work on /opt/airflow/dags/yellow_cabs_project.py
[2024-01-26T19:50:50.189+0000] {processor.py:830} INFO - Processing file /opt/airflow/dags/yellow_cabs_project.py for tasks to queue
[2024-01-26T19:50:50.199+0000] {logging_mixin.py:188} INFO - [2024-01-26T19:50:50.198+0000] {dagbag.py:538} INFO - Filling up the DagBag from /opt/airflow/dags/yellow_cabs_project.py
[2024-01-26T19:50:50.656+0000] {processor.py:840} INFO - DAG(s) 'yellow_cabs_dag' retrieved from /opt/airflow/dags/yellow_cabs_project.py
[2024-01-26T19:50:50.895+0000] {logging_mixin.py:188} INFO - [2024-01-26T19:50:50.895+0000] {dag.py:3033} INFO - Sync 1 DAGs
[2024-01-26T19:50:50.907+0000] {logging_mixin.py:188} INFO - [2024-01-26T19:50:50.906+0000] {dag.py:3820} INFO - Setting next_dagrun for yellow_cabs_dag to 2024-01-20T00:00:00+00:00, run_after=2024-01-21T00:00:00+00:00
[2024-01-26T19:50:50.917+0000] {processor.py:183} INFO - Processing /opt/airflow/dags/yellow_cabs_project.py took 0.735 seconds
[2024-01-26T19:51:21.132+0000] {processor.py:161} INFO - Started process (PID=38) to work on /opt/airflow/dags/yellow_cabs_project.py
[2024-01-26T19:51:21.133+0000] {processor.py:830} INFO - Processing file /opt/airflow/dags/yellow_cabs_project.py for tasks to queue
[2024-01-26T19:51:21.136+0000] {logging_mixin.py:188} INFO - [2024-01-26T19:51:21.136+0000] {dagbag.py:538} INFO - Filling up the DagBag from /opt/airflow/dags/yellow_cabs_project.py
[2024-01-26T19:51:21.348+0000] {processor.py:840} INFO - DAG(s) 'yellow_cabs_dag' retrieved from /opt/airflow/dags/yellow_cabs_project.py
[2024-01-26T19:51:21.357+0000] {logging_mixin.py:188} INFO - [2024-01-26T19:51:21.357+0000] {dag.py:3033} INFO - Sync 1 DAGs
[2024-01-26T19:51:21.365+0000] {logging_mixin.py:188} INFO - [2024-01-26T19:51:21.365+0000] {dag.py:3820} INFO - Setting next_dagrun for yellow_cabs_dag to 2024-01-20T00:00:00+00:00, run_after=2024-01-21T00:00:00+00:00
[2024-01-26T19:51:21.372+0000] {processor.py:183} INFO - Processing /opt/airflow/dags/yellow_cabs_project.py took 0.246 seconds
[2024-01-26T19:51:51.544+0000] {processor.py:161} INFO - Started process (PID=50) to work on /opt/airflow/dags/yellow_cabs_project.py
[2024-01-26T19:51:51.544+0000] {processor.py:830} INFO - Processing file /opt/airflow/dags/yellow_cabs_project.py for tasks to queue
[2024-01-26T19:51:51.546+0000] {logging_mixin.py:188} INFO - [2024-01-26T19:51:51.546+0000] {dagbag.py:538} INFO - Filling up the DagBag from /opt/airflow/dags/yellow_cabs_project.py
[2024-01-26T19:51:51.731+0000] {processor.py:840} INFO - DAG(s) 'yellow_cabs_dag' retrieved from /opt/airflow/dags/yellow_cabs_project.py
[2024-01-26T19:51:51.740+0000] {logging_mixin.py:188} INFO - [2024-01-26T19:51:51.740+0000] {dag.py:3033} INFO - Sync 1 DAGs
[2024-01-26T19:51:51.747+0000] {logging_mixin.py:188} INFO - [2024-01-26T19:51:51.747+0000] {dag.py:3820} INFO - Setting next_dagrun for yellow_cabs_dag to 2024-01-26T00:00:00+00:00, run_after=2024-01-27T00:00:00+00:00
[2024-01-26T19:51:51.754+0000] {processor.py:183} INFO - Processing /opt/airflow/dags/yellow_cabs_project.py took 0.212 seconds
[2024-01-26T19:52:21.807+0000] {processor.py:161} INFO - Started process (PID=58) to work on /opt/airflow/dags/yellow_cabs_project.py
[2024-01-26T19:52:21.808+0000] {processor.py:830} INFO - Processing file /opt/airflow/dags/yellow_cabs_project.py for tasks to queue
[2024-01-26T19:52:21.811+0000] {logging_mixin.py:188} INFO - [2024-01-26T19:52:21.810+0000] {dagbag.py:538} INFO - Filling up the DagBag from /opt/airflow/dags/yellow_cabs_project.py
[2024-01-26T19:52:22.011+0000] {processor.py:840} INFO - DAG(s) 'yellow_cabs_dag' retrieved from /opt/airflow/dags/yellow_cabs_project.py
[2024-01-26T19:52:22.020+0000] {logging_mixin.py:188} INFO - [2024-01-26T19:52:22.020+0000] {dag.py:3033} INFO - Sync 1 DAGs
[2024-01-26T19:52:22.027+0000] {logging_mixin.py:188} INFO - [2024-01-26T19:52:22.027+0000] {dag.py:3820} INFO - Setting next_dagrun for yellow_cabs_dag to 2024-01-26T00:00:00+00:00, run_after=2024-01-27T00:00:00+00:00
[2024-01-26T19:52:22.034+0000] {processor.py:183} INFO - Processing /opt/airflow/dags/yellow_cabs_project.py took 0.232 seconds
[2024-01-26T19:52:52.203+0000] {processor.py:161} INFO - Started process (PID=66) to work on /opt/airflow/dags/yellow_cabs_project.py
[2024-01-26T19:52:52.204+0000] {processor.py:830} INFO - Processing file /opt/airflow/dags/yellow_cabs_project.py for tasks to queue
[2024-01-26T19:52:52.207+0000] {logging_mixin.py:188} INFO - [2024-01-26T19:52:52.207+0000] {dagbag.py:538} INFO - Filling up the DagBag from /opt/airflow/dags/yellow_cabs_project.py
[2024-01-26T19:52:52.409+0000] {processor.py:840} INFO - DAG(s) 'yellow_cabs_dag' retrieved from /opt/airflow/dags/yellow_cabs_project.py
[2024-01-26T19:52:52.418+0000] {logging_mixin.py:188} INFO - [2024-01-26T19:52:52.418+0000] {dag.py:3033} INFO - Sync 1 DAGs
[2024-01-26T19:52:52.426+0000] {logging_mixin.py:188} INFO - [2024-01-26T19:52:52.426+0000] {dag.py:3820} INFO - Setting next_dagrun for yellow_cabs_dag to 2024-01-26T00:00:00+00:00, run_after=2024-01-27T00:00:00+00:00
[2024-01-26T19:52:52.432+0000] {processor.py:183} INFO - Processing /opt/airflow/dags/yellow_cabs_project.py took 0.234 seconds
[2024-01-26T19:53:22.517+0000] {processor.py:161} INFO - Started process (PID=74) to work on /opt/airflow/dags/yellow_cabs_project.py
[2024-01-26T19:53:22.518+0000] {processor.py:830} INFO - Processing file /opt/airflow/dags/yellow_cabs_project.py for tasks to queue
[2024-01-26T19:53:22.520+0000] {logging_mixin.py:188} INFO - [2024-01-26T19:53:22.520+0000] {dagbag.py:538} INFO - Filling up the DagBag from /opt/airflow/dags/yellow_cabs_project.py
[2024-01-26T19:53:22.727+0000] {processor.py:840} INFO - DAG(s) 'yellow_cabs_dag' retrieved from /opt/airflow/dags/yellow_cabs_project.py
[2024-01-26T19:53:22.736+0000] {logging_mixin.py:188} INFO - [2024-01-26T19:53:22.736+0000] {dag.py:3033} INFO - Sync 1 DAGs
[2024-01-26T19:53:22.743+0000] {logging_mixin.py:188} INFO - [2024-01-26T19:53:22.743+0000] {dag.py:3820} INFO - Setting next_dagrun for yellow_cabs_dag to 2024-01-26T00:00:00+00:00, run_after=2024-01-27T00:00:00+00:00
[2024-01-26T19:53:22.750+0000] {processor.py:183} INFO - Processing /opt/airflow/dags/yellow_cabs_project.py took 0.239 seconds
[2024-01-26T19:53:52.917+0000] {processor.py:161} INFO - Started process (PID=82) to work on /opt/airflow/dags/yellow_cabs_project.py
[2024-01-26T19:53:52.918+0000] {processor.py:830} INFO - Processing file /opt/airflow/dags/yellow_cabs_project.py for tasks to queue
[2024-01-26T19:53:52.921+0000] {logging_mixin.py:188} INFO - [2024-01-26T19:53:52.921+0000] {dagbag.py:538} INFO - Filling up the DagBag from /opt/airflow/dags/yellow_cabs_project.py
[2024-01-26T19:53:53.117+0000] {processor.py:840} INFO - DAG(s) 'yellow_cabs_dag' retrieved from /opt/airflow/dags/yellow_cabs_project.py
[2024-01-26T19:53:53.126+0000] {logging_mixin.py:188} INFO - [2024-01-26T19:53:53.126+0000] {dag.py:3033} INFO - Sync 1 DAGs
[2024-01-26T19:53:53.134+0000] {logging_mixin.py:188} INFO - [2024-01-26T19:53:53.134+0000] {dag.py:3820} INFO - Setting next_dagrun for yellow_cabs_dag to 2024-01-26T00:00:00+00:00, run_after=2024-01-27T00:00:00+00:00
[2024-01-26T19:53:53.140+0000] {processor.py:183} INFO - Processing /opt/airflow/dags/yellow_cabs_project.py took 0.228 seconds
[2024-01-26T19:54:23.255+0000] {processor.py:161} INFO - Started process (PID=90) to work on /opt/airflow/dags/yellow_cabs_project.py
[2024-01-26T19:54:23.257+0000] {processor.py:830} INFO - Processing file /opt/airflow/dags/yellow_cabs_project.py for tasks to queue
[2024-01-26T19:54:23.260+0000] {logging_mixin.py:188} INFO - [2024-01-26T19:54:23.260+0000] {dagbag.py:538} INFO - Filling up the DagBag from /opt/airflow/dags/yellow_cabs_project.py
[2024-01-26T19:54:23.465+0000] {processor.py:840} INFO - DAG(s) 'yellow_cabs_dag' retrieved from /opt/airflow/dags/yellow_cabs_project.py
[2024-01-26T19:54:23.474+0000] {logging_mixin.py:188} INFO - [2024-01-26T19:54:23.474+0000] {dag.py:3033} INFO - Sync 1 DAGs
[2024-01-26T19:54:23.483+0000] {logging_mixin.py:188} INFO - [2024-01-26T19:54:23.482+0000] {dag.py:3820} INFO - Setting next_dagrun for yellow_cabs_dag to 2024-01-26T00:00:00+00:00, run_after=2024-01-27T00:00:00+00:00
[2024-01-26T19:54:23.489+0000] {processor.py:183} INFO - Processing /opt/airflow/dags/yellow_cabs_project.py took 0.239 seconds
[2024-01-26T19:54:53.595+0000] {processor.py:161} INFO - Started process (PID=98) to work on /opt/airflow/dags/yellow_cabs_project.py
[2024-01-26T19:54:53.596+0000] {processor.py:830} INFO - Processing file /opt/airflow/dags/yellow_cabs_project.py for tasks to queue
[2024-01-26T19:54:53.599+0000] {logging_mixin.py:188} INFO - [2024-01-26T19:54:53.599+0000] {dagbag.py:538} INFO - Filling up the DagBag from /opt/airflow/dags/yellow_cabs_project.py
[2024-01-26T19:54:53.795+0000] {processor.py:840} INFO - DAG(s) 'yellow_cabs_dag' retrieved from /opt/airflow/dags/yellow_cabs_project.py
[2024-01-26T19:54:53.805+0000] {logging_mixin.py:188} INFO - [2024-01-26T19:54:53.805+0000] {dag.py:3033} INFO - Sync 1 DAGs
[2024-01-26T19:54:53.812+0000] {logging_mixin.py:188} INFO - [2024-01-26T19:54:53.812+0000] {dag.py:3820} INFO - Setting next_dagrun for yellow_cabs_dag to 2024-01-26T00:00:00+00:00, run_after=2024-01-27T00:00:00+00:00
[2024-01-26T19:54:53.818+0000] {processor.py:183} INFO - Processing /opt/airflow/dags/yellow_cabs_project.py took 0.229 seconds
[2024-01-26T19:55:23.926+0000] {processor.py:161} INFO - Started process (PID=106) to work on /opt/airflow/dags/yellow_cabs_project.py
[2024-01-26T19:55:23.928+0000] {processor.py:830} INFO - Processing file /opt/airflow/dags/yellow_cabs_project.py for tasks to queue
[2024-01-26T19:55:23.931+0000] {logging_mixin.py:188} INFO - [2024-01-26T19:55:23.931+0000] {dagbag.py:538} INFO - Filling up the DagBag from /opt/airflow/dags/yellow_cabs_project.py
[2024-01-26T19:55:24.127+0000] {processor.py:840} INFO - DAG(s) 'yellow_cabs_dag' retrieved from /opt/airflow/dags/yellow_cabs_project.py
[2024-01-26T19:55:24.136+0000] {logging_mixin.py:188} INFO - [2024-01-26T19:55:24.136+0000] {dag.py:3033} INFO - Sync 1 DAGs
[2024-01-26T19:55:24.144+0000] {logging_mixin.py:188} INFO - [2024-01-26T19:55:24.144+0000] {dag.py:3820} INFO - Setting next_dagrun for yellow_cabs_dag to 2024-01-26T00:00:00+00:00, run_after=2024-01-27T00:00:00+00:00
[2024-01-26T19:55:24.150+0000] {processor.py:183} INFO - Processing /opt/airflow/dags/yellow_cabs_project.py took 0.230 seconds
[2024-01-26T19:55:54.285+0000] {processor.py:161} INFO - Started process (PID=114) to work on /opt/airflow/dags/yellow_cabs_project.py
[2024-01-26T19:55:54.285+0000] {processor.py:830} INFO - Processing file /opt/airflow/dags/yellow_cabs_project.py for tasks to queue
[2024-01-26T19:55:54.287+0000] {logging_mixin.py:188} INFO - [2024-01-26T19:55:54.286+0000] {dagbag.py:538} INFO - Filling up the DagBag from /opt/airflow/dags/yellow_cabs_project.py
[2024-01-26T19:55:54.508+0000] {processor.py:840} INFO - DAG(s) 'yellow_cabs_dag' retrieved from /opt/airflow/dags/yellow_cabs_project.py
[2024-01-26T19:55:54.518+0000] {logging_mixin.py:188} INFO - [2024-01-26T19:55:54.518+0000] {dag.py:3033} INFO - Sync 1 DAGs
[2024-01-26T19:55:54.528+0000] {logging_mixin.py:188} INFO - [2024-01-26T19:55:54.528+0000] {dag.py:3820} INFO - Setting next_dagrun for yellow_cabs_dag to 2024-01-26T00:00:00+00:00, run_after=2024-01-27T00:00:00+00:00
[2024-01-26T19:55:54.536+0000] {processor.py:183} INFO - Processing /opt/airflow/dags/yellow_cabs_project.py took 0.253 seconds
[2024-01-26T19:56:24.755+0000] {processor.py:161} INFO - Started process (PID=122) to work on /opt/airflow/dags/yellow_cabs_project.py
[2024-01-26T19:56:24.757+0000] {processor.py:830} INFO - Processing file /opt/airflow/dags/yellow_cabs_project.py for tasks to queue
[2024-01-26T19:56:24.759+0000] {logging_mixin.py:188} INFO - [2024-01-26T19:56:24.758+0000] {dagbag.py:538} INFO - Filling up the DagBag from /opt/airflow/dags/yellow_cabs_project.py
[2024-01-26T19:56:24.954+0000] {processor.py:840} INFO - DAG(s) 'yellow_cabs_dag' retrieved from /opt/airflow/dags/yellow_cabs_project.py
[2024-01-26T19:56:24.964+0000] {logging_mixin.py:188} INFO - [2024-01-26T19:56:24.963+0000] {dag.py:3033} INFO - Sync 1 DAGs
[2024-01-26T19:56:24.972+0000] {logging_mixin.py:188} INFO - [2024-01-26T19:56:24.972+0000] {dag.py:3820} INFO - Setting next_dagrun for yellow_cabs_dag to 2024-01-26T00:00:00+00:00, run_after=2024-01-27T00:00:00+00:00
[2024-01-26T19:56:24.979+0000] {processor.py:183} INFO - Processing /opt/airflow/dags/yellow_cabs_project.py took 0.227 seconds
[2024-01-26T19:56:55.043+0000] {processor.py:161} INFO - Started process (PID=130) to work on /opt/airflow/dags/yellow_cabs_project.py
[2024-01-26T19:56:55.044+0000] {processor.py:830} INFO - Processing file /opt/airflow/dags/yellow_cabs_project.py for tasks to queue
[2024-01-26T19:56:55.047+0000] {logging_mixin.py:188} INFO - [2024-01-26T19:56:55.047+0000] {dagbag.py:538} INFO - Filling up the DagBag from /opt/airflow/dags/yellow_cabs_project.py
[2024-01-26T19:56:55.244+0000] {processor.py:840} INFO - DAG(s) 'yellow_cabs_dag' retrieved from /opt/airflow/dags/yellow_cabs_project.py
[2024-01-26T19:56:55.253+0000] {logging_mixin.py:188} INFO - [2024-01-26T19:56:55.253+0000] {dag.py:3033} INFO - Sync 1 DAGs
[2024-01-26T19:56:55.261+0000] {logging_mixin.py:188} INFO - [2024-01-26T19:56:55.261+0000] {dag.py:3820} INFO - Setting next_dagrun for yellow_cabs_dag to 2024-01-26T00:00:00+00:00, run_after=2024-01-27T00:00:00+00:00
[2024-01-26T19:56:55.270+0000] {processor.py:183} INFO - Processing /opt/airflow/dags/yellow_cabs_project.py took 0.233 seconds
[2024-01-26T19:57:25.489+0000] {processor.py:161} INFO - Started process (PID=138) to work on /opt/airflow/dags/yellow_cabs_project.py
[2024-01-26T19:57:25.490+0000] {processor.py:830} INFO - Processing file /opt/airflow/dags/yellow_cabs_project.py for tasks to queue
[2024-01-26T19:57:25.491+0000] {logging_mixin.py:188} INFO - [2024-01-26T19:57:25.491+0000] {dagbag.py:538} INFO - Filling up the DagBag from /opt/airflow/dags/yellow_cabs_project.py
[2024-01-26T19:57:25.668+0000] {processor.py:840} INFO - DAG(s) 'yellow_cabs_dag' retrieved from /opt/airflow/dags/yellow_cabs_project.py
[2024-01-26T19:57:25.677+0000] {logging_mixin.py:188} INFO - [2024-01-26T19:57:25.677+0000] {dag.py:3033} INFO - Sync 1 DAGs
[2024-01-26T19:57:25.685+0000] {logging_mixin.py:188} INFO - [2024-01-26T19:57:25.685+0000] {dag.py:3820} INFO - Setting next_dagrun for yellow_cabs_dag to 2024-01-26T00:00:00+00:00, run_after=2024-01-27T00:00:00+00:00
[2024-01-26T19:57:25.691+0000] {processor.py:183} INFO - Processing /opt/airflow/dags/yellow_cabs_project.py took 0.205 seconds
[2024-01-26T19:57:55.771+0000] {processor.py:161} INFO - Started process (PID=146) to work on /opt/airflow/dags/yellow_cabs_project.py
[2024-01-26T19:57:55.773+0000] {processor.py:830} INFO - Processing file /opt/airflow/dags/yellow_cabs_project.py for tasks to queue
[2024-01-26T19:57:55.776+0000] {logging_mixin.py:188} INFO - [2024-01-26T19:57:55.775+0000] {dagbag.py:538} INFO - Filling up the DagBag from /opt/airflow/dags/yellow_cabs_project.py
[2024-01-26T19:57:55.972+0000] {processor.py:840} INFO - DAG(s) 'yellow_cabs_dag' retrieved from /opt/airflow/dags/yellow_cabs_project.py
[2024-01-26T19:57:55.981+0000] {logging_mixin.py:188} INFO - [2024-01-26T19:57:55.981+0000] {dag.py:3033} INFO - Sync 1 DAGs
[2024-01-26T19:57:55.988+0000] {logging_mixin.py:188} INFO - [2024-01-26T19:57:55.988+0000] {dag.py:3820} INFO - Setting next_dagrun for yellow_cabs_dag to 2024-01-26T00:00:00+00:00, run_after=2024-01-27T00:00:00+00:00
[2024-01-26T19:57:55.995+0000] {processor.py:183} INFO - Processing /opt/airflow/dags/yellow_cabs_project.py took 0.229 seconds
[2024-01-26T19:58:26.134+0000] {processor.py:161} INFO - Started process (PID=154) to work on /opt/airflow/dags/yellow_cabs_project.py
[2024-01-26T19:58:26.136+0000] {processor.py:830} INFO - Processing file /opt/airflow/dags/yellow_cabs_project.py for tasks to queue
[2024-01-26T19:58:26.138+0000] {logging_mixin.py:188} INFO - [2024-01-26T19:58:26.138+0000] {dagbag.py:538} INFO - Filling up the DagBag from /opt/airflow/dags/yellow_cabs_project.py
[2024-01-26T19:58:26.334+0000] {processor.py:840} INFO - DAG(s) 'yellow_cabs_dag' retrieved from /opt/airflow/dags/yellow_cabs_project.py
[2024-01-26T19:58:26.343+0000] {logging_mixin.py:188} INFO - [2024-01-26T19:58:26.342+0000] {dag.py:3033} INFO - Sync 1 DAGs
[2024-01-26T19:58:26.350+0000] {logging_mixin.py:188} INFO - [2024-01-26T19:58:26.350+0000] {dag.py:3820} INFO - Setting next_dagrun for yellow_cabs_dag to 2024-01-26T00:00:00+00:00, run_after=2024-01-27T00:00:00+00:00
[2024-01-26T19:58:26.356+0000] {processor.py:183} INFO - Processing /opt/airflow/dags/yellow_cabs_project.py took 0.227 seconds
[2024-01-26T19:58:56.429+0000] {processor.py:161} INFO - Started process (PID=162) to work on /opt/airflow/dags/yellow_cabs_project.py
[2024-01-26T19:58:56.431+0000] {processor.py:830} INFO - Processing file /opt/airflow/dags/yellow_cabs_project.py for tasks to queue
[2024-01-26T19:58:56.433+0000] {logging_mixin.py:188} INFO - [2024-01-26T19:58:56.433+0000] {dagbag.py:538} INFO - Filling up the DagBag from /opt/airflow/dags/yellow_cabs_project.py
[2024-01-26T19:58:56.628+0000] {processor.py:840} INFO - DAG(s) 'yellow_cabs_dag' retrieved from /opt/airflow/dags/yellow_cabs_project.py
[2024-01-26T19:58:56.637+0000] {logging_mixin.py:188} INFO - [2024-01-26T19:58:56.637+0000] {dag.py:3033} INFO - Sync 1 DAGs
[2024-01-26T19:58:56.645+0000] {logging_mixin.py:188} INFO - [2024-01-26T19:58:56.644+0000] {dag.py:3820} INFO - Setting next_dagrun for yellow_cabs_dag to 2024-01-26T00:00:00+00:00, run_after=2024-01-27T00:00:00+00:00
[2024-01-26T19:58:56.651+0000] {processor.py:183} INFO - Processing /opt/airflow/dags/yellow_cabs_project.py took 0.227 seconds
[2024-01-26T19:59:26.810+0000] {processor.py:161} INFO - Started process (PID=170) to work on /opt/airflow/dags/yellow_cabs_project.py
[2024-01-26T19:59:26.811+0000] {processor.py:830} INFO - Processing file /opt/airflow/dags/yellow_cabs_project.py for tasks to queue
[2024-01-26T19:59:26.814+0000] {logging_mixin.py:188} INFO - [2024-01-26T19:59:26.814+0000] {dagbag.py:538} INFO - Filling up the DagBag from /opt/airflow/dags/yellow_cabs_project.py
[2024-01-26T19:59:27.011+0000] {processor.py:840} INFO - DAG(s) 'yellow_cabs_dag' retrieved from /opt/airflow/dags/yellow_cabs_project.py
[2024-01-26T19:59:27.020+0000] {logging_mixin.py:188} INFO - [2024-01-26T19:59:27.020+0000] {dag.py:3033} INFO - Sync 1 DAGs
[2024-01-26T19:59:27.027+0000] {logging_mixin.py:188} INFO - [2024-01-26T19:59:27.027+0000] {dag.py:3820} INFO - Setting next_dagrun for yellow_cabs_dag to 2024-01-26T00:00:00+00:00, run_after=2024-01-27T00:00:00+00:00
[2024-01-26T19:59:27.034+0000] {processor.py:183} INFO - Processing /opt/airflow/dags/yellow_cabs_project.py took 0.230 seconds
[2024-01-26T19:59:57.148+0000] {processor.py:161} INFO - Started process (PID=178) to work on /opt/airflow/dags/yellow_cabs_project.py
[2024-01-26T19:59:57.150+0000] {processor.py:830} INFO - Processing file /opt/airflow/dags/yellow_cabs_project.py for tasks to queue
[2024-01-26T19:59:57.153+0000] {logging_mixin.py:188} INFO - [2024-01-26T19:59:57.153+0000] {dagbag.py:538} INFO - Filling up the DagBag from /opt/airflow/dags/yellow_cabs_project.py
[2024-01-26T19:59:57.347+0000] {processor.py:840} INFO - DAG(s) 'yellow_cabs_dag' retrieved from /opt/airflow/dags/yellow_cabs_project.py
[2024-01-26T19:59:57.356+0000] {logging_mixin.py:188} INFO - [2024-01-26T19:59:57.356+0000] {dag.py:3033} INFO - Sync 1 DAGs
[2024-01-26T19:59:57.364+0000] {logging_mixin.py:188} INFO - [2024-01-26T19:59:57.364+0000] {dag.py:3820} INFO - Setting next_dagrun for yellow_cabs_dag to 2024-01-26T00:00:00+00:00, run_after=2024-01-27T00:00:00+00:00
[2024-01-26T19:59:57.371+0000] {processor.py:183} INFO - Processing /opt/airflow/dags/yellow_cabs_project.py took 0.228 seconds
[2024-01-26T20:00:27.540+0000] {processor.py:161} INFO - Started process (PID=186) to work on /opt/airflow/dags/yellow_cabs_project.py
[2024-01-26T20:00:27.542+0000] {processor.py:830} INFO - Processing file /opt/airflow/dags/yellow_cabs_project.py for tasks to queue
[2024-01-26T20:00:27.546+0000] {logging_mixin.py:188} INFO - [2024-01-26T20:00:27.546+0000] {dagbag.py:538} INFO - Filling up the DagBag from /opt/airflow/dags/yellow_cabs_project.py
[2024-01-26T20:00:27.786+0000] {processor.py:840} INFO - DAG(s) 'yellow_cabs_dag' retrieved from /opt/airflow/dags/yellow_cabs_project.py
[2024-01-26T20:00:27.796+0000] {logging_mixin.py:188} INFO - [2024-01-26T20:00:27.796+0000] {dag.py:3033} INFO - Sync 1 DAGs
[2024-01-26T20:00:27.805+0000] {logging_mixin.py:188} INFO - [2024-01-26T20:00:27.805+0000] {dag.py:3820} INFO - Setting next_dagrun for yellow_cabs_dag to 2024-01-26T00:00:00+00:00, run_after=2024-01-27T00:00:00+00:00
[2024-01-26T20:00:27.812+0000] {processor.py:183} INFO - Processing /opt/airflow/dags/yellow_cabs_project.py took 0.277 seconds
[2024-01-26T20:00:58.013+0000] {processor.py:161} INFO - Started process (PID=195) to work on /opt/airflow/dags/yellow_cabs_project.py
[2024-01-26T20:00:58.015+0000] {processor.py:830} INFO - Processing file /opt/airflow/dags/yellow_cabs_project.py for tasks to queue
[2024-01-26T20:00:58.018+0000] {logging_mixin.py:188} INFO - [2024-01-26T20:00:58.017+0000] {dagbag.py:538} INFO - Filling up the DagBag from /opt/airflow/dags/yellow_cabs_project.py
[2024-01-26T20:00:58.214+0000] {processor.py:840} INFO - DAG(s) 'yellow_cabs_dag' retrieved from /opt/airflow/dags/yellow_cabs_project.py
[2024-01-26T20:00:58.224+0000] {logging_mixin.py:188} INFO - [2024-01-26T20:00:58.224+0000] {dag.py:3033} INFO - Sync 1 DAGs
[2024-01-26T20:00:58.231+0000] {logging_mixin.py:188} INFO - [2024-01-26T20:00:58.231+0000] {dag.py:3820} INFO - Setting next_dagrun for yellow_cabs_dag to 2024-01-26T00:00:00+00:00, run_after=2024-01-27T00:00:00+00:00
[2024-01-26T20:00:58.238+0000] {processor.py:183} INFO - Processing /opt/airflow/dags/yellow_cabs_project.py took 0.230 seconds
[2024-01-26T20:01:28.450+0000] {processor.py:161} INFO - Started process (PID=203) to work on /opt/airflow/dags/yellow_cabs_project.py
[2024-01-26T20:01:28.452+0000] {processor.py:830} INFO - Processing file /opt/airflow/dags/yellow_cabs_project.py for tasks to queue
[2024-01-26T20:01:28.454+0000] {logging_mixin.py:188} INFO - [2024-01-26T20:01:28.454+0000] {dagbag.py:538} INFO - Filling up the DagBag from /opt/airflow/dags/yellow_cabs_project.py
[2024-01-26T20:01:28.658+0000] {processor.py:840} INFO - DAG(s) 'yellow_cabs_dag' retrieved from /opt/airflow/dags/yellow_cabs_project.py
[2024-01-26T20:01:28.667+0000] {logging_mixin.py:188} INFO - [2024-01-26T20:01:28.667+0000] {dag.py:3033} INFO - Sync 1 DAGs
[2024-01-26T20:01:28.675+0000] {logging_mixin.py:188} INFO - [2024-01-26T20:01:28.675+0000] {dag.py:3820} INFO - Setting next_dagrun for yellow_cabs_dag to 2024-01-26T00:00:00+00:00, run_after=2024-01-27T00:00:00+00:00
[2024-01-26T20:01:28.682+0000] {processor.py:183} INFO - Processing /opt/airflow/dags/yellow_cabs_project.py took 0.237 seconds
[2024-01-26T20:01:58.937+0000] {processor.py:161} INFO - Started process (PID=211) to work on /opt/airflow/dags/yellow_cabs_project.py
[2024-01-26T20:01:58.939+0000] {processor.py:830} INFO - Processing file /opt/airflow/dags/yellow_cabs_project.py for tasks to queue
[2024-01-26T20:01:58.941+0000] {logging_mixin.py:188} INFO - [2024-01-26T20:01:58.941+0000] {dagbag.py:538} INFO - Filling up the DagBag from /opt/airflow/dags/yellow_cabs_project.py
[2024-01-26T20:01:59.141+0000] {processor.py:840} INFO - DAG(s) 'yellow_cabs_dag' retrieved from /opt/airflow/dags/yellow_cabs_project.py
[2024-01-26T20:01:59.150+0000] {logging_mixin.py:188} INFO - [2024-01-26T20:01:59.150+0000] {dag.py:3033} INFO - Sync 1 DAGs
[2024-01-26T20:01:59.157+0000] {logging_mixin.py:188} INFO - [2024-01-26T20:01:59.157+0000] {dag.py:3820} INFO - Setting next_dagrun for yellow_cabs_dag to 2024-01-26T00:00:00+00:00, run_after=2024-01-27T00:00:00+00:00
[2024-01-26T20:01:59.163+0000] {processor.py:183} INFO - Processing /opt/airflow/dags/yellow_cabs_project.py took 0.232 seconds
[2024-01-26T20:02:29.356+0000] {processor.py:161} INFO - Started process (PID=218) to work on /opt/airflow/dags/yellow_cabs_project.py
[2024-01-26T20:02:29.358+0000] {processor.py:830} INFO - Processing file /opt/airflow/dags/yellow_cabs_project.py for tasks to queue
[2024-01-26T20:02:29.360+0000] {logging_mixin.py:188} INFO - [2024-01-26T20:02:29.360+0000] {dagbag.py:538} INFO - Filling up the DagBag from /opt/airflow/dags/yellow_cabs_project.py
[2024-01-26T20:02:29.576+0000] {processor.py:840} INFO - DAG(s) 'yellow_cabs_dag' retrieved from /opt/airflow/dags/yellow_cabs_project.py
[2024-01-26T20:02:29.590+0000] {logging_mixin.py:188} INFO - [2024-01-26T20:02:29.590+0000] {dag.py:3033} INFO - Sync 1 DAGs
[2024-01-26T20:02:29.598+0000] {logging_mixin.py:188} INFO - [2024-01-26T20:02:29.598+0000] {dag.py:3820} INFO - Setting next_dagrun for yellow_cabs_dag to 2024-01-26T00:00:00+00:00, run_after=2024-01-27T00:00:00+00:00
[2024-01-26T20:02:29.605+0000] {processor.py:183} INFO - Processing /opt/airflow/dags/yellow_cabs_project.py took 0.252 seconds
[2024-01-26T20:02:59.795+0000] {processor.py:161} INFO - Started process (PID=226) to work on /opt/airflow/dags/yellow_cabs_project.py
[2024-01-26T20:02:59.797+0000] {processor.py:830} INFO - Processing file /opt/airflow/dags/yellow_cabs_project.py for tasks to queue
[2024-01-26T20:02:59.800+0000] {logging_mixin.py:188} INFO - [2024-01-26T20:02:59.799+0000] {dagbag.py:538} INFO - Filling up the DagBag from /opt/airflow/dags/yellow_cabs_project.py
[2024-01-26T20:02:59.999+0000] {processor.py:840} INFO - DAG(s) 'yellow_cabs_dag' retrieved from /opt/airflow/dags/yellow_cabs_project.py
[2024-01-26T20:03:00.009+0000] {logging_mixin.py:188} INFO - [2024-01-26T20:03:00.009+0000] {dag.py:3033} INFO - Sync 1 DAGs
[2024-01-26T20:03:00.017+0000] {logging_mixin.py:188} INFO - [2024-01-26T20:03:00.017+0000] {dag.py:3820} INFO - Setting next_dagrun for yellow_cabs_dag to 2024-01-26T00:00:00+00:00, run_after=2024-01-27T00:00:00+00:00
[2024-01-26T20:03:00.023+0000] {processor.py:183} INFO - Processing /opt/airflow/dags/yellow_cabs_project.py took 0.233 seconds
[2024-01-26T20:03:30.212+0000] {processor.py:161} INFO - Started process (PID=234) to work on /opt/airflow/dags/yellow_cabs_project.py
[2024-01-26T20:03:30.213+0000] {processor.py:830} INFO - Processing file /opt/airflow/dags/yellow_cabs_project.py for tasks to queue
[2024-01-26T20:03:30.215+0000] {logging_mixin.py:188} INFO - [2024-01-26T20:03:30.215+0000] {dagbag.py:538} INFO - Filling up the DagBag from /opt/airflow/dags/yellow_cabs_project.py
[2024-01-26T20:03:30.429+0000] {processor.py:840} INFO - DAG(s) 'yellow_cabs_dag' retrieved from /opt/airflow/dags/yellow_cabs_project.py
[2024-01-26T20:03:30.443+0000] {logging_mixin.py:188} INFO - [2024-01-26T20:03:30.442+0000] {dag.py:3033} INFO - Sync 1 DAGs
[2024-01-26T20:03:30.453+0000] {logging_mixin.py:188} INFO - [2024-01-26T20:03:30.453+0000] {dag.py:3820} INFO - Setting next_dagrun for yellow_cabs_dag to 2024-01-26T00:00:00+00:00, run_after=2024-01-27T00:00:00+00:00
[2024-01-26T20:03:30.459+0000] {processor.py:183} INFO - Processing /opt/airflow/dags/yellow_cabs_project.py took 0.254 seconds
[2024-01-26T20:04:00.673+0000] {processor.py:161} INFO - Started process (PID=242) to work on /opt/airflow/dags/yellow_cabs_project.py
[2024-01-26T20:04:00.676+0000] {processor.py:830} INFO - Processing file /opt/airflow/dags/yellow_cabs_project.py for tasks to queue
[2024-01-26T20:04:00.678+0000] {logging_mixin.py:188} INFO - [2024-01-26T20:04:00.678+0000] {dagbag.py:538} INFO - Filling up the DagBag from /opt/airflow/dags/yellow_cabs_project.py
[2024-01-26T20:04:00.893+0000] {processor.py:840} INFO - DAG(s) 'yellow_cabs_dag' retrieved from /opt/airflow/dags/yellow_cabs_project.py
[2024-01-26T20:04:00.903+0000] {logging_mixin.py:188} INFO - [2024-01-26T20:04:00.902+0000] {dag.py:3033} INFO - Sync 1 DAGs
[2024-01-26T20:04:00.911+0000] {logging_mixin.py:188} INFO - [2024-01-26T20:04:00.911+0000] {dag.py:3820} INFO - Setting next_dagrun for yellow_cabs_dag to 2024-01-26T00:00:00+00:00, run_after=2024-01-27T00:00:00+00:00
[2024-01-26T20:04:00.918+0000] {processor.py:183} INFO - Processing /opt/airflow/dags/yellow_cabs_project.py took 0.251 seconds
[2024-01-26T20:04:31.098+0000] {processor.py:161} INFO - Started process (PID=250) to work on /opt/airflow/dags/yellow_cabs_project.py
[2024-01-26T20:04:31.100+0000] {processor.py:830} INFO - Processing file /opt/airflow/dags/yellow_cabs_project.py for tasks to queue
[2024-01-26T20:04:31.103+0000] {logging_mixin.py:188} INFO - [2024-01-26T20:04:31.103+0000] {dagbag.py:538} INFO - Filling up the DagBag from /opt/airflow/dags/yellow_cabs_project.py
[2024-01-26T20:04:31.322+0000] {processor.py:840} INFO - DAG(s) 'yellow_cabs_dag' retrieved from /opt/airflow/dags/yellow_cabs_project.py
[2024-01-26T20:04:31.332+0000] {logging_mixin.py:188} INFO - [2024-01-26T20:04:31.331+0000] {dag.py:3033} INFO - Sync 1 DAGs
[2024-01-26T20:04:31.339+0000] {logging_mixin.py:188} INFO - [2024-01-26T20:04:31.339+0000] {dag.py:3820} INFO - Setting next_dagrun for yellow_cabs_dag to 2024-01-26T00:00:00+00:00, run_after=2024-01-27T00:00:00+00:00
[2024-01-26T20:04:31.346+0000] {processor.py:183} INFO - Processing /opt/airflow/dags/yellow_cabs_project.py took 0.254 seconds
[2024-01-26T20:05:01.585+0000] {processor.py:161} INFO - Started process (PID=258) to work on /opt/airflow/dags/yellow_cabs_project.py
[2024-01-26T20:05:01.587+0000] {processor.py:830} INFO - Processing file /opt/airflow/dags/yellow_cabs_project.py for tasks to queue
[2024-01-26T20:05:01.590+0000] {logging_mixin.py:188} INFO - [2024-01-26T20:05:01.589+0000] {dagbag.py:538} INFO - Filling up the DagBag from /opt/airflow/dags/yellow_cabs_project.py
[2024-01-26T20:05:01.793+0000] {processor.py:840} INFO - DAG(s) 'yellow_cabs_dag' retrieved from /opt/airflow/dags/yellow_cabs_project.py
[2024-01-26T20:05:01.803+0000] {logging_mixin.py:188} INFO - [2024-01-26T20:05:01.802+0000] {dag.py:3033} INFO - Sync 1 DAGs
[2024-01-26T20:05:01.810+0000] {logging_mixin.py:188} INFO - [2024-01-26T20:05:01.810+0000] {dag.py:3820} INFO - Setting next_dagrun for yellow_cabs_dag to 2024-01-26T00:00:00+00:00, run_after=2024-01-27T00:00:00+00:00
[2024-01-26T20:05:01.817+0000] {processor.py:183} INFO - Processing /opt/airflow/dags/yellow_cabs_project.py took 0.237 seconds
[2024-01-26T20:05:31.864+0000] {processor.py:161} INFO - Started process (PID=266) to work on /opt/airflow/dags/yellow_cabs_project.py
[2024-01-26T20:05:31.865+0000] {processor.py:830} INFO - Processing file /opt/airflow/dags/yellow_cabs_project.py for tasks to queue
[2024-01-26T20:05:31.868+0000] {logging_mixin.py:188} INFO - [2024-01-26T20:05:31.868+0000] {dagbag.py:538} INFO - Filling up the DagBag from /opt/airflow/dags/yellow_cabs_project.py
[2024-01-26T20:05:32.070+0000] {processor.py:840} INFO - DAG(s) 'yellow_cabs_dag' retrieved from /opt/airflow/dags/yellow_cabs_project.py
[2024-01-26T20:05:32.079+0000] {logging_mixin.py:188} INFO - [2024-01-26T20:05:32.079+0000] {dag.py:3033} INFO - Sync 1 DAGs
[2024-01-26T20:05:32.087+0000] {logging_mixin.py:188} INFO - [2024-01-26T20:05:32.087+0000] {dag.py:3820} INFO - Setting next_dagrun for yellow_cabs_dag to 2024-01-26T00:00:00+00:00, run_after=2024-01-27T00:00:00+00:00
[2024-01-26T20:05:32.094+0000] {processor.py:183} INFO - Processing /opt/airflow/dags/yellow_cabs_project.py took 0.236 seconds
[2024-01-26T20:06:02.287+0000] {processor.py:161} INFO - Started process (PID=274) to work on /opt/airflow/dags/yellow_cabs_project.py
[2024-01-26T20:06:02.289+0000] {processor.py:830} INFO - Processing file /opt/airflow/dags/yellow_cabs_project.py for tasks to queue
[2024-01-26T20:06:02.292+0000] {logging_mixin.py:188} INFO - [2024-01-26T20:06:02.291+0000] {dagbag.py:538} INFO - Filling up the DagBag from /opt/airflow/dags/yellow_cabs_project.py
[2024-01-26T20:06:02.501+0000] {processor.py:840} INFO - DAG(s) 'yellow_cabs_dag' retrieved from /opt/airflow/dags/yellow_cabs_project.py
[2024-01-26T20:06:02.510+0000] {logging_mixin.py:188} INFO - [2024-01-26T20:06:02.510+0000] {dag.py:3033} INFO - Sync 1 DAGs
[2024-01-26T20:06:02.519+0000] {logging_mixin.py:188} INFO - [2024-01-26T20:06:02.519+0000] {dag.py:3820} INFO - Setting next_dagrun for yellow_cabs_dag to 2024-01-26T00:00:00+00:00, run_after=2024-01-27T00:00:00+00:00
[2024-01-26T20:06:02.525+0000] {processor.py:183} INFO - Processing /opt/airflow/dags/yellow_cabs_project.py took 0.243 seconds
[2024-01-26T20:06:32.753+0000] {processor.py:161} INFO - Started process (PID=282) to work on /opt/airflow/dags/yellow_cabs_project.py
[2024-01-26T20:06:32.755+0000] {processor.py:830} INFO - Processing file /opt/airflow/dags/yellow_cabs_project.py for tasks to queue
[2024-01-26T20:06:32.757+0000] {logging_mixin.py:188} INFO - [2024-01-26T20:06:32.757+0000] {dagbag.py:538} INFO - Filling up the DagBag from /opt/airflow/dags/yellow_cabs_project.py
[2024-01-26T20:06:32.964+0000] {processor.py:840} INFO - DAG(s) 'yellow_cabs_dag' retrieved from /opt/airflow/dags/yellow_cabs_project.py
[2024-01-26T20:06:32.973+0000] {logging_mixin.py:188} INFO - [2024-01-26T20:06:32.973+0000] {dag.py:3033} INFO - Sync 1 DAGs
[2024-01-26T20:06:32.981+0000] {logging_mixin.py:188} INFO - [2024-01-26T20:06:32.981+0000] {dag.py:3820} INFO - Setting next_dagrun for yellow_cabs_dag to 2024-01-26T00:00:00+00:00, run_after=2024-01-27T00:00:00+00:00
[2024-01-26T20:06:32.987+0000] {processor.py:183} INFO - Processing /opt/airflow/dags/yellow_cabs_project.py took 0.239 seconds
[2024-01-26T20:07:03.240+0000] {processor.py:161} INFO - Started process (PID=290) to work on /opt/airflow/dags/yellow_cabs_project.py
[2024-01-26T20:07:03.242+0000] {processor.py:830} INFO - Processing file /opt/airflow/dags/yellow_cabs_project.py for tasks to queue
[2024-01-26T20:07:03.244+0000] {logging_mixin.py:188} INFO - [2024-01-26T20:07:03.244+0000] {dagbag.py:538} INFO - Filling up the DagBag from /opt/airflow/dags/yellow_cabs_project.py
[2024-01-26T20:07:03.466+0000] {processor.py:840} INFO - DAG(s) 'yellow_cabs_dag' retrieved from /opt/airflow/dags/yellow_cabs_project.py
[2024-01-26T20:07:03.476+0000] {logging_mixin.py:188} INFO - [2024-01-26T20:07:03.476+0000] {dag.py:3033} INFO - Sync 1 DAGs
[2024-01-26T20:07:03.484+0000] {logging_mixin.py:188} INFO - [2024-01-26T20:07:03.484+0000] {dag.py:3820} INFO - Setting next_dagrun for yellow_cabs_dag to 2024-01-26T00:00:00+00:00, run_after=2024-01-27T00:00:00+00:00
[2024-01-26T20:07:03.491+0000] {processor.py:183} INFO - Processing /opt/airflow/dags/yellow_cabs_project.py took 0.255 seconds
[2024-01-26T20:07:33.666+0000] {processor.py:161} INFO - Started process (PID=298) to work on /opt/airflow/dags/yellow_cabs_project.py
[2024-01-26T20:07:33.667+0000] {processor.py:830} INFO - Processing file /opt/airflow/dags/yellow_cabs_project.py for tasks to queue
[2024-01-26T20:07:33.669+0000] {logging_mixin.py:188} INFO - [2024-01-26T20:07:33.669+0000] {dagbag.py:538} INFO - Filling up the DagBag from /opt/airflow/dags/yellow_cabs_project.py
[2024-01-26T20:07:33.873+0000] {processor.py:840} INFO - DAG(s) 'yellow_cabs_dag' retrieved from /opt/airflow/dags/yellow_cabs_project.py
[2024-01-26T20:07:33.883+0000] {logging_mixin.py:188} INFO - [2024-01-26T20:07:33.883+0000] {dag.py:3033} INFO - Sync 1 DAGs
[2024-01-26T20:07:33.891+0000] {logging_mixin.py:188} INFO - [2024-01-26T20:07:33.891+0000] {dag.py:3820} INFO - Setting next_dagrun for yellow_cabs_dag to 2024-01-26T00:00:00+00:00, run_after=2024-01-27T00:00:00+00:00
[2024-01-26T20:07:33.898+0000] {processor.py:183} INFO - Processing /opt/airflow/dags/yellow_cabs_project.py took 0.235 seconds
[2024-01-26T20:08:04.155+0000] {processor.py:161} INFO - Started process (PID=306) to work on /opt/airflow/dags/yellow_cabs_project.py
[2024-01-26T20:08:04.157+0000] {processor.py:830} INFO - Processing file /opt/airflow/dags/yellow_cabs_project.py for tasks to queue
[2024-01-26T20:08:04.160+0000] {logging_mixin.py:188} INFO - [2024-01-26T20:08:04.160+0000] {dagbag.py:538} INFO - Filling up the DagBag from /opt/airflow/dags/yellow_cabs_project.py
[2024-01-26T20:08:04.370+0000] {processor.py:840} INFO - DAG(s) 'yellow_cabs_dag' retrieved from /opt/airflow/dags/yellow_cabs_project.py
[2024-01-26T20:08:04.379+0000] {logging_mixin.py:188} INFO - [2024-01-26T20:08:04.379+0000] {dag.py:3033} INFO - Sync 1 DAGs
[2024-01-26T20:08:04.387+0000] {logging_mixin.py:188} INFO - [2024-01-26T20:08:04.387+0000] {dag.py:3820} INFO - Setting next_dagrun for yellow_cabs_dag to 2024-01-26T00:00:00+00:00, run_after=2024-01-27T00:00:00+00:00
[2024-01-26T20:08:04.394+0000] {processor.py:183} INFO - Processing /opt/airflow/dags/yellow_cabs_project.py took 0.244 seconds
[2024-01-26T20:08:34.596+0000] {processor.py:161} INFO - Started process (PID=314) to work on /opt/airflow/dags/yellow_cabs_project.py
[2024-01-26T20:08:34.597+0000] {processor.py:830} INFO - Processing file /opt/airflow/dags/yellow_cabs_project.py for tasks to queue
[2024-01-26T20:08:34.600+0000] {logging_mixin.py:188} INFO - [2024-01-26T20:08:34.599+0000] {dagbag.py:538} INFO - Filling up the DagBag from /opt/airflow/dags/yellow_cabs_project.py
[2024-01-26T20:08:34.804+0000] {processor.py:840} INFO - DAG(s) 'yellow_cabs_dag' retrieved from /opt/airflow/dags/yellow_cabs_project.py
[2024-01-26T20:08:34.813+0000] {logging_mixin.py:188} INFO - [2024-01-26T20:08:34.813+0000] {dag.py:3033} INFO - Sync 1 DAGs
[2024-01-26T20:08:34.820+0000] {logging_mixin.py:188} INFO - [2024-01-26T20:08:34.820+0000] {dag.py:3820} INFO - Setting next_dagrun for yellow_cabs_dag to 2024-01-26T00:00:00+00:00, run_after=2024-01-27T00:00:00+00:00
[2024-01-26T20:08:34.827+0000] {processor.py:183} INFO - Processing /opt/airflow/dags/yellow_cabs_project.py took 0.235 seconds
[2024-01-26T20:09:05.084+0000] {processor.py:161} INFO - Started process (PID=322) to work on /opt/airflow/dags/yellow_cabs_project.py
[2024-01-26T20:09:05.086+0000] {processor.py:830} INFO - Processing file /opt/airflow/dags/yellow_cabs_project.py for tasks to queue
[2024-01-26T20:09:05.088+0000] {logging_mixin.py:188} INFO - [2024-01-26T20:09:05.088+0000] {dagbag.py:538} INFO - Filling up the DagBag from /opt/airflow/dags/yellow_cabs_project.py
[2024-01-26T20:09:05.293+0000] {processor.py:840} INFO - DAG(s) 'yellow_cabs_dag' retrieved from /opt/airflow/dags/yellow_cabs_project.py
[2024-01-26T20:09:05.303+0000] {logging_mixin.py:188} INFO - [2024-01-26T20:09:05.303+0000] {dag.py:3033} INFO - Sync 1 DAGs
[2024-01-26T20:09:05.311+0000] {logging_mixin.py:188} INFO - [2024-01-26T20:09:05.311+0000] {dag.py:3820} INFO - Setting next_dagrun for yellow_cabs_dag to 2024-01-26T00:00:00+00:00, run_after=2024-01-27T00:00:00+00:00
[2024-01-26T20:09:05.318+0000] {processor.py:183} INFO - Processing /opt/airflow/dags/yellow_cabs_project.py took 0.239 seconds
[2024-01-26T20:09:35.509+0000] {processor.py:161} INFO - Started process (PID=330) to work on /opt/airflow/dags/yellow_cabs_project.py
[2024-01-26T20:09:35.511+0000] {processor.py:830} INFO - Processing file /opt/airflow/dags/yellow_cabs_project.py for tasks to queue
[2024-01-26T20:09:35.513+0000] {logging_mixin.py:188} INFO - [2024-01-26T20:09:35.513+0000] {dagbag.py:538} INFO - Filling up the DagBag from /opt/airflow/dags/yellow_cabs_project.py
[2024-01-26T20:09:35.751+0000] {processor.py:840} INFO - DAG(s) 'yellow_cabs_dag' retrieved from /opt/airflow/dags/yellow_cabs_project.py
[2024-01-26T20:09:35.761+0000] {logging_mixin.py:188} INFO - [2024-01-26T20:09:35.761+0000] {dag.py:3033} INFO - Sync 1 DAGs
[2024-01-26T20:09:35.770+0000] {logging_mixin.py:188} INFO - [2024-01-26T20:09:35.770+0000] {dag.py:3820} INFO - Setting next_dagrun for yellow_cabs_dag to 2024-01-26T00:00:00+00:00, run_after=2024-01-27T00:00:00+00:00
[2024-01-26T20:09:35.777+0000] {processor.py:183} INFO - Processing /opt/airflow/dags/yellow_cabs_project.py took 0.273 seconds
[2024-01-26T20:10:05.971+0000] {processor.py:161} INFO - Started process (PID=339) to work on /opt/airflow/dags/yellow_cabs_project.py
[2024-01-26T20:10:05.972+0000] {processor.py:830} INFO - Processing file /opt/airflow/dags/yellow_cabs_project.py for tasks to queue
[2024-01-26T20:10:05.974+0000] {logging_mixin.py:188} INFO - [2024-01-26T20:10:05.974+0000] {dagbag.py:538} INFO - Filling up the DagBag from /opt/airflow/dags/yellow_cabs_project.py
[2024-01-26T20:10:06.179+0000] {processor.py:840} INFO - DAG(s) 'yellow_cabs_dag' retrieved from /opt/airflow/dags/yellow_cabs_project.py
[2024-01-26T20:10:06.189+0000] {logging_mixin.py:188} INFO - [2024-01-26T20:10:06.189+0000] {dag.py:3033} INFO - Sync 1 DAGs
[2024-01-26T20:10:06.196+0000] {logging_mixin.py:188} INFO - [2024-01-26T20:10:06.196+0000] {dag.py:3820} INFO - Setting next_dagrun for yellow_cabs_dag to 2024-01-26T00:00:00+00:00, run_after=2024-01-27T00:00:00+00:00
[2024-01-26T20:10:06.203+0000] {processor.py:183} INFO - Processing /opt/airflow/dags/yellow_cabs_project.py took 0.235 seconds
[2024-01-26T20:10:36.409+0000] {processor.py:161} INFO - Started process (PID=347) to work on /opt/airflow/dags/yellow_cabs_project.py
[2024-01-26T20:10:36.410+0000] {processor.py:830} INFO - Processing file /opt/airflow/dags/yellow_cabs_project.py for tasks to queue
[2024-01-26T20:10:36.413+0000] {logging_mixin.py:188} INFO - [2024-01-26T20:10:36.412+0000] {dagbag.py:538} INFO - Filling up the DagBag from /opt/airflow/dags/yellow_cabs_project.py
[2024-01-26T20:10:36.616+0000] {processor.py:840} INFO - DAG(s) 'yellow_cabs_dag' retrieved from /opt/airflow/dags/yellow_cabs_project.py
[2024-01-26T20:10:36.626+0000] {logging_mixin.py:188} INFO - [2024-01-26T20:10:36.625+0000] {dag.py:3033} INFO - Sync 1 DAGs
[2024-01-26T20:10:36.633+0000] {logging_mixin.py:188} INFO - [2024-01-26T20:10:36.633+0000] {dag.py:3820} INFO - Setting next_dagrun for yellow_cabs_dag to 2024-01-26T00:00:00+00:00, run_after=2024-01-27T00:00:00+00:00
[2024-01-26T20:10:36.639+0000] {processor.py:183} INFO - Processing /opt/airflow/dags/yellow_cabs_project.py took 0.234 seconds
[2024-01-26T20:11:06.910+0000] {processor.py:161} INFO - Started process (PID=354) to work on /opt/airflow/dags/yellow_cabs_project.py
[2024-01-26T20:11:06.911+0000] {processor.py:830} INFO - Processing file /opt/airflow/dags/yellow_cabs_project.py for tasks to queue
[2024-01-26T20:11:06.914+0000] {logging_mixin.py:188} INFO - [2024-01-26T20:11:06.914+0000] {dagbag.py:538} INFO - Filling up the DagBag from /opt/airflow/dags/yellow_cabs_project.py
[2024-01-26T20:11:07.120+0000] {processor.py:840} INFO - DAG(s) 'yellow_cabs_dag' retrieved from /opt/airflow/dags/yellow_cabs_project.py
[2024-01-26T20:11:07.130+0000] {logging_mixin.py:188} INFO - [2024-01-26T20:11:07.130+0000] {dag.py:3033} INFO - Sync 1 DAGs
[2024-01-26T20:11:07.138+0000] {logging_mixin.py:188} INFO - [2024-01-26T20:11:07.137+0000] {dag.py:3820} INFO - Setting next_dagrun for yellow_cabs_dag to 2024-01-26T00:00:00+00:00, run_after=2024-01-27T00:00:00+00:00
[2024-01-26T20:11:07.145+0000] {processor.py:183} INFO - Processing /opt/airflow/dags/yellow_cabs_project.py took 0.240 seconds
[2024-01-26T20:11:37.337+0000] {processor.py:161} INFO - Started process (PID=362) to work on /opt/airflow/dags/yellow_cabs_project.py
[2024-01-26T20:11:37.339+0000] {processor.py:830} INFO - Processing file /opt/airflow/dags/yellow_cabs_project.py for tasks to queue
[2024-01-26T20:11:37.341+0000] {logging_mixin.py:188} INFO - [2024-01-26T20:11:37.341+0000] {dagbag.py:538} INFO - Filling up the DagBag from /opt/airflow/dags/yellow_cabs_project.py
[2024-01-26T20:11:37.548+0000] {processor.py:840} INFO - DAG(s) 'yellow_cabs_dag' retrieved from /opt/airflow/dags/yellow_cabs_project.py
[2024-01-26T20:11:37.557+0000] {logging_mixin.py:188} INFO - [2024-01-26T20:11:37.557+0000] {dag.py:3033} INFO - Sync 1 DAGs
[2024-01-26T20:11:37.566+0000] {logging_mixin.py:188} INFO - [2024-01-26T20:11:37.566+0000] {dag.py:3820} INFO - Setting next_dagrun for yellow_cabs_dag to 2024-01-26T00:00:00+00:00, run_after=2024-01-27T00:00:00+00:00
[2024-01-26T20:11:37.572+0000] {processor.py:183} INFO - Processing /opt/airflow/dags/yellow_cabs_project.py took 0.239 seconds
[2024-01-26T20:12:07.775+0000] {processor.py:161} INFO - Started process (PID=370) to work on /opt/airflow/dags/yellow_cabs_project.py
[2024-01-26T20:12:07.776+0000] {processor.py:830} INFO - Processing file /opt/airflow/dags/yellow_cabs_project.py for tasks to queue
[2024-01-26T20:12:07.779+0000] {logging_mixin.py:188} INFO - [2024-01-26T20:12:07.779+0000] {dagbag.py:538} INFO - Filling up the DagBag from /opt/airflow/dags/yellow_cabs_project.py
[2024-01-26T20:12:07.992+0000] {processor.py:840} INFO - DAG(s) 'yellow_cabs_dag' retrieved from /opt/airflow/dags/yellow_cabs_project.py
[2024-01-26T20:12:08.002+0000] {logging_mixin.py:188} INFO - [2024-01-26T20:12:08.002+0000] {dag.py:3033} INFO - Sync 1 DAGs
[2024-01-26T20:12:08.010+0000] {logging_mixin.py:188} INFO - [2024-01-26T20:12:08.010+0000] {dag.py:3820} INFO - Setting next_dagrun for yellow_cabs_dag to 2024-01-26T00:00:00+00:00, run_after=2024-01-27T00:00:00+00:00
[2024-01-26T20:12:08.017+0000] {processor.py:183} INFO - Processing /opt/airflow/dags/yellow_cabs_project.py took 0.247 seconds
[2024-01-26T20:12:38.233+0000] {processor.py:161} INFO - Started process (PID=378) to work on /opt/airflow/dags/yellow_cabs_project.py
[2024-01-26T20:12:38.235+0000] {processor.py:830} INFO - Processing file /opt/airflow/dags/yellow_cabs_project.py for tasks to queue
[2024-01-26T20:12:38.238+0000] {logging_mixin.py:188} INFO - [2024-01-26T20:12:38.238+0000] {dagbag.py:538} INFO - Filling up the DagBag from /opt/airflow/dags/yellow_cabs_project.py
[2024-01-26T20:12:38.438+0000] {processor.py:840} INFO - DAG(s) 'yellow_cabs_dag' retrieved from /opt/airflow/dags/yellow_cabs_project.py
[2024-01-26T20:12:38.448+0000] {logging_mixin.py:188} INFO - [2024-01-26T20:12:38.447+0000] {dag.py:3033} INFO - Sync 1 DAGs
[2024-01-26T20:12:38.455+0000] {logging_mixin.py:188} INFO - [2024-01-26T20:12:38.455+0000] {dag.py:3820} INFO - Setting next_dagrun for yellow_cabs_dag to 2024-01-26T00:00:00+00:00, run_after=2024-01-27T00:00:00+00:00
[2024-01-26T20:12:38.462+0000] {processor.py:183} INFO - Processing /opt/airflow/dags/yellow_cabs_project.py took 0.234 seconds
[2024-01-26T20:13:08.657+0000] {processor.py:161} INFO - Started process (PID=385) to work on /opt/airflow/dags/yellow_cabs_project.py
[2024-01-26T20:13:08.659+0000] {processor.py:830} INFO - Processing file /opt/airflow/dags/yellow_cabs_project.py for tasks to queue
[2024-01-26T20:13:08.662+0000] {logging_mixin.py:188} INFO - [2024-01-26T20:13:08.661+0000] {dagbag.py:538} INFO - Filling up the DagBag from /opt/airflow/dags/yellow_cabs_project.py
[2024-01-26T20:13:08.866+0000] {processor.py:840} INFO - DAG(s) 'yellow_cabs_dag' retrieved from /opt/airflow/dags/yellow_cabs_project.py
[2024-01-26T20:13:08.875+0000] {logging_mixin.py:188} INFO - [2024-01-26T20:13:08.875+0000] {dag.py:3033} INFO - Sync 1 DAGs
[2024-01-26T20:13:08.884+0000] {logging_mixin.py:188} INFO - [2024-01-26T20:13:08.884+0000] {dag.py:3820} INFO - Setting next_dagrun for yellow_cabs_dag to 2024-01-26T00:00:00+00:00, run_after=2024-01-27T00:00:00+00:00
[2024-01-26T20:13:08.891+0000] {processor.py:183} INFO - Processing /opt/airflow/dags/yellow_cabs_project.py took 0.238 seconds
[2024-01-26T20:13:39.097+0000] {processor.py:161} INFO - Started process (PID=393) to work on /opt/airflow/dags/yellow_cabs_project.py
[2024-01-26T20:13:39.098+0000] {processor.py:830} INFO - Processing file /opt/airflow/dags/yellow_cabs_project.py for tasks to queue
[2024-01-26T20:13:39.101+0000] {logging_mixin.py:188} INFO - [2024-01-26T20:13:39.100+0000] {dagbag.py:538} INFO - Filling up the DagBag from /opt/airflow/dags/yellow_cabs_project.py
[2024-01-26T20:13:39.291+0000] {processor.py:840} INFO - DAG(s) 'yellow_cabs_dag' retrieved from /opt/airflow/dags/yellow_cabs_project.py
[2024-01-26T20:13:39.300+0000] {logging_mixin.py:188} INFO - [2024-01-26T20:13:39.300+0000] {dag.py:3033} INFO - Sync 1 DAGs
[2024-01-26T20:13:39.308+0000] {logging_mixin.py:188} INFO - [2024-01-26T20:13:39.308+0000] {dag.py:3820} INFO - Setting next_dagrun for yellow_cabs_dag to 2024-01-26T00:00:00+00:00, run_after=2024-01-27T00:00:00+00:00
[2024-01-26T20:13:39.314+0000] {processor.py:183} INFO - Processing /opt/airflow/dags/yellow_cabs_project.py took 0.220 seconds
[2024-01-26T20:14:09.510+0000] {processor.py:161} INFO - Started process (PID=401) to work on /opt/airflow/dags/yellow_cabs_project.py
[2024-01-26T20:14:09.512+0000] {processor.py:830} INFO - Processing file /opt/airflow/dags/yellow_cabs_project.py for tasks to queue
[2024-01-26T20:14:09.515+0000] {logging_mixin.py:188} INFO - [2024-01-26T20:14:09.515+0000] {dagbag.py:538} INFO - Filling up the DagBag from /opt/airflow/dags/yellow_cabs_project.py
[2024-01-26T20:14:09.762+0000] {processor.py:840} INFO - DAG(s) 'yellow_cabs_dag' retrieved from /opt/airflow/dags/yellow_cabs_project.py
[2024-01-26T20:14:09.774+0000] {logging_mixin.py:188} INFO - [2024-01-26T20:14:09.773+0000] {dag.py:3033} INFO - Sync 1 DAGs
[2024-01-26T20:14:09.783+0000] {logging_mixin.py:188} INFO - [2024-01-26T20:14:09.782+0000] {dag.py:3820} INFO - Setting next_dagrun for yellow_cabs_dag to 2024-01-26T00:00:00+00:00, run_after=2024-01-27T00:00:00+00:00
[2024-01-26T20:14:09.790+0000] {processor.py:183} INFO - Processing /opt/airflow/dags/yellow_cabs_project.py took 0.285 seconds
[2024-01-26T20:14:40.002+0000] {processor.py:161} INFO - Started process (PID=409) to work on /opt/airflow/dags/yellow_cabs_project.py
[2024-01-26T20:14:40.004+0000] {processor.py:830} INFO - Processing file /opt/airflow/dags/yellow_cabs_project.py for tasks to queue
[2024-01-26T20:14:40.006+0000] {logging_mixin.py:188} INFO - [2024-01-26T20:14:40.006+0000] {dagbag.py:538} INFO - Filling up the DagBag from /opt/airflow/dags/yellow_cabs_project.py
[2024-01-26T20:14:40.208+0000] {processor.py:840} INFO - DAG(s) 'yellow_cabs_dag' retrieved from /opt/airflow/dags/yellow_cabs_project.py
[2024-01-26T20:14:40.217+0000] {logging_mixin.py:188} INFO - [2024-01-26T20:14:40.217+0000] {dag.py:3033} INFO - Sync 1 DAGs
[2024-01-26T20:14:40.225+0000] {logging_mixin.py:188} INFO - [2024-01-26T20:14:40.225+0000] {dag.py:3820} INFO - Setting next_dagrun for yellow_cabs_dag to 2024-01-26T00:00:00+00:00, run_after=2024-01-27T00:00:00+00:00
[2024-01-26T20:14:40.232+0000] {processor.py:183} INFO - Processing /opt/airflow/dags/yellow_cabs_project.py took 0.235 seconds
[2024-01-26T20:15:10.415+0000] {processor.py:161} INFO - Started process (PID=417) to work on /opt/airflow/dags/yellow_cabs_project.py
[2024-01-26T20:15:10.417+0000] {processor.py:830} INFO - Processing file /opt/airflow/dags/yellow_cabs_project.py for tasks to queue
[2024-01-26T20:15:10.419+0000] {logging_mixin.py:188} INFO - [2024-01-26T20:15:10.419+0000] {dagbag.py:538} INFO - Filling up the DagBag from /opt/airflow/dags/yellow_cabs_project.py
[2024-01-26T20:15:10.618+0000] {processor.py:840} INFO - DAG(s) 'yellow_cabs_dag' retrieved from /opt/airflow/dags/yellow_cabs_project.py
[2024-01-26T20:15:10.627+0000] {logging_mixin.py:188} INFO - [2024-01-26T20:15:10.627+0000] {dag.py:3033} INFO - Sync 1 DAGs
[2024-01-26T20:15:10.636+0000] {logging_mixin.py:188} INFO - [2024-01-26T20:15:10.636+0000] {dag.py:3820} INFO - Setting next_dagrun for yellow_cabs_dag to 2024-01-26T00:00:00+00:00, run_after=2024-01-27T00:00:00+00:00
[2024-01-26T20:15:10.643+0000] {processor.py:183} INFO - Processing /opt/airflow/dags/yellow_cabs_project.py took 0.233 seconds
[2024-01-26T20:15:40.897+0000] {processor.py:161} INFO - Started process (PID=425) to work on /opt/airflow/dags/yellow_cabs_project.py
[2024-01-26T20:15:40.899+0000] {processor.py:830} INFO - Processing file /opt/airflow/dags/yellow_cabs_project.py for tasks to queue
[2024-01-26T20:15:40.901+0000] {logging_mixin.py:188} INFO - [2024-01-26T20:15:40.901+0000] {dagbag.py:538} INFO - Filling up the DagBag from /opt/airflow/dags/yellow_cabs_project.py
[2024-01-26T20:15:41.099+0000] {processor.py:840} INFO - DAG(s) 'yellow_cabs_dag' retrieved from /opt/airflow/dags/yellow_cabs_project.py
[2024-01-26T20:15:41.109+0000] {logging_mixin.py:188} INFO - [2024-01-26T20:15:41.108+0000] {dag.py:3033} INFO - Sync 1 DAGs
[2024-01-26T20:15:41.116+0000] {logging_mixin.py:188} INFO - [2024-01-26T20:15:41.116+0000] {dag.py:3820} INFO - Setting next_dagrun for yellow_cabs_dag to 2024-01-26T00:00:00+00:00, run_after=2024-01-27T00:00:00+00:00
[2024-01-26T20:15:41.123+0000] {processor.py:183} INFO - Processing /opt/airflow/dags/yellow_cabs_project.py took 0.232 seconds
[2024-01-26T20:16:11.307+0000] {processor.py:161} INFO - Started process (PID=432) to work on /opt/airflow/dags/yellow_cabs_project.py
[2024-01-26T20:16:11.310+0000] {processor.py:830} INFO - Processing file /opt/airflow/dags/yellow_cabs_project.py for tasks to queue
[2024-01-26T20:16:11.313+0000] {logging_mixin.py:188} INFO - [2024-01-26T20:16:11.312+0000] {dagbag.py:538} INFO - Filling up the DagBag from /opt/airflow/dags/yellow_cabs_project.py
[2024-01-26T20:16:11.509+0000] {processor.py:840} INFO - DAG(s) 'yellow_cabs_dag' retrieved from /opt/airflow/dags/yellow_cabs_project.py
[2024-01-26T20:16:11.519+0000] {logging_mixin.py:188} INFO - [2024-01-26T20:16:11.518+0000] {dag.py:3033} INFO - Sync 1 DAGs
[2024-01-26T20:16:11.526+0000] {logging_mixin.py:188} INFO - [2024-01-26T20:16:11.526+0000] {dag.py:3820} INFO - Setting next_dagrun for yellow_cabs_dag to 2024-01-26T00:00:00+00:00, run_after=2024-01-27T00:00:00+00:00
[2024-01-26T20:16:11.532+0000] {processor.py:183} INFO - Processing /opt/airflow/dags/yellow_cabs_project.py took 0.230 seconds
[2024-01-26T20:16:41.772+0000] {processor.py:161} INFO - Started process (PID=440) to work on /opt/airflow/dags/yellow_cabs_project.py
[2024-01-26T20:16:41.773+0000] {processor.py:830} INFO - Processing file /opt/airflow/dags/yellow_cabs_project.py for tasks to queue
[2024-01-26T20:16:41.775+0000] {logging_mixin.py:188} INFO - [2024-01-26T20:16:41.775+0000] {dagbag.py:538} INFO - Filling up the DagBag from /opt/airflow/dags/yellow_cabs_project.py
[2024-01-26T20:16:41.970+0000] {processor.py:840} INFO - DAG(s) 'yellow_cabs_dag' retrieved from /opt/airflow/dags/yellow_cabs_project.py
[2024-01-26T20:16:41.979+0000] {logging_mixin.py:188} INFO - [2024-01-26T20:16:41.979+0000] {dag.py:3033} INFO - Sync 1 DAGs
[2024-01-26T20:16:41.987+0000] {logging_mixin.py:188} INFO - [2024-01-26T20:16:41.987+0000] {dag.py:3820} INFO - Setting next_dagrun for yellow_cabs_dag to 2024-01-26T00:00:00+00:00, run_after=2024-01-27T00:00:00+00:00
[2024-01-26T20:16:41.994+0000] {processor.py:183} INFO - Processing /opt/airflow/dags/yellow_cabs_project.py took 0.227 seconds
[2024-01-26T20:17:12.204+0000] {processor.py:161} INFO - Started process (PID=448) to work on /opt/airflow/dags/yellow_cabs_project.py
[2024-01-26T20:17:12.206+0000] {processor.py:830} INFO - Processing file /opt/airflow/dags/yellow_cabs_project.py for tasks to queue
[2024-01-26T20:17:12.208+0000] {logging_mixin.py:188} INFO - [2024-01-26T20:17:12.208+0000] {dagbag.py:538} INFO - Filling up the DagBag from /opt/airflow/dags/yellow_cabs_project.py
[2024-01-26T20:17:12.436+0000] {processor.py:840} INFO - DAG(s) 'yellow_cabs_dag' retrieved from /opt/airflow/dags/yellow_cabs_project.py
[2024-01-26T20:17:12.445+0000] {logging_mixin.py:188} INFO - [2024-01-26T20:17:12.445+0000] {dag.py:3033} INFO - Sync 1 DAGs
[2024-01-26T20:17:12.454+0000] {logging_mixin.py:188} INFO - [2024-01-26T20:17:12.454+0000] {dag.py:3820} INFO - Setting next_dagrun for yellow_cabs_dag to 2024-01-26T00:00:00+00:00, run_after=2024-01-27T00:00:00+00:00
[2024-01-26T20:17:12.461+0000] {processor.py:183} INFO - Processing /opt/airflow/dags/yellow_cabs_project.py took 0.262 seconds
[2024-01-26T20:17:42.635+0000] {processor.py:161} INFO - Started process (PID=456) to work on /opt/airflow/dags/yellow_cabs_project.py
[2024-01-26T20:17:42.636+0000] {processor.py:830} INFO - Processing file /opt/airflow/dags/yellow_cabs_project.py for tasks to queue
[2024-01-26T20:17:42.640+0000] {logging_mixin.py:188} INFO - [2024-01-26T20:17:42.639+0000] {dagbag.py:538} INFO - Filling up the DagBag from /opt/airflow/dags/yellow_cabs_project.py
[2024-01-26T20:17:42.853+0000] {processor.py:840} INFO - DAG(s) 'yellow_cabs_dag' retrieved from /opt/airflow/dags/yellow_cabs_project.py
[2024-01-26T20:17:42.863+0000] {logging_mixin.py:188} INFO - [2024-01-26T20:17:42.862+0000] {dag.py:3033} INFO - Sync 1 DAGs
[2024-01-26T20:17:42.871+0000] {logging_mixin.py:188} INFO - [2024-01-26T20:17:42.870+0000] {dag.py:3820} INFO - Setting next_dagrun for yellow_cabs_dag to 2024-01-26T00:00:00+00:00, run_after=2024-01-27T00:00:00+00:00
[2024-01-26T20:17:42.877+0000] {processor.py:183} INFO - Processing /opt/airflow/dags/yellow_cabs_project.py took 0.246 seconds
[2024-01-26T20:18:13.086+0000] {processor.py:161} INFO - Started process (PID=464) to work on /opt/airflow/dags/yellow_cabs_project.py
[2024-01-26T20:18:13.087+0000] {processor.py:830} INFO - Processing file /opt/airflow/dags/yellow_cabs_project.py for tasks to queue
[2024-01-26T20:18:13.090+0000] {logging_mixin.py:188} INFO - [2024-01-26T20:18:13.089+0000] {dagbag.py:538} INFO - Filling up the DagBag from /opt/airflow/dags/yellow_cabs_project.py
[2024-01-26T20:18:13.325+0000] {processor.py:840} INFO - DAG(s) 'yellow_cabs_dag' retrieved from /opt/airflow/dags/yellow_cabs_project.py
[2024-01-26T20:18:13.335+0000] {logging_mixin.py:188} INFO - [2024-01-26T20:18:13.334+0000] {dag.py:3033} INFO - Sync 1 DAGs
[2024-01-26T20:18:13.344+0000] {logging_mixin.py:188} INFO - [2024-01-26T20:18:13.344+0000] {dag.py:3820} INFO - Setting next_dagrun for yellow_cabs_dag to 2024-01-26T00:00:00+00:00, run_after=2024-01-27T00:00:00+00:00
[2024-01-26T20:18:13.351+0000] {processor.py:183} INFO - Processing /opt/airflow/dags/yellow_cabs_project.py took 0.269 seconds
[2024-01-26T20:18:43.561+0000] {processor.py:161} INFO - Started process (PID=472) to work on /opt/airflow/dags/yellow_cabs_project.py
[2024-01-26T20:18:43.562+0000] {processor.py:830} INFO - Processing file /opt/airflow/dags/yellow_cabs_project.py for tasks to queue
[2024-01-26T20:18:43.564+0000] {logging_mixin.py:188} INFO - [2024-01-26T20:18:43.564+0000] {dagbag.py:538} INFO - Filling up the DagBag from /opt/airflow/dags/yellow_cabs_project.py
[2024-01-26T20:18:43.771+0000] {processor.py:840} INFO - DAG(s) 'yellow_cabs_dag' retrieved from /opt/airflow/dags/yellow_cabs_project.py
[2024-01-26T20:18:43.780+0000] {logging_mixin.py:188} INFO - [2024-01-26T20:18:43.780+0000] {dag.py:3033} INFO - Sync 1 DAGs
[2024-01-26T20:18:43.788+0000] {logging_mixin.py:188} INFO - [2024-01-26T20:18:43.788+0000] {dag.py:3820} INFO - Setting next_dagrun for yellow_cabs_dag to 2024-01-26T00:00:00+00:00, run_after=2024-01-27T00:00:00+00:00
[2024-01-26T20:18:43.794+0000] {processor.py:183} INFO - Processing /opt/airflow/dags/yellow_cabs_project.py took 0.237 seconds
[2024-01-26T20:19:14.000+0000] {processor.py:161} INFO - Started process (PID=481) to work on /opt/airflow/dags/yellow_cabs_project.py
[2024-01-26T20:19:14.001+0000] {processor.py:830} INFO - Processing file /opt/airflow/dags/yellow_cabs_project.py for tasks to queue
[2024-01-26T20:19:14.003+0000] {logging_mixin.py:188} INFO - [2024-01-26T20:19:14.003+0000] {dagbag.py:538} INFO - Filling up the DagBag from /opt/airflow/dags/yellow_cabs_project.py
[2024-01-26T20:19:14.233+0000] {processor.py:840} INFO - DAG(s) 'yellow_cabs_dag' retrieved from /opt/airflow/dags/yellow_cabs_project.py
[2024-01-26T20:19:14.248+0000] {logging_mixin.py:188} INFO - [2024-01-26T20:19:14.247+0000] {dag.py:3033} INFO - Sync 1 DAGs
[2024-01-26T20:19:14.256+0000] {logging_mixin.py:188} INFO - [2024-01-26T20:19:14.256+0000] {dag.py:3820} INFO - Setting next_dagrun for yellow_cabs_dag to 2024-01-26T00:00:00+00:00, run_after=2024-01-27T00:00:00+00:00
[2024-01-26T20:19:14.263+0000] {processor.py:183} INFO - Processing /opt/airflow/dags/yellow_cabs_project.py took 0.266 seconds
[2024-01-26T20:19:44.452+0000] {processor.py:161} INFO - Started process (PID=489) to work on /opt/airflow/dags/yellow_cabs_project.py
[2024-01-26T20:19:44.453+0000] {processor.py:830} INFO - Processing file /opt/airflow/dags/yellow_cabs_project.py for tasks to queue
[2024-01-26T20:19:44.454+0000] {logging_mixin.py:188} INFO - [2024-01-26T20:19:44.454+0000] {dagbag.py:538} INFO - Filling up the DagBag from /opt/airflow/dags/yellow_cabs_project.py
[2024-01-26T20:19:44.666+0000] {processor.py:840} INFO - DAG(s) 'yellow_cabs_dag' retrieved from /opt/airflow/dags/yellow_cabs_project.py
[2024-01-26T20:19:44.680+0000] {logging_mixin.py:188} INFO - [2024-01-26T20:19:44.679+0000] {dag.py:3033} INFO - Sync 1 DAGs
[2024-01-26T20:19:44.689+0000] {logging_mixin.py:188} INFO - [2024-01-26T20:19:44.689+0000] {dag.py:3820} INFO - Setting next_dagrun for yellow_cabs_dag to 2024-01-26T00:00:00+00:00, run_after=2024-01-27T00:00:00+00:00
[2024-01-26T20:19:44.698+0000] {processor.py:183} INFO - Processing /opt/airflow/dags/yellow_cabs_project.py took 0.249 seconds
[2024-01-26T20:20:14.901+0000] {processor.py:161} INFO - Started process (PID=498) to work on /opt/airflow/dags/yellow_cabs_project.py
[2024-01-26T20:20:14.902+0000] {processor.py:830} INFO - Processing file /opt/airflow/dags/yellow_cabs_project.py for tasks to queue
[2024-01-26T20:20:14.903+0000] {logging_mixin.py:188} INFO - [2024-01-26T20:20:14.903+0000] {dagbag.py:538} INFO - Filling up the DagBag from /opt/airflow/dags/yellow_cabs_project.py
[2024-01-26T20:20:15.105+0000] {processor.py:840} INFO - DAG(s) 'yellow_cabs_dag' retrieved from /opt/airflow/dags/yellow_cabs_project.py
[2024-01-26T20:20:15.115+0000] {logging_mixin.py:188} INFO - [2024-01-26T20:20:15.115+0000] {dag.py:3033} INFO - Sync 1 DAGs
[2024-01-26T20:20:15.124+0000] {logging_mixin.py:188} INFO - [2024-01-26T20:20:15.123+0000] {dag.py:3820} INFO - Setting next_dagrun for yellow_cabs_dag to 2024-01-26T00:00:00+00:00, run_after=2024-01-27T00:00:00+00:00
[2024-01-26T20:20:15.131+0000] {processor.py:183} INFO - Processing /opt/airflow/dags/yellow_cabs_project.py took 0.233 seconds
[2024-01-26T20:20:45.366+0000] {processor.py:161} INFO - Started process (PID=506) to work on /opt/airflow/dags/yellow_cabs_project.py
[2024-01-26T20:20:45.367+0000] {processor.py:830} INFO - Processing file /opt/airflow/dags/yellow_cabs_project.py for tasks to queue
[2024-01-26T20:20:45.370+0000] {logging_mixin.py:188} INFO - [2024-01-26T20:20:45.369+0000] {dagbag.py:538} INFO - Filling up the DagBag from /opt/airflow/dags/yellow_cabs_project.py
[2024-01-26T20:20:45.568+0000] {processor.py:840} INFO - DAG(s) 'yellow_cabs_dag' retrieved from /opt/airflow/dags/yellow_cabs_project.py
[2024-01-26T20:20:45.578+0000] {logging_mixin.py:188} INFO - [2024-01-26T20:20:45.577+0000] {dag.py:3033} INFO - Sync 1 DAGs
[2024-01-26T20:20:45.586+0000] {logging_mixin.py:188} INFO - [2024-01-26T20:20:45.586+0000] {dag.py:3820} INFO - Setting next_dagrun for yellow_cabs_dag to 2024-01-26T00:00:00+00:00, run_after=2024-01-27T00:00:00+00:00
[2024-01-26T20:20:45.593+0000] {processor.py:183} INFO - Processing /opt/airflow/dags/yellow_cabs_project.py took 0.232 seconds
[2024-01-26T20:21:15.621+0000] {processor.py:161} INFO - Started process (PID=514) to work on /opt/airflow/dags/yellow_cabs_project.py
[2024-01-26T20:21:15.622+0000] {processor.py:830} INFO - Processing file /opt/airflow/dags/yellow_cabs_project.py for tasks to queue
[2024-01-26T20:21:15.625+0000] {logging_mixin.py:188} INFO - [2024-01-26T20:21:15.625+0000] {dagbag.py:538} INFO - Filling up the DagBag from /opt/airflow/dags/yellow_cabs_project.py
[2024-01-26T20:21:15.818+0000] {processor.py:840} INFO - DAG(s) 'yellow_cabs_dag' retrieved from /opt/airflow/dags/yellow_cabs_project.py
[2024-01-26T20:21:15.828+0000] {logging_mixin.py:188} INFO - [2024-01-26T20:21:15.827+0000] {dag.py:3033} INFO - Sync 1 DAGs
[2024-01-26T20:21:15.836+0000] {logging_mixin.py:188} INFO - [2024-01-26T20:21:15.836+0000] {dag.py:3820} INFO - Setting next_dagrun for yellow_cabs_dag to 2024-01-26T00:00:00+00:00, run_after=2024-01-27T00:00:00+00:00
[2024-01-26T20:21:15.843+0000] {processor.py:183} INFO - Processing /opt/airflow/dags/yellow_cabs_project.py took 0.226 seconds
[2024-01-26T20:21:46.108+0000] {processor.py:161} INFO - Started process (PID=522) to work on /opt/airflow/dags/yellow_cabs_project.py
[2024-01-26T20:21:46.110+0000] {processor.py:830} INFO - Processing file /opt/airflow/dags/yellow_cabs_project.py for tasks to queue
[2024-01-26T20:21:46.113+0000] {logging_mixin.py:188} INFO - [2024-01-26T20:21:46.112+0000] {dagbag.py:538} INFO - Filling up the DagBag from /opt/airflow/dags/yellow_cabs_project.py
[2024-01-26T20:21:46.313+0000] {processor.py:840} INFO - DAG(s) 'yellow_cabs_dag' retrieved from /opt/airflow/dags/yellow_cabs_project.py
[2024-01-26T20:21:46.323+0000] {logging_mixin.py:188} INFO - [2024-01-26T20:21:46.322+0000] {dag.py:3033} INFO - Sync 1 DAGs
[2024-01-26T20:21:46.330+0000] {logging_mixin.py:188} INFO - [2024-01-26T20:21:46.330+0000] {dag.py:3820} INFO - Setting next_dagrun for yellow_cabs_dag to 2024-01-26T00:00:00+00:00, run_after=2024-01-27T00:00:00+00:00
[2024-01-26T20:21:46.336+0000] {processor.py:183} INFO - Processing /opt/airflow/dags/yellow_cabs_project.py took 0.232 seconds
[2024-01-26T20:22:16.563+0000] {processor.py:161} INFO - Started process (PID=536) to work on /opt/airflow/dags/yellow_cabs_project.py
[2024-01-26T20:22:16.564+0000] {processor.py:830} INFO - Processing file /opt/airflow/dags/yellow_cabs_project.py for tasks to queue
[2024-01-26T20:22:16.565+0000] {logging_mixin.py:188} INFO - [2024-01-26T20:22:16.565+0000] {dagbag.py:538} INFO - Filling up the DagBag from /opt/airflow/dags/yellow_cabs_project.py
[2024-01-26T20:22:16.751+0000] {processor.py:840} INFO - DAG(s) 'yellow_cabs_dag' retrieved from /opt/airflow/dags/yellow_cabs_project.py
[2024-01-26T20:22:16.760+0000] {logging_mixin.py:188} INFO - [2024-01-26T20:22:16.760+0000] {dag.py:3033} INFO - Sync 1 DAGs
[2024-01-26T20:22:16.767+0000] {logging_mixin.py:188} INFO - [2024-01-26T20:22:16.767+0000] {dag.py:3820} INFO - Setting next_dagrun for yellow_cabs_dag to 2024-01-26T00:00:00+00:00, run_after=2024-01-27T00:00:00+00:00
[2024-01-26T20:22:16.774+0000] {processor.py:183} INFO - Processing /opt/airflow/dags/yellow_cabs_project.py took 0.213 seconds
[2024-01-26T20:22:46.853+0000] {processor.py:161} INFO - Started process (PID=544) to work on /opt/airflow/dags/yellow_cabs_project.py
[2024-01-26T20:22:46.854+0000] {processor.py:830} INFO - Processing file /opt/airflow/dags/yellow_cabs_project.py for tasks to queue
[2024-01-26T20:22:46.857+0000] {logging_mixin.py:188} INFO - [2024-01-26T20:22:46.857+0000] {dagbag.py:538} INFO - Filling up the DagBag from /opt/airflow/dags/yellow_cabs_project.py
[2024-01-26T20:22:47.056+0000] {processor.py:840} INFO - DAG(s) 'yellow_cabs_dag' retrieved from /opt/airflow/dags/yellow_cabs_project.py
[2024-01-26T20:22:47.066+0000] {logging_mixin.py:188} INFO - [2024-01-26T20:22:47.065+0000] {dag.py:3033} INFO - Sync 1 DAGs
[2024-01-26T20:22:47.073+0000] {logging_mixin.py:188} INFO - [2024-01-26T20:22:47.073+0000] {dag.py:3820} INFO - Setting next_dagrun for yellow_cabs_dag to 2024-01-26T00:00:00+00:00, run_after=2024-01-27T00:00:00+00:00
[2024-01-26T20:22:47.080+0000] {processor.py:183} INFO - Processing /opt/airflow/dags/yellow_cabs_project.py took 0.232 seconds
[2024-01-26T20:23:17.324+0000] {processor.py:161} INFO - Started process (PID=552) to work on /opt/airflow/dags/yellow_cabs_project.py
[2024-01-26T20:23:17.326+0000] {processor.py:830} INFO - Processing file /opt/airflow/dags/yellow_cabs_project.py for tasks to queue
[2024-01-26T20:23:17.328+0000] {logging_mixin.py:188} INFO - [2024-01-26T20:23:17.327+0000] {dagbag.py:538} INFO - Filling up the DagBag from /opt/airflow/dags/yellow_cabs_project.py
[2024-01-26T20:23:17.581+0000] {processor.py:840} INFO - DAG(s) 'yellow_cabs_dag' retrieved from /opt/airflow/dags/yellow_cabs_project.py
[2024-01-26T20:23:17.592+0000] {logging_mixin.py:188} INFO - [2024-01-26T20:23:17.592+0000] {dag.py:3033} INFO - Sync 1 DAGs
[2024-01-26T20:23:17.603+0000] {logging_mixin.py:188} INFO - [2024-01-26T20:23:17.603+0000] {dag.py:3820} INFO - Setting next_dagrun for yellow_cabs_dag to 2024-01-26T00:00:00+00:00, run_after=2024-01-27T00:00:00+00:00
[2024-01-26T20:23:17.610+0000] {processor.py:183} INFO - Processing /opt/airflow/dags/yellow_cabs_project.py took 0.289 seconds
[2024-01-26T20:23:47.829+0000] {processor.py:161} INFO - Started process (PID=561) to work on /opt/airflow/dags/yellow_cabs_project.py
[2024-01-26T20:23:47.830+0000] {processor.py:830} INFO - Processing file /opt/airflow/dags/yellow_cabs_project.py for tasks to queue
[2024-01-26T20:23:47.833+0000] {logging_mixin.py:188} INFO - [2024-01-26T20:23:47.833+0000] {dagbag.py:538} INFO - Filling up the DagBag from /opt/airflow/dags/yellow_cabs_project.py
[2024-01-26T20:23:48.031+0000] {processor.py:840} INFO - DAG(s) 'yellow_cabs_dag' retrieved from /opt/airflow/dags/yellow_cabs_project.py
[2024-01-26T20:23:48.040+0000] {logging_mixin.py:188} INFO - [2024-01-26T20:23:48.040+0000] {dag.py:3033} INFO - Sync 1 DAGs
[2024-01-26T20:23:48.048+0000] {logging_mixin.py:188} INFO - [2024-01-26T20:23:48.048+0000] {dag.py:3820} INFO - Setting next_dagrun for yellow_cabs_dag to 2024-01-26T00:00:00+00:00, run_after=2024-01-27T00:00:00+00:00
[2024-01-26T20:23:48.055+0000] {processor.py:183} INFO - Processing /opt/airflow/dags/yellow_cabs_project.py took 0.231 seconds
[2024-01-26T20:24:18.294+0000] {processor.py:161} INFO - Started process (PID=569) to work on /opt/airflow/dags/yellow_cabs_project.py
[2024-01-26T20:24:18.296+0000] {processor.py:830} INFO - Processing file /opt/airflow/dags/yellow_cabs_project.py for tasks to queue
[2024-01-26T20:24:18.298+0000] {logging_mixin.py:188} INFO - [2024-01-26T20:24:18.298+0000] {dagbag.py:538} INFO - Filling up the DagBag from /opt/airflow/dags/yellow_cabs_project.py
[2024-01-26T20:24:18.515+0000] {processor.py:840} INFO - DAG(s) 'yellow_cabs_dag' retrieved from /opt/airflow/dags/yellow_cabs_project.py
[2024-01-26T20:24:18.525+0000] {logging_mixin.py:188} INFO - [2024-01-26T20:24:18.524+0000] {dag.py:3033} INFO - Sync 1 DAGs
[2024-01-26T20:24:18.532+0000] {logging_mixin.py:188} INFO - [2024-01-26T20:24:18.532+0000] {dag.py:3820} INFO - Setting next_dagrun for yellow_cabs_dag to 2024-01-26T00:00:00+00:00, run_after=2024-01-27T00:00:00+00:00
[2024-01-26T20:24:18.539+0000] {processor.py:183} INFO - Processing /opt/airflow/dags/yellow_cabs_project.py took 0.249 seconds
[2024-01-26T20:24:48.796+0000] {processor.py:161} INFO - Started process (PID=578) to work on /opt/airflow/dags/yellow_cabs_project.py
[2024-01-26T20:24:48.797+0000] {processor.py:830} INFO - Processing file /opt/airflow/dags/yellow_cabs_project.py for tasks to queue
[2024-01-26T20:24:48.800+0000] {logging_mixin.py:188} INFO - [2024-01-26T20:24:48.799+0000] {dagbag.py:538} INFO - Filling up the DagBag from /opt/airflow/dags/yellow_cabs_project.py
[2024-01-26T20:24:49.000+0000] {processor.py:840} INFO - DAG(s) 'yellow_cabs_dag' retrieved from /opt/airflow/dags/yellow_cabs_project.py
[2024-01-26T20:24:49.010+0000] {logging_mixin.py:188} INFO - [2024-01-26T20:24:49.010+0000] {dag.py:3033} INFO - Sync 1 DAGs
[2024-01-26T20:24:49.018+0000] {logging_mixin.py:188} INFO - [2024-01-26T20:24:49.018+0000] {dag.py:3820} INFO - Setting next_dagrun for yellow_cabs_dag to 2024-01-26T00:00:00+00:00, run_after=2024-01-27T00:00:00+00:00
[2024-01-26T20:24:49.024+0000] {processor.py:183} INFO - Processing /opt/airflow/dags/yellow_cabs_project.py took 0.234 seconds
[2024-01-26T20:25:19.088+0000] {processor.py:161} INFO - Started process (PID=586) to work on /opt/airflow/dags/yellow_cabs_project.py
[2024-01-26T20:25:19.089+0000] {processor.py:830} INFO - Processing file /opt/airflow/dags/yellow_cabs_project.py for tasks to queue
[2024-01-26T20:25:19.093+0000] {logging_mixin.py:188} INFO - [2024-01-26T20:25:19.092+0000] {dagbag.py:538} INFO - Filling up the DagBag from /opt/airflow/dags/yellow_cabs_project.py
[2024-01-26T20:25:19.299+0000] {processor.py:840} INFO - DAG(s) 'yellow_cabs_dag' retrieved from /opt/airflow/dags/yellow_cabs_project.py
[2024-01-26T20:25:19.308+0000] {logging_mixin.py:188} INFO - [2024-01-26T20:25:19.308+0000] {dag.py:3033} INFO - Sync 1 DAGs
[2024-01-26T20:25:19.316+0000] {logging_mixin.py:188} INFO - [2024-01-26T20:25:19.316+0000] {dag.py:3820} INFO - Setting next_dagrun for yellow_cabs_dag to 2024-01-26T00:00:00+00:00, run_after=2024-01-27T00:00:00+00:00
[2024-01-26T20:25:19.323+0000] {processor.py:183} INFO - Processing /opt/airflow/dags/yellow_cabs_project.py took 0.240 seconds
[2024-01-26T20:25:49.568+0000] {processor.py:161} INFO - Started process (PID=595) to work on /opt/airflow/dags/yellow_cabs_project.py
[2024-01-26T20:25:49.569+0000] {processor.py:830} INFO - Processing file /opt/airflow/dags/yellow_cabs_project.py for tasks to queue
[2024-01-26T20:25:49.572+0000] {logging_mixin.py:188} INFO - [2024-01-26T20:25:49.571+0000] {dagbag.py:538} INFO - Filling up the DagBag from /opt/airflow/dags/yellow_cabs_project.py
[2024-01-26T20:25:49.769+0000] {processor.py:840} INFO - DAG(s) 'yellow_cabs_dag' retrieved from /opt/airflow/dags/yellow_cabs_project.py
[2024-01-26T20:25:49.779+0000] {logging_mixin.py:188} INFO - [2024-01-26T20:25:49.778+0000] {dag.py:3033} INFO - Sync 1 DAGs
[2024-01-26T20:25:49.786+0000] {logging_mixin.py:188} INFO - [2024-01-26T20:25:49.786+0000] {dag.py:3820} INFO - Setting next_dagrun for yellow_cabs_dag to 2024-01-26T00:00:00+00:00, run_after=2024-01-27T00:00:00+00:00
[2024-01-26T20:25:49.793+0000] {processor.py:183} INFO - Processing /opt/airflow/dags/yellow_cabs_project.py took 0.230 seconds
[2024-01-26T20:26:19.845+0000] {processor.py:161} INFO - Started process (PID=603) to work on /opt/airflow/dags/yellow_cabs_project.py
[2024-01-26T20:26:19.847+0000] {processor.py:830} INFO - Processing file /opt/airflow/dags/yellow_cabs_project.py for tasks to queue
[2024-01-26T20:26:19.850+0000] {logging_mixin.py:188} INFO - [2024-01-26T20:26:19.849+0000] {dagbag.py:538} INFO - Filling up the DagBag from /opt/airflow/dags/yellow_cabs_project.py
[2024-01-26T20:26:20.068+0000] {processor.py:840} INFO - DAG(s) 'yellow_cabs_dag' retrieved from /opt/airflow/dags/yellow_cabs_project.py
[2024-01-26T20:26:20.077+0000] {logging_mixin.py:188} INFO - [2024-01-26T20:26:20.076+0000] {dag.py:3033} INFO - Sync 1 DAGs
[2024-01-26T20:26:20.086+0000] {logging_mixin.py:188} INFO - [2024-01-26T20:26:20.086+0000] {dag.py:3820} INFO - Setting next_dagrun for yellow_cabs_dag to 2024-01-26T00:00:00+00:00, run_after=2024-01-27T00:00:00+00:00
[2024-01-26T20:26:20.093+0000] {processor.py:183} INFO - Processing /opt/airflow/dags/yellow_cabs_project.py took 0.252 seconds
[2024-01-26T20:26:50.166+0000] {processor.py:161} INFO - Started process (PID=611) to work on /opt/airflow/dags/yellow_cabs_project.py
[2024-01-26T20:26:50.168+0000] {processor.py:830} INFO - Processing file /opt/airflow/dags/yellow_cabs_project.py for tasks to queue
[2024-01-26T20:26:50.170+0000] {logging_mixin.py:188} INFO - [2024-01-26T20:26:50.170+0000] {dagbag.py:538} INFO - Filling up the DagBag from /opt/airflow/dags/yellow_cabs_project.py
[2024-01-26T20:26:50.369+0000] {processor.py:840} INFO - DAG(s) 'yellow_cabs_dag' retrieved from /opt/airflow/dags/yellow_cabs_project.py
[2024-01-26T20:26:50.378+0000] {logging_mixin.py:188} INFO - [2024-01-26T20:26:50.378+0000] {dag.py:3033} INFO - Sync 1 DAGs
[2024-01-26T20:26:50.386+0000] {logging_mixin.py:188} INFO - [2024-01-26T20:26:50.386+0000] {dag.py:3820} INFO - Setting next_dagrun for yellow_cabs_dag to 2024-01-26T00:00:00+00:00, run_after=2024-01-27T00:00:00+00:00
[2024-01-26T20:26:50.393+0000] {processor.py:183} INFO - Processing /opt/airflow/dags/yellow_cabs_project.py took 0.230 seconds
[2024-01-26T20:27:20.499+0000] {processor.py:161} INFO - Started process (PID=618) to work on /opt/airflow/dags/yellow_cabs_project.py
[2024-01-26T20:27:20.501+0000] {processor.py:830} INFO - Processing file /opt/airflow/dags/yellow_cabs_project.py for tasks to queue
[2024-01-26T20:27:20.503+0000] {logging_mixin.py:188} INFO - [2024-01-26T20:27:20.503+0000] {dagbag.py:538} INFO - Filling up the DagBag from /opt/airflow/dags/yellow_cabs_project.py
[2024-01-26T20:27:20.714+0000] {processor.py:840} INFO - DAG(s) 'yellow_cabs_dag' retrieved from /opt/airflow/dags/yellow_cabs_project.py
[2024-01-26T20:27:20.724+0000] {logging_mixin.py:188} INFO - [2024-01-26T20:27:20.723+0000] {dag.py:3033} INFO - Sync 1 DAGs
[2024-01-26T20:27:20.731+0000] {logging_mixin.py:188} INFO - [2024-01-26T20:27:20.731+0000] {dag.py:3820} INFO - Setting next_dagrun for yellow_cabs_dag to 2024-01-26T00:00:00+00:00, run_after=2024-01-27T00:00:00+00:00
[2024-01-26T20:27:20.738+0000] {processor.py:183} INFO - Processing /opt/airflow/dags/yellow_cabs_project.py took 0.243 seconds
[2024-01-26T20:27:25.679+0000] {processor.py:161} INFO - Started process (PID=620) to work on /opt/airflow/dags/yellow_cabs_project.py
[2024-01-26T20:27:25.680+0000] {processor.py:830} INFO - Processing file /opt/airflow/dags/yellow_cabs_project.py for tasks to queue
[2024-01-26T20:27:25.684+0000] {logging_mixin.py:188} INFO - [2024-01-26T20:27:25.683+0000] {dagbag.py:538} INFO - Filling up the DagBag from /opt/airflow/dags/yellow_cabs_project.py
[2024-01-26T20:27:25.887+0000] {processor.py:840} INFO - DAG(s) 'yellow_cabs_dag' retrieved from /opt/airflow/dags/yellow_cabs_project.py
[2024-01-26T20:27:25.897+0000] {logging_mixin.py:188} INFO - [2024-01-26T20:27:25.897+0000] {dag.py:3033} INFO - Sync 1 DAGs
[2024-01-26T20:27:25.904+0000] {logging_mixin.py:188} INFO - [2024-01-26T20:27:25.904+0000] {dag.py:3820} INFO - Setting next_dagrun for yellow_cabs_dag to 2024-01-26T00:00:00+00:00, run_after=2024-01-27T00:00:00+00:00
[2024-01-26T20:27:25.912+0000] {processor.py:183} INFO - Processing /opt/airflow/dags/yellow_cabs_project.py took 0.237 seconds
[2024-01-26T20:27:56.064+0000] {processor.py:161} INFO - Started process (PID=628) to work on /opt/airflow/dags/yellow_cabs_project.py
[2024-01-26T20:27:56.065+0000] {processor.py:830} INFO - Processing file /opt/airflow/dags/yellow_cabs_project.py for tasks to queue
[2024-01-26T20:27:56.069+0000] {logging_mixin.py:188} INFO - [2024-01-26T20:27:56.069+0000] {dagbag.py:538} INFO - Filling up the DagBag from /opt/airflow/dags/yellow_cabs_project.py
[2024-01-26T20:27:56.281+0000] {processor.py:840} INFO - DAG(s) 'yellow_cabs_dag' retrieved from /opt/airflow/dags/yellow_cabs_project.py
[2024-01-26T20:27:56.290+0000] {logging_mixin.py:188} INFO - [2024-01-26T20:27:56.289+0000] {dag.py:3033} INFO - Sync 1 DAGs
[2024-01-26T20:27:56.297+0000] {logging_mixin.py:188} INFO - [2024-01-26T20:27:56.297+0000] {dag.py:3820} INFO - Setting next_dagrun for yellow_cabs_dag to 2024-01-26T00:00:00+00:00, run_after=2024-01-27T00:00:00+00:00
[2024-01-26T20:27:56.304+0000] {processor.py:183} INFO - Processing /opt/airflow/dags/yellow_cabs_project.py took 0.245 seconds
[2024-01-26T20:28:26.467+0000] {processor.py:161} INFO - Started process (PID=636) to work on /opt/airflow/dags/yellow_cabs_project.py
[2024-01-26T20:28:26.468+0000] {processor.py:830} INFO - Processing file /opt/airflow/dags/yellow_cabs_project.py for tasks to queue
[2024-01-26T20:28:26.470+0000] {logging_mixin.py:188} INFO - [2024-01-26T20:28:26.470+0000] {dagbag.py:538} INFO - Filling up the DagBag from /opt/airflow/dags/yellow_cabs_project.py
[2024-01-26T20:28:26.691+0000] {processor.py:840} INFO - DAG(s) 'yellow_cabs_dag' retrieved from /opt/airflow/dags/yellow_cabs_project.py
[2024-01-26T20:28:26.734+0000] {logging_mixin.py:188} INFO - [2024-01-26T20:28:26.733+0000] {dag.py:3033} INFO - Sync 1 DAGs
[2024-01-26T20:28:26.742+0000] {logging_mixin.py:188} INFO - [2024-01-26T20:28:26.742+0000] {dag.py:3820} INFO - Setting next_dagrun for yellow_cabs_dag to 2024-01-26T00:00:00+00:00, run_after=2024-01-27T00:00:00+00:00
[2024-01-26T20:28:26.750+0000] {processor.py:183} INFO - Processing /opt/airflow/dags/yellow_cabs_project.py took 0.286 seconds
[2024-01-26T20:28:56.966+0000] {processor.py:161} INFO - Started process (PID=644) to work on /opt/airflow/dags/yellow_cabs_project.py
[2024-01-26T20:28:56.967+0000] {processor.py:830} INFO - Processing file /opt/airflow/dags/yellow_cabs_project.py for tasks to queue
[2024-01-26T20:28:56.971+0000] {logging_mixin.py:188} INFO - [2024-01-26T20:28:56.970+0000] {dagbag.py:538} INFO - Filling up the DagBag from /opt/airflow/dags/yellow_cabs_project.py
[2024-01-26T20:28:57.174+0000] {processor.py:840} INFO - DAG(s) 'yellow_cabs_dag' retrieved from /opt/airflow/dags/yellow_cabs_project.py
[2024-01-26T20:28:57.184+0000] {logging_mixin.py:188} INFO - [2024-01-26T20:28:57.183+0000] {dag.py:3033} INFO - Sync 1 DAGs
[2024-01-26T20:28:57.192+0000] {logging_mixin.py:188} INFO - [2024-01-26T20:28:57.192+0000] {dag.py:3820} INFO - Setting next_dagrun for yellow_cabs_dag to 2024-01-26T00:00:00+00:00, run_after=2024-01-27T00:00:00+00:00
[2024-01-26T20:28:57.199+0000] {processor.py:183} INFO - Processing /opt/airflow/dags/yellow_cabs_project.py took 0.239 seconds
[2024-01-26T20:29:27.407+0000] {processor.py:161} INFO - Started process (PID=651) to work on /opt/airflow/dags/yellow_cabs_project.py
[2024-01-26T20:29:27.408+0000] {processor.py:830} INFO - Processing file /opt/airflow/dags/yellow_cabs_project.py for tasks to queue
[2024-01-26T20:29:27.411+0000] {logging_mixin.py:188} INFO - [2024-01-26T20:29:27.410+0000] {dagbag.py:538} INFO - Filling up the DagBag from /opt/airflow/dags/yellow_cabs_project.py
[2024-01-26T20:29:27.611+0000] {processor.py:840} INFO - DAG(s) 'yellow_cabs_dag' retrieved from /opt/airflow/dags/yellow_cabs_project.py
[2024-01-26T20:29:27.620+0000] {logging_mixin.py:188} INFO - [2024-01-26T20:29:27.619+0000] {dag.py:3033} INFO - Sync 1 DAGs
[2024-01-26T20:29:27.628+0000] {logging_mixin.py:188} INFO - [2024-01-26T20:29:27.627+0000] {dag.py:3820} INFO - Setting next_dagrun for yellow_cabs_dag to 2024-01-26T00:00:00+00:00, run_after=2024-01-27T00:00:00+00:00
[2024-01-26T20:29:27.634+0000] {processor.py:183} INFO - Processing /opt/airflow/dags/yellow_cabs_project.py took 0.232 seconds
[2024-01-26T20:29:57.824+0000] {processor.py:161} INFO - Started process (PID=659) to work on /opt/airflow/dags/yellow_cabs_project.py
[2024-01-26T20:29:57.825+0000] {processor.py:830} INFO - Processing file /opt/airflow/dags/yellow_cabs_project.py for tasks to queue
[2024-01-26T20:29:57.827+0000] {logging_mixin.py:188} INFO - [2024-01-26T20:29:57.827+0000] {dagbag.py:538} INFO - Filling up the DagBag from /opt/airflow/dags/yellow_cabs_project.py
[2024-01-26T20:29:58.021+0000] {processor.py:840} INFO - DAG(s) 'yellow_cabs_dag' retrieved from /opt/airflow/dags/yellow_cabs_project.py
[2024-01-26T20:29:58.031+0000] {logging_mixin.py:188} INFO - [2024-01-26T20:29:58.030+0000] {dag.py:3033} INFO - Sync 1 DAGs
[2024-01-26T20:29:58.039+0000] {logging_mixin.py:188} INFO - [2024-01-26T20:29:58.039+0000] {dag.py:3820} INFO - Setting next_dagrun for yellow_cabs_dag to 2024-01-26T00:00:00+00:00, run_after=2024-01-27T00:00:00+00:00
[2024-01-26T20:29:58.045+0000] {processor.py:183} INFO - Processing /opt/airflow/dags/yellow_cabs_project.py took 0.225 seconds
[2024-01-26T20:30:28.079+0000] {processor.py:161} INFO - Started process (PID=667) to work on /opt/airflow/dags/yellow_cabs_project.py
[2024-01-26T20:30:28.081+0000] {processor.py:830} INFO - Processing file /opt/airflow/dags/yellow_cabs_project.py for tasks to queue
[2024-01-26T20:30:28.083+0000] {logging_mixin.py:188} INFO - [2024-01-26T20:30:28.083+0000] {dagbag.py:538} INFO - Filling up the DagBag from /opt/airflow/dags/yellow_cabs_project.py
[2024-01-26T20:30:28.289+0000] {processor.py:840} INFO - DAG(s) 'yellow_cabs_dag' retrieved from /opt/airflow/dags/yellow_cabs_project.py
[2024-01-26T20:30:28.299+0000] {logging_mixin.py:188} INFO - [2024-01-26T20:30:28.298+0000] {dag.py:3033} INFO - Sync 1 DAGs
[2024-01-26T20:30:28.307+0000] {logging_mixin.py:188} INFO - [2024-01-26T20:30:28.307+0000] {dag.py:3820} INFO - Setting next_dagrun for yellow_cabs_dag to 2024-01-26T00:00:00+00:00, run_after=2024-01-27T00:00:00+00:00
[2024-01-26T20:30:28.314+0000] {processor.py:183} INFO - Processing /opt/airflow/dags/yellow_cabs_project.py took 0.239 seconds
[2024-01-26T20:30:58.512+0000] {processor.py:161} INFO - Started process (PID=676) to work on /opt/airflow/dags/yellow_cabs_project.py
[2024-01-26T20:30:58.513+0000] {processor.py:830} INFO - Processing file /opt/airflow/dags/yellow_cabs_project.py for tasks to queue
[2024-01-26T20:30:58.517+0000] {logging_mixin.py:188} INFO - [2024-01-26T20:30:58.516+0000] {dagbag.py:538} INFO - Filling up the DagBag from /opt/airflow/dags/yellow_cabs_project.py
[2024-01-26T20:30:58.717+0000] {processor.py:840} INFO - DAG(s) 'yellow_cabs_dag' retrieved from /opt/airflow/dags/yellow_cabs_project.py
[2024-01-26T20:30:58.727+0000] {logging_mixin.py:188} INFO - [2024-01-26T20:30:58.726+0000] {dag.py:3033} INFO - Sync 1 DAGs
[2024-01-26T20:30:58.734+0000] {logging_mixin.py:188} INFO - [2024-01-26T20:30:58.734+0000] {dag.py:3820} INFO - Setting next_dagrun for yellow_cabs_dag to 2024-01-26T00:00:00+00:00, run_after=2024-01-27T00:00:00+00:00
[2024-01-26T20:30:58.741+0000] {processor.py:183} INFO - Processing /opt/airflow/dags/yellow_cabs_project.py took 0.234 seconds
[2024-01-26T20:31:28.973+0000] {processor.py:161} INFO - Started process (PID=684) to work on /opt/airflow/dags/yellow_cabs_project.py
[2024-01-26T20:31:28.974+0000] {processor.py:830} INFO - Processing file /opt/airflow/dags/yellow_cabs_project.py for tasks to queue
[2024-01-26T20:31:28.977+0000] {logging_mixin.py:188} INFO - [2024-01-26T20:31:28.976+0000] {dagbag.py:538} INFO - Filling up the DagBag from /opt/airflow/dags/yellow_cabs_project.py
[2024-01-26T20:31:29.176+0000] {processor.py:840} INFO - DAG(s) 'yellow_cabs_dag' retrieved from /opt/airflow/dags/yellow_cabs_project.py
[2024-01-26T20:31:29.185+0000] {logging_mixin.py:188} INFO - [2024-01-26T20:31:29.185+0000] {dag.py:3033} INFO - Sync 1 DAGs
[2024-01-26T20:31:29.193+0000] {logging_mixin.py:188} INFO - [2024-01-26T20:31:29.193+0000] {dag.py:3820} INFO - Setting next_dagrun for yellow_cabs_dag to 2024-01-26T00:00:00+00:00, run_after=2024-01-27T00:00:00+00:00
[2024-01-26T20:31:29.200+0000] {processor.py:183} INFO - Processing /opt/airflow/dags/yellow_cabs_project.py took 0.230 seconds
[2024-01-26T20:31:59.393+0000] {processor.py:161} INFO - Started process (PID=693) to work on /opt/airflow/dags/yellow_cabs_project.py
[2024-01-26T20:31:59.395+0000] {processor.py:830} INFO - Processing file /opt/airflow/dags/yellow_cabs_project.py for tasks to queue
[2024-01-26T20:31:59.397+0000] {logging_mixin.py:188} INFO - [2024-01-26T20:31:59.397+0000] {dagbag.py:538} INFO - Filling up the DagBag from /opt/airflow/dags/yellow_cabs_project.py
[2024-01-26T20:31:59.581+0000] {processor.py:840} INFO - DAG(s) 'yellow_cabs_dag' retrieved from /opt/airflow/dags/yellow_cabs_project.py
[2024-01-26T20:31:59.590+0000] {logging_mixin.py:188} INFO - [2024-01-26T20:31:59.589+0000] {dag.py:3033} INFO - Sync 1 DAGs
[2024-01-26T20:31:59.598+0000] {logging_mixin.py:188} INFO - [2024-01-26T20:31:59.598+0000] {dag.py:3820} INFO - Setting next_dagrun for yellow_cabs_dag to 2024-01-26T00:00:00+00:00, run_after=2024-01-27T00:00:00+00:00
[2024-01-26T20:31:59.604+0000] {processor.py:183} INFO - Processing /opt/airflow/dags/yellow_cabs_project.py took 0.213 seconds
[2024-01-26T20:34:04.568+0000] {processor.py:161} INFO - Started process (PID=31) to work on /opt/airflow/dags/yellow_cabs_project.py
[2024-01-26T20:34:04.573+0000] {processor.py:830} INFO - Processing file /opt/airflow/dags/yellow_cabs_project.py for tasks to queue
[2024-01-26T20:34:04.580+0000] {logging_mixin.py:188} INFO - [2024-01-26T20:34:04.579+0000] {dagbag.py:538} INFO - Filling up the DagBag from /opt/airflow/dags/yellow_cabs_project.py
[2024-01-26T20:34:07.140+0000] {processor.py:840} INFO - DAG(s) 'yellow_cabs_dag' retrieved from /opt/airflow/dags/yellow_cabs_project.py
[2024-01-26T20:34:07.480+0000] {logging_mixin.py:188} INFO - [2024-01-26T20:34:07.479+0000] {dag.py:3033} INFO - Sync 1 DAGs
[2024-01-26T20:34:07.500+0000] {logging_mixin.py:188} INFO - [2024-01-26T20:34:07.499+0000] {dag.py:3820} INFO - Setting next_dagrun for yellow_cabs_dag to 2024-01-26T00:00:00+00:00, run_after=2024-01-27T00:00:00+00:00
[2024-01-26T20:34:07.519+0000] {processor.py:183} INFO - Processing /opt/airflow/dags/yellow_cabs_project.py took 2.961 seconds
