[2024-01-29T18:41:20.685+0000] {taskinstance.py:1957} INFO - Dependencies all met for dep_context=non-requeueable deps ti=<TaskInstance: yellow_cabs_dag.yellow_cabs_upload scheduled__2024-01-20T00:00:00+00:00 [queued]>
[2024-01-29T18:41:20.702+0000] {taskinstance.py:1957} INFO - Dependencies all met for dep_context=requeueable deps ti=<TaskInstance: yellow_cabs_dag.yellow_cabs_upload scheduled__2024-01-20T00:00:00+00:00 [queued]>
[2024-01-29T18:41:20.704+0000] {taskinstance.py:2171} INFO - Starting attempt 1 of 1
[2024-01-29T18:41:21.240+0000] {taskinstance.py:2192} INFO - Executing <Task(PythonOperator): yellow_cabs_upload> on 2024-01-20 00:00:00+00:00
[2024-01-29T18:41:21.256+0000] {standard_task_runner.py:60} INFO - Started process 116 to run task
[2024-01-29T18:41:21.281+0000] {standard_task_runner.py:87} INFO - Running: ['***', 'tasks', 'run', 'yellow_cabs_dag', 'yellow_cabs_upload', 'scheduled__2024-01-20T00:00:00+00:00', '--job-id', '3', '--raw', '--subdir', 'DAGS_FOLDER/yellow_cabs_project.py', '--cfg-path', '/tmp/tmp9_ikgv20']
[2024-01-29T18:41:21.290+0000] {standard_task_runner.py:88} INFO - Job 3: Subtask yellow_cabs_upload
[2024-01-29T18:41:21.490+0000] {task_command.py:423} INFO - Running <TaskInstance: yellow_cabs_dag.yellow_cabs_upload scheduled__2024-01-20T00:00:00+00:00 [running]> on host d8c0631e3b56
[2024-01-29T18:41:21.631+0000] {taskinstance.py:2481} INFO - Exporting env vars: AIRFLOW_CTX_DAG_OWNER='***' AIRFLOW_CTX_DAG_ID='yellow_cabs_dag' AIRFLOW_CTX_TASK_ID='yellow_cabs_upload' AIRFLOW_CTX_EXECUTION_DATE='2024-01-20T00:00:00+00:00' AIRFLOW_CTX_TRY_NUMBER='1' AIRFLOW_CTX_DAG_RUN_ID='scheduled__2024-01-20T00:00:00+00:00'
[2024-01-29T18:41:48.420+0000] {local_task_job_runner.py:234} INFO - Task exited with return code -9
[2024-01-29T18:41:48.473+0000] {taskinstance.py:3281} INFO - 0 downstream tasks scheduled from follow-on schedule check
[2024-01-29T20:49:19.524+0000] {taskinstance.py:1957} INFO - Dependencies all met for dep_context=non-requeueable deps ti=<TaskInstance: yellow_cabs_dag.yellow_cabs_upload scheduled__2024-01-20T00:00:00+00:00 [queued]>
[2024-01-29T20:49:19.533+0000] {taskinstance.py:1957} INFO - Dependencies all met for dep_context=requeueable deps ti=<TaskInstance: yellow_cabs_dag.yellow_cabs_upload scheduled__2024-01-20T00:00:00+00:00 [queued]>
[2024-01-29T20:49:19.536+0000] {taskinstance.py:2171} INFO - Starting attempt 1 of 1
[2024-01-29T20:49:19.554+0000] {taskinstance.py:2192} INFO - Executing <Task(PythonOperator): yellow_cabs_upload> on 2024-01-20 00:00:00+00:00
[2024-01-29T20:49:19.564+0000] {standard_task_runner.py:60} INFO - Started process 76 to run task
[2024-01-29T20:49:19.594+0000] {standard_task_runner.py:87} INFO - Running: ['***', 'tasks', 'run', 'yellow_cabs_dag', 'yellow_cabs_upload', 'scheduled__2024-01-20T00:00:00+00:00', '--job-id', '3', '--raw', '--subdir', 'DAGS_FOLDER/yellow_cabs_project.py', '--cfg-path', '/tmp/tmpiez26av1']
[2024-01-29T20:49:19.614+0000] {standard_task_runner.py:88} INFO - Job 3: Subtask yellow_cabs_upload
[2024-01-29T20:49:19.734+0000] {task_command.py:423} INFO - Running <TaskInstance: yellow_cabs_dag.yellow_cabs_upload scheduled__2024-01-20T00:00:00+00:00 [running]> on host f4e12904d8b2
[2024-01-29T20:49:20.183+0000] {taskinstance.py:2481} INFO - Exporting env vars: AIRFLOW_CTX_DAG_OWNER='***' AIRFLOW_CTX_DAG_ID='yellow_cabs_dag' AIRFLOW_CTX_TASK_ID='yellow_cabs_upload' AIRFLOW_CTX_EXECUTION_DATE='2024-01-20T00:00:00+00:00' AIRFLOW_CTX_TRY_NUMBER='1' AIRFLOW_CTX_DAG_RUN_ID='scheduled__2024-01-20T00:00:00+00:00'
[2024-01-29T20:49:49.896+0000] {local_task_job_runner.py:234} INFO - Task exited with return code -9
[2024-01-29T20:49:49.998+0000] {taskinstance.py:3281} INFO - 0 downstream tasks scheduled from follow-on schedule check
